#-----------------------------------------------------------
# Vivado v2016.4 (64-bit)
# SW Build 1733598 on Wed Dec 14 22:35:39 MST 2016
# IP Build 1731160 on Wed Dec 14 23:47:21 MST 2016
# Start of session at: Tue Nov 07 15:22:47 2017
# Process ID: 6880
# Current directory: E:/Workspace/Vivado_16.4/2017_11_5_FFT
# Command line: vivado.exe -gui_launcher_event rodinguilauncherevent4956 E:\Workspace\Vivado_16.4\2017_11_5_FFT\FFT.xpr
# Log file: E:/Workspace/Vivado_16.4/2017_11_5_FFT/vivado.log
# Journal file: E:/Workspace/Vivado_16.4/2017_11_5_FFT\vivado.jou
#-----------------------------------------------------------
start_gui
open_project E:/Workspace/Vivado_16.4/2017_11_5_FFT/FFT.xpr
INFO: [Project 1-313] Project file moved from 'E:/Workspace/Vivado_16.4/2017_10_21_FFT' since last save.
Scanning sources...
Finished scanning sources
INFO: [IP_Flow 19-234] Refreshing IP repositories
INFO: [IP_Flow 19-1704] No user IP repositories specified
INFO: [IP_Flow 19-2313] Loaded Vivado IP repository 'E:/Softwares/Vivado/Vivado/2016.4/data/ip'.
open_project: Time (s): cpu = 00:00:17 ; elapsed = 00:00:08 . Memory (MB): peak = 816.016 ; gain = 142.383
launch_simulation
INFO: [Vivado 12-4795] Using compiled simulation libraries for IPs
INFO: [SIM-utils-51] Simulation object is 'sim_1'
INFO: [USF-XSim-7] Finding pre-compiled libraries...
INFO: [USF-XSim-11] File 'E:/Softwares/Vivado/Vivado/2016.4/data/xsim/ip/xsim_ip.ini' copied to run dir:'E:/Workspace/Vivado_16.4/2017_11_5_FFT/FFT.sim/sim_1/behav'
INFO: [USF-XSim-37] Inspecting design source files for 'tb_fft' in fileset 'sim_1'...
INFO: [SIM-utils-43] Exported 'E:/Workspace/Vivado_16.4/2017_11_5_FFT/FFT.sim/sim_1/behav/ROM.mif'
INFO: [SIM-utils-43] Exported 'E:/Workspace/Vivado_16.4/2017_11_5_FFT/FFT.sim/sim_1/behav/cos_14_1024_signed.coe'
INFO: [USF-XSim-97] Finding global include files...
INFO: [USF-XSim-98] Fetching design files from 'sim_1'...
INFO: [USF-XSim-2] XSim::Compile design
INFO: [USF-XSim-61] Executing 'COMPILE and ANALYZE' step in 'E:/Workspace/Vivado_16.4/2017_11_5_FFT/FFT.sim/sim_1/behav'
"xvlog -m64 --relax -prj tb_fft_vlog.prj"
INFO: [VRFC 10-2263] Analyzing Verilog file "E:/Workspace/Vivado_16.4/2017_11_5_FFT/Design/IP_Core/ROM/ROM/sim/ROM.v" into library xil_defaultlib
INFO: [VRFC 10-311] analyzing module ROM
INFO: [VRFC 10-2263] Analyzing Verilog file "E:/Workspace/Vivado_16.4/2017_11_5_FFT/Design/Code/test_wave.v" into library xil_defaultlib
INFO: [VRFC 10-311] analyzing module test_wave
INFO: [VRFC 10-2263] Analyzing Verilog file "E:/Workspace/Vivado_16.4/2017_11_5_FFT/Design/Code/FFT_Control.v" into library xil_defaultlib
INFO: [VRFC 10-311] analyzing module FFT_Control
INFO: [VRFC 10-2263] Analyzing Verilog file "E:/Workspace/Vivado_16.4/2017_11_5_FFT/Design/Code/TOP.v" into library xil_defaultlib
INFO: [VRFC 10-311] analyzing module TOP
INFO: [VRFC 10-2263] Analyzing Verilog file "E:/Workspace/Vivado_16.4/2017_11_5_FFT/TestBeach/tb_fft.v" into library xil_defaultlib
INFO: [VRFC 10-311] analyzing module tb_fft
INFO: [VRFC 10-2263] Analyzing Verilog file "E:/Workspace/Vivado_16.4/2017_11_5_FFT/FFT.sim/sim_1/behav/glbl.v" into library xil_defaultlib
INFO: [VRFC 10-311] analyzing module glbl
"xvhdl -m64 --relax -prj tb_fft_vhdl.prj"
INFO: [VRFC 10-163] Analyzing VHDL file "E:/Workspace/Vivado_16.4/2017_11_5_FFT/Design/IP_Core/FFT/FFT/sim/FFT.vhd" into library xil_defaultlib
INFO: [VRFC 10-307] analyzing entity FFT
INFO: [USF-XSim-69] 'compile' step finished in '4' seconds
INFO: [USF-XSim-3] XSim::Elaborate design
INFO: [USF-XSim-61] Executing 'ELABORATE' step in 'E:/Workspace/Vivado_16.4/2017_11_5_FFT/FFT.sim/sim_1/behav'
Vivado Simulator 2016.4
Copyright 1986-1999, 2001-2016 Xilinx, Inc. All Rights Reserved.
Running: E:/Softwares/Vivado/Vivado/2016.4/bin/unwrapped/win64.o/xelab.exe -wto 63a46008f5d845f7b87a208ca3c1b077 --debug typical --relax --mt 2 -L blk_mem_gen_v8_3_5 -L xil_defaultlib -L xbip_utils_v3_0_7 -L axi_utils_v2_0_3 -L c_reg_fd_v12_0_3 -L xbip_dsp48_wrapper_v3_0_4 -L xbip_pipe_v3_0_3 -L xbip_dsp48_addsub_v3_0_3 -L xbip_addsub_v3_0_3 -L c_addsub_v12_0_10 -L c_mux_bit_v12_0_3 -L c_shift_ram_v12_0_10 -L xbip_bram18k_v3_0_3 -L mult_gen_v12_0_12 -L cmpy_v6_0_12 -L floating_point_v7_0_13 -L xfft_v9_0_11 -L unisims_ver -L unimacro_ver -L secureip -L xpm --snapshot tb_fft_behav xil_defaultlib.tb_fft xil_defaultlib.glbl -log elaborate.log 
Using 2 slave threads.
Starting static elaboration
WARNING: [VRFC 10-1783] select index 30 into current_contents is out of bounds [/wrk/2016.4/nightly/2016_12_14_1733598/packages/customer/vivado/data/ip/xilinx/blk_mem_gen_v8_3/simulation/blk_mem_gen_v8_3.v:2419]
WARNING: [VRFC 10-1783] select index 62 into current_contents is out of bounds [/wrk/2016.4/nightly/2016_12_14_1733598/packages/customer/vivado/data/ip/xilinx/blk_mem_gen_v8_3/simulation/blk_mem_gen_v8_3.v:2420]
Completed static elaboration
Starting simulation data flow analysis
WARNING: [XSIM 43-4099] "E:/Workspace/Vivado_16.4/2017_11_5_FFT/Design/Code/TOP.v" Line 1. Module TOP doesn't have a timescale but at least one module in design has a timescale.
WARNING: [XSIM 43-4099] "E:/Workspace/Vivado_16.4/2017_11_5_FFT/Design/Code/test_wave.v" Line 1. Module test_wave doesn't have a timescale but at least one module in design has a timescale.
WARNING: [XSIM 43-4099] "E:/Workspace/Vivado_16.4/2017_11_5_FFT/Design/Code/FFT_Control.v" Line 1. Module FFT_Control doesn't have a timescale but at least one module in design has a timescale.
WARNING: [XSIM 43-4099] "E:/Workspace/Vivado_16.4/2017_11_5_FFT/Design/Code/TOP.v" Line 1. Module TOP doesn't have a timescale but at least one module in design has a timescale.
WARNING: [XSIM 43-4099] "E:/Workspace/Vivado_16.4/2017_11_5_FFT/Design/Code/test_wave.v" Line 1. Module test_wave doesn't have a timescale but at least one module in design has a timescale.
WARNING: [XSIM 43-4099] "E:/Workspace/Vivado_16.4/2017_11_5_FFT/Design/Code/FFT_Control.v" Line 1. Module FFT_Control doesn't have a timescale but at least one module in design has a timescale.
Completed simulation data flow analysis
Time Resolution for simulation is 1ps
Compiling package std.standard
Compiling package std.textio
Compiling package ieee.std_logic_1164
Compiling package ieee.numeric_std
Compiling package xbip_utils_v3_0_7.xbip_utils_v3_0_7_pkg
Compiling package xfft_v9_0_11.xfft_v9_0_11_viv_comp
Compiling package ieee.std_logic_arith
Compiling package ieee.std_logic_unsigned
Compiling package ieee.math_real
Compiling package axi_utils_v2_0_3.axi_utils_v2_0_3_pkg
Compiling package mult_gen_v12_0_12.mult_gen_v12_0_12_pkg
Compiling package ieee.std_logic_signed
Compiling package cmpy_v6_0_12.cmpy_v6_0_12_pkg
Compiling package floating_point_v7_0_13.floating_point_v7_0_13_consts
Compiling package floating_point_v7_0_13.floating_point_v7_0_13_exp_table...
Compiling package floating_point_v7_0_13.floating_point_v7_0_13_pkg
Compiling package xfft_v9_0_11.pkg
Compiling package xfft_v9_0_11.xfft_v9_0_11_axi_pkg
Compiling package axi_utils_v2_0_3.global_util_pkg
Compiling package axi_utils_v2_0_3.axi_utils_comps
Compiling package unisim.vcomponents
Compiling package xbip_pipe_v3_0_3.xbip_pipe_v3_0_3_viv_comp
Compiling package xbip_addsub_v3_0_3.xbip_addsub_v3_0_3_viv_comp
Compiling package c_addsub_v12_0_10.c_addsub_v12_0_10_pkg
Compiling package c_addsub_v12_0_10.c_addsub_v12_0_10_pkg_legacy
Compiling package c_reg_fd_v12_0_3.c_reg_fd_v12_0_3_viv_comp
Compiling package ieee.vital_timing
Compiling package ieee.vital_primitives
Compiling package unisim.vpkg
Compiling package c_shift_ram_v12_0_10.c_shift_ram_v12_0_10_pkg
Compiling package c_mux_bit_v12_0_3.c_mux_bit_v12_0_3_viv_comp
Compiling package ieee.std_logic_textio
Compiling package xfft_v9_0_11.quarter_sin_tw_table
Compiling package mult_gen_v12_0_12.dsp_pkg
Compiling package xfft_v9_0_11.half_sincos_tw_table
Compiling package xfft_v9_0_11.quarter2_sin_tw_table
Compiling module blk_mem_gen_v8_3_5.blk_mem_gen_v8_3_5_output_stage(...
Compiling module blk_mem_gen_v8_3_5.blk_mem_gen_v8_3_5_output_stage(...
Compiling module blk_mem_gen_v8_3_5.blk_mem_gen_v8_3_5_softecc_outpu...
Compiling module blk_mem_gen_v8_3_5.blk_mem_gen_v8_3_5_mem_module(C_...
Compiling module blk_mem_gen_v8_3_5.blk_mem_axi_regs_fwd_v8_3(C_DATA...
Compiling module blk_mem_gen_v8_3_5.blk_mem_gen_v8_3_5(C_FAMILY="art...
Compiling module xil_defaultlib.ROM
Compiling module xil_defaultlib.test_wave
Compiling architecture xilinx of entity axi_utils_v2_0_3.glb_srl_fifo [\glb_srl_fifo(width=1,has_uvprot...]
Compiling architecture xilinx of entity axi_utils_v2_0_3.glb_ifx_master [\glb_ifx_master(width=1,afull_th...]
Compiling architecture synth of entity xfft_v9_0_11.axi_wrapper_output_fifo [\axi_wrapper_output_fifo(c_fifo_...]
Compiling architecture xilinx of entity axi_utils_v2_0_3.glb_srl_fifo [\glb_srl_fifo(width=13,has_uvpro...]
Compiling architecture xilinx of entity axi_utils_v2_0_3.glb_ifx_slave [\glb_ifx_slave(width=13,has_uvpr...]
Compiling architecture synth of entity xfft_v9_0_11.axi_wrapper_input_fifo [\axi_wrapper_input_fifo(c_fifo_w...]
Compiling architecture xilinx of entity axi_utils_v2_0_3.glb_srl_fifo [\glb_srl_fifo(width=29,has_uvpro...]
Compiling architecture xilinx of entity axi_utils_v2_0_3.glb_ifx_slave [\glb_ifx_slave(width=29,has_uvpr...]
Compiling architecture synth of entity xfft_v9_0_11.axi_wrapper_input_fifo [\axi_wrapper_input_fifo(c_fifo_w...]
Compiling architecture xilinx of entity axi_utils_v2_0_3.glb_srl_fifo [\glb_srl_fifo(width=41,has_uvpro...]
Compiling architecture xilinx of entity axi_utils_v2_0_3.glb_ifx_master [\glb_ifx_master(width=41,afull_t...]
Compiling architecture synth of entity xfft_v9_0_11.axi_wrapper_output_fifo [\axi_wrapper_output_fifo(c_fifo_...]
Compiling architecture synth of entity xfft_v9_0_11.axi_wrapper [\axi_wrapper(c_nfft_max=11,c_arc...]
Compiling architecture struct of entity c_shift_ram_v12_0_10.c_shift_ram_v12_0_10_legacy [\c_shift_ram_v12_0_10_legacy(c_x...]
Compiling architecture synth of entity c_shift_ram_v12_0_10.c_shift_ram_v12_0_10_viv [\c_shift_ram_v12_0_10_viv(c_xdev...]
Compiling architecture xilinx of entity xfft_v9_0_11.shift_ram [\shift_ram(c_xdevicefamily="arti...]
Compiling architecture xilinx of entity xfft_v9_0_11.equ_rtl [\equ_rtl(c_xdevicefamily="artix7...]
Compiling architecture xilinx of entity xfft_v9_0_11.r22_cnt_ctrl [\r22_cnt_ctrl(c_xdevicefamily="a...]
Compiling architecture xilinx of entity xfft_v9_0_11.r22_cnt_ctrl [\r22_cnt_ctrl(c_xdevicefamily="a...]
Compiling architecture xilinx of entity xfft_v9_0_11.shift_ram [\shift_ram(c_xdevicefamily="arti...]
Compiling architecture struct of entity c_shift_ram_v12_0_10.c_shift_ram_v12_0_10_legacy [\c_shift_ram_v12_0_10_legacy(c_x...]
Compiling architecture synth of entity c_shift_ram_v12_0_10.c_shift_ram_v12_0_10_viv [\c_shift_ram_v12_0_10_viv(c_xdev...]
Compiling architecture xilinx of entity xfft_v9_0_11.shift_ram [\shift_ram(c_xdevicefamily="arti...]
Compiling architecture fd_v of entity unisim.FD [fd_default]
Compiling architecture struct of entity c_shift_ram_v12_0_10.c_shift_ram_v12_0_10_legacy [\c_shift_ram_v12_0_10_legacy(c_x...]
Compiling architecture synth of entity c_shift_ram_v12_0_10.c_shift_ram_v12_0_10_viv [\c_shift_ram_v12_0_10_viv(c_xdev...]
Compiling architecture xilinx of entity xfft_v9_0_11.shift_ram [\shift_ram(c_xdevicefamily="arti...]
Compiling architecture fde_v of entity unisim.FDE [fde_default]
Compiling architecture xilinx of entity xfft_v9_0_11.shift_ram [\shift_ram(c_xdevicefamily="arti...]
Compiling architecture xilinx of entity xfft_v9_0_11.shift_ram [\shift_ram(c_xdevicefamily="arti...]
Compiling architecture struct of entity c_shift_ram_v12_0_10.c_shift_ram_v12_0_10_legacy [\c_shift_ram_v12_0_10_legacy(c_x...]
Compiling architecture synth of entity c_shift_ram_v12_0_10.c_shift_ram_v12_0_10_viv [\c_shift_ram_v12_0_10_viv(c_xdev...]
Compiling architecture xilinx of entity xfft_v9_0_11.shift_ram [\shift_ram(c_xdevicefamily="arti...]
Compiling architecture xilinx of entity xfft_v9_0_11.shift_ram [\shift_ram(c_xdevicefamily="arti...]
Compiling architecture xilinx of entity xfft_v9_0_11.shift_ram [\shift_ram(c_xdevicefamily="arti...]
Compiling architecture xilinx of entity xfft_v9_0_11.shift_ram [\shift_ram(c_xdevicefamily="arti...]
Compiling architecture lut3_v of entity unisim.LUT3 [\LUT3(init="11001010")(0,7)\]
Compiling architecture xilinx of entity xfft_v9_0_11.mux_bus2 [\mux_bus2(c_xdevicefamily="artix...]
Compiling architecture xilinx of entity xfft_v9_0_11.r22_delay_mux [\r22_delay_mux(c_xdevicefamily="...]
Compiling architecture xilinx of entity xfft_v9_0_11.r22_delay_mux [\r22_delay_mux(c_xdevicefamily="...]
Compiling architecture xilinx of entity xfft_v9_0_11.shift_ram [\shift_ram(c_xdevicefamily="arti...]
Compiling architecture xilinx of entity xfft_v9_0_11.shift_ram [\shift_ram(c_xdevicefamily="arti...]
Compiling architecture rb18_internal_vhdl_v of entity unisim.RB18_INTERNAL_VHDL [\RB18_INTERNAL_VHDL(bram_size=18...]
Compiling architecture ramb18e1_v of entity unisim.RAMB18E1 [\RAMB18E1(dob_reg=1,read_width_b...]
Compiling architecture ramb18_v of entity unisim.RAMB18 [\RAMB18(dob_reg=1,read_width_b=1...]
Compiling architecture xilinx of entity xfft_v9_0_11.dpm [\dpm(c_xdevicefamily="artix7",wi...]
Compiling architecture xilinx of entity xfft_v9_0_11.r22_memory [\r22_memory(c_xdevicefamily="art...]
Compiling architecture structural of entity c_reg_fd_v12_0_3.c_reg_fd_v12_0_3_viv [\c_reg_fd_v12_0_3_viv(c_width=16...]
Compiling architecture rtl of entity c_addsub_v12_0_10.c_addsub_v12_0_10_lut6_legacy [\c_addsub_v12_0_10_lut6_legacy(c...]
Compiling architecture synth of entity c_addsub_v12_0_10.c_addsub_v12_0_10_fabric_legacy [\c_addsub_v12_0_10_fabric_legacy...]
Compiling architecture synth of entity c_addsub_v12_0_10.c_addsub_v12_0_10_legacy [\c_addsub_v12_0_10_legacy(c_fami...]
Compiling architecture synth of entity c_addsub_v12_0_10.c_addsub_v12_0_10_viv [\c_addsub_v12_0_10_viv(c_xdevice...]
Compiling architecture xilinx of entity xfft_v9_0_11.adder_bypass [\adder_bypass(c_xdevicefamily="a...]
Compiling architecture structural of entity c_reg_fd_v12_0_3.c_reg_fd_v12_0_3_viv [\c_reg_fd_v12_0_3_viv(c_width=16...]
Compiling architecture rtl of entity c_addsub_v12_0_10.c_addsub_v12_0_10_lut6_legacy [\c_addsub_v12_0_10_lut6_legacy(c...]
Compiling architecture synth of entity c_addsub_v12_0_10.c_addsub_v12_0_10_fabric_legacy [\c_addsub_v12_0_10_fabric_legacy...]
Compiling architecture synth of entity c_addsub_v12_0_10.c_addsub_v12_0_10_legacy [\c_addsub_v12_0_10_legacy(c_fami...]
Compiling architecture synth of entity c_addsub_v12_0_10.c_addsub_v12_0_10_viv [\c_addsub_v12_0_10_viv(c_xdevice...]
Compiling architecture xilinx of entity xfft_v9_0_11.sub_byp [\sub_byp(c_xdevicefamily="artix7...]
Compiling architecture xilinx of entity xfft_v9_0_11.r22_bfly_byp [\r22_bfly_byp(c_xdevicefamily="a...]
Compiling architecture xilinx of entity xfft_v9_0_11.r22_bf [\r22_bf(c_xdevicefamily="artix7"...]
Compiling architecture xilinx of entity xfft_v9_0_11.shift_ram [\shift_ram(c_xdevicefamily="arti...]
Compiling architecture synth of entity xfft_v9_0_11.r22_twos_comp_mux [\r22_twos_comp_mux(c_xdevicefami...]
Compiling architecture synth of entity xfft_v9_0_11.r22_twos_comp_mux [\r22_twos_comp_mux(c_xdevicefami...]
Compiling architecture xilinx of entity xfft_v9_0_11.shift_ram [\shift_ram(c_xdevicefamily="arti...]
Compiling architecture xilinx of entity xfft_v9_0_11.shift_ram [\shift_ram(c_xdevicefamily="arti...]
Compiling architecture xilinx of entity xfft_v9_0_11.shift_ram [\shift_ram(c_xdevicefamily="arti...]
Compiling architecture xilinx of entity xfft_v9_0_11.mux_bus2 [\mux_bus2(c_xdevicefamily="artix...]
Compiling architecture xilinx of entity xfft_v9_0_11.r22_delay_mux [\r22_delay_mux(c_xdevicefamily="...]
Compiling architecture xilinx of entity xfft_v9_0_11.r22_delay_mux [\r22_delay_mux(c_xdevicefamily="...]
Compiling architecture xilinx of entity xfft_v9_0_11.shift_ram [\shift_ram(c_xdevicefamily="arti...]
Compiling architecture xilinx of entity xfft_v9_0_11.shift_ram [\shift_ram(c_xdevicefamily="arti...]
Compiling architecture rb18_internal_vhdl_v of entity unisim.RB18_INTERNAL_VHDL [\RB18_INTERNAL_VHDL(bram_size=18...]
Compiling architecture ramb18e1_v of entity unisim.RAMB18E1 [\RAMB18E1(doa_reg=1,ram_mode="SD...]
Compiling architecture ramb18sdp_v of entity unisim.RAMB18SDP [\RAMB18SDP(do_reg=1,sim_collisio...]
Compiling architecture xilinx of entity xfft_v9_0_11.dpm [\dpm(c_xdevicefamily="artix7",wi...]
Compiling architecture xilinx of entity xfft_v9_0_11.r22_memory [\r22_memory(c_xdevicefamily="art...]
Compiling architecture structural of entity c_reg_fd_v12_0_3.c_reg_fd_v12_0_3_viv [\c_reg_fd_v12_0_3_viv(c_width=17...]
Compiling architecture rtl of entity c_addsub_v12_0_10.c_addsub_v12_0_10_lut6_legacy [\c_addsub_v12_0_10_lut6_legacy(c...]
Compiling architecture synth of entity c_addsub_v12_0_10.c_addsub_v12_0_10_fabric_legacy [\c_addsub_v12_0_10_fabric_legacy...]
Compiling architecture synth of entity c_addsub_v12_0_10.c_addsub_v12_0_10_legacy [\c_addsub_v12_0_10_legacy(c_fami...]
Compiling architecture synth of entity c_addsub_v12_0_10.c_addsub_v12_0_10_viv [\c_addsub_v12_0_10_viv(c_xdevice...]
Compiling architecture xilinx of entity xfft_v9_0_11.adder_bypass [\adder_bypass(c_xdevicefamily="a...]
Compiling architecture structural of entity c_reg_fd_v12_0_3.c_reg_fd_v12_0_3_viv [\c_reg_fd_v12_0_3_viv(c_width=17...]
Compiling architecture rtl of entity c_addsub_v12_0_10.c_addsub_v12_0_10_lut6_legacy [\c_addsub_v12_0_10_lut6_legacy(c...]
Compiling architecture synth of entity c_addsub_v12_0_10.c_addsub_v12_0_10_fabric_legacy [\c_addsub_v12_0_10_fabric_legacy...]
Compiling architecture synth of entity c_addsub_v12_0_10.c_addsub_v12_0_10_legacy [\c_addsub_v12_0_10_legacy(c_fami...]
Compiling architecture synth of entity c_addsub_v12_0_10.c_addsub_v12_0_10_viv [\c_addsub_v12_0_10_viv(c_xdevice...]
Compiling architecture xilinx of entity xfft_v9_0_11.sub_byp [\sub_byp(c_xdevicefamily="artix7...]
Compiling architecture xilinx of entity xfft_v9_0_11.r22_bfly_byp [\r22_bfly_byp(c_xdevicefamily="a...]
Compiling architecture xilinx of entity xfft_v9_0_11.r22_bf [\r22_bf(c_xdevicefamily="artix7"...]
Compiling architecture xilinx of entity xfft_v9_0_11.shift_ram [\shift_ram(c_xdevicefamily="arti...]
Compiling architecture struct of entity c_shift_ram_v12_0_10.c_shift_ram_v12_0_10_legacy [\c_shift_ram_v12_0_10_legacy(c_x...]
Compiling architecture synth of entity c_shift_ram_v12_0_10.c_shift_ram_v12_0_10_viv [\c_shift_ram_v12_0_10_viv(c_xdev...]
Compiling architecture xilinx of entity xfft_v9_0_11.shift_ram [\shift_ram(c_xdevicefamily="arti...]
Compiling architecture structural of entity c_reg_fd_v12_0_3.c_reg_fd_v12_0_3_viv [\c_reg_fd_v12_0_3_viv(c_width=11...]
Compiling architecture rtl of entity c_addsub_v12_0_10.c_addsub_v12_0_10_lut6_legacy [\c_addsub_v12_0_10_lut6_legacy(c...]
Compiling architecture synth of entity c_addsub_v12_0_10.c_addsub_v12_0_10_fabric_legacy [\c_addsub_v12_0_10_fabric_legacy...]
Compiling architecture synth of entity c_addsub_v12_0_10.c_addsub_v12_0_10_legacy [\c_addsub_v12_0_10_legacy(c_fami...]
Compiling architecture synth of entity c_addsub_v12_0_10.c_addsub_v12_0_10_viv [\c_addsub_v12_0_10_viv(c_xdevice...]
Compiling architecture xilinx of entity xfft_v9_0_11.adder [\adder(c_xdevicefamily="artix7",...]
Compiling architecture lut6_v of entity unisim.LUT6 [\LUT6(init="11111111000000001111...]
Compiling architecture xilinx of entity xfft_v9_0_11.mux_bus4 [\mux_bus4(c_xdevicefamily="artix...]
Compiling architecture xilinx of entity xfft_v9_0_11.shift_ram [\shift_ram(c_xdevicefamily="arti...]
Compiling architecture xilinx of entity xfft_v9_0_11.twos_comp [\twos_comp(c_data_width=9,c_has_...]
Compiling architecture lut6_v of entity unisim.LUT6 [\LUT6(init="10000000000000000000...]
Compiling architecture xilinx of entity xfft_v9_0_11.logic_gate [\logic_gate(c_xdevicefamily="art...]
Compiling architecture xilinx of entity xfft_v9_0_11.twgen_quarter_sin [\twgen_quarter_sin(c_xdevicefami...]
Compiling architecture xilinx of entity xfft_v9_0_11.twiddle_gen [\twiddle_gen(c_xdevicefamily="ar...]
Compiling architecture xilinx of entity xfft_v9_0_11.r22_tw_gen [\r22_tw_gen(c_xdevicefamily="art...]
Compiling architecture xilinx of entity cmpy_v6_0_12.delay_line [\delay_line(c_xdevicefamily="art...]
Compiling architecture xilinx of entity cmpy_v6_0_12.delay_line [\delay_line(c_xdevicefamily="art...]
Compiling architecture xilinx of entity mult_gen_v12_0_12.delay_line [\delay_line(c_xdevicefamily="art...]
Compiling architecture xilinx of entity mult_gen_v12_0_12.delay_line [\delay_line(c_xdevicefamily="art...]
Compiling architecture dsp48e1_v of entity unisim.DSP48E1 [\DSP48E1(acascreg=2,alumodereg=0...]
Compiling architecture xilinx of entity mult_gen_v12_0_12.delay_line [\delay_line(c_xdevicefamily="art...]
Compiling architecture xilinx of entity mult_gen_v12_0_12.op_resize [\op_resize(ao_width=25)\]
Compiling architecture xilinx of entity mult_gen_v12_0_12.dsp [\dsp(c_xdevicefamily="artix7",c_...]
Compiling architecture xilinx of entity cmpy_v6_0_12.cmpy_3_dsp48_mult [\cmpy_3_dsp48_mult(c_xdevicefami...]
Compiling architecture xilinx of entity mult_gen_v12_0_12.delay_line [\delay_line(c_xdevicefamily="art...]
Compiling architecture xilinx of entity mult_gen_v12_0_12.delay_line [\delay_line(c_xdevicefamily="art...]
Compiling architecture dsp48e1_v of entity unisim.DSP48E1 [\DSP48E1(alumodereg=0,bcascreg=2...]
Compiling architecture xilinx of entity mult_gen_v12_0_12.op_resize [\op_resize(ai_width=17,bi_width=...]
Compiling architecture xilinx of entity mult_gen_v12_0_12.dsp [\dsp(c_xdevicefamily="artix7",c_...]
Compiling architecture xilinx of entity cmpy_v6_0_12.cmpy_3_dsp48_mult [\cmpy_3_dsp48_mult(c_xdevicefami...]
Compiling architecture xilinx of entity mult_gen_v12_0_12.dsp [\dsp(c_xdevicefamily="artix7",c_...]
Compiling architecture xilinx of entity cmpy_v6_0_12.cmpy_3_dsp48_mult [\cmpy_3_dsp48_mult(c_xdevicefami...]
Compiling architecture xilinx of entity cmpy_v6_0_12.input_negation [\input_negation(c_xdevicefamily=...]
Compiling architecture xilinx of entity cmpy_v6_0_12.delay_line [\delay_line(c_xdevicefamily="art...]
Compiling architecture xilinx of entity cmpy_v6_0_12.delay_line [\delay_line(c_xdevicefamily="art...]
Compiling architecture xilinx of entity cmpy_v6_0_12.cmpy_3_dsp48 [\cmpy_3_dsp48(c_xdevicefamily="a...]
Compiling architecture xilinx of entity cmpy_v6_0_12.cmpy_v6_0_12_synth [\cmpy_v6_0_12_synth(c_xdevicefam...]
Compiling architecture xilinx of entity xfft_v9_0_11.cmpy [\cmpy(c_xdevicefamily="artix7",b...]
Compiling architecture xilinx of entity xfft_v9_0_11.mux_bus4 [\mux_bus4(c_xdevicefamily="artix...]
Compiling architecture xilinx of entity xfft_v9_0_11.arith_shift3 [\arith_shift3(c_xdevicefamily="a...]
Compiling architecture xilinx of entity xfft_v9_0_11.r22_ovflo [\r22_ovflo(registered=0)\]
Compiling architecture xilinx of entity xfft_v9_0_11.shift_ram [\shift_ram(c_xdevicefamily="arti...]
Compiling architecture xilinx of entity xfft_v9_0_11.shift_ram [\shift_ram(c_xdevicefamily="arti...]
Compiling architecture xilinx of entity xfft_v9_0_11.shift_ram [\shift_ram(c_xdevicefamily="arti...]
Compiling architecture xilinx of entity xfft_v9_0_11.shift_ram [\shift_ram(c_xdevicefamily="arti...]
Compiling architecture xilinx of entity xfft_v9_0_11.r22_pe [\r22_pe(c_xdevicefamily="artix7"...]
Compiling architecture xilinx of entity xfft_v9_0_11.r22_cnt_ctrl [\r22_cnt_ctrl(c_xdevicefamily="a...]
Compiling architecture xilinx of entity xfft_v9_0_11.r22_cnt_ctrl [\r22_cnt_ctrl(c_xdevicefamily="a...]
Compiling architecture xilinx of entity xfft_v9_0_11.shift_ram [\shift_ram(c_xdevicefamily="arti...]
Compiling architecture xilinx of entity xfft_v9_0_11.shift_ram [\shift_ram(c_xdevicefamily="arti...]
Compiling architecture xilinx of entity xfft_v9_0_11.r22_delay_mux [\r22_delay_mux(c_xdevicefamily="...]
Compiling architecture xilinx of entity xfft_v9_0_11.r22_delay_mux [\r22_delay_mux(c_xdevicefamily="...]
Compiling architecture xilinx of entity xfft_v9_0_11.shift_ram [\shift_ram(c_xdevicefamily="arti...]
Compiling architecture xilinx of entity xfft_v9_0_11.shift_ram [\shift_ram(c_xdevicefamily="arti...]
Compiling architecture xilinx of entity xfft_v9_0_11.dpm [\dpm(c_xdevicefamily="artix7",wi...]
Compiling architecture xilinx of entity xfft_v9_0_11.r22_memory [\r22_memory(c_xdevicefamily="art...]
Compiling architecture xilinx of entity xfft_v9_0_11.r22_bf [\r22_bf(c_xdevicefamily="artix7"...]
Compiling architecture xilinx of entity xfft_v9_0_11.r22_delay_mux [\r22_delay_mux(c_xdevicefamily="...]
Compiling architecture xilinx of entity xfft_v9_0_11.r22_delay_mux [\r22_delay_mux(c_xdevicefamily="...]
Compiling architecture xilinx of entity xfft_v9_0_11.shift_ram [\shift_ram(c_xdevicefamily="arti...]
Compiling architecture xilinx of entity xfft_v9_0_11.shift_ram [\shift_ram(c_xdevicefamily="arti...]
Compiling architecture xilinx of entity xfft_v9_0_11.dpm [\dpm(c_xdevicefamily="artix7",wi...]
Compiling architecture xilinx of entity xfft_v9_0_11.r22_memory [\r22_memory(c_xdevicefamily="art...]
Compiling architecture xilinx of entity xfft_v9_0_11.r22_bf [\r22_bf(c_xdevicefamily="artix7"...]
Compiling architecture xilinx of entity xfft_v9_0_11.shift_ram [\shift_ram(c_xdevicefamily="arti...]
Compiling architecture structural of entity c_reg_fd_v12_0_3.c_reg_fd_v12_0_3_viv [\c_reg_fd_v12_0_3_viv(c_width=9,...]
Compiling architecture rtl of entity c_addsub_v12_0_10.c_addsub_v12_0_10_lut6_legacy [\c_addsub_v12_0_10_lut6_legacy(c...]
Compiling architecture synth of entity c_addsub_v12_0_10.c_addsub_v12_0_10_fabric_legacy [\c_addsub_v12_0_10_fabric_legacy...]
Compiling architecture synth of entity c_addsub_v12_0_10.c_addsub_v12_0_10_legacy [\c_addsub_v12_0_10_legacy(c_fami...]
Compiling architecture synth of entity c_addsub_v12_0_10.c_addsub_v12_0_10_viv [\c_addsub_v12_0_10_viv(c_xdevice...]
Compiling architecture xilinx of entity xfft_v9_0_11.adder [\adder(c_xdevicefamily="artix7",...]
Compiling architecture xilinx of entity xfft_v9_0_11.mux_bus4 [\mux_bus4(c_xdevicefamily="artix...]
Compiling architecture vcc_v of entity unisim.VCC [vcc_default]
Compiling architecture xilinx of entity xfft_v9_0_11.twgen_half_sincos [\twgen_half_sincos(c_xdevicefami...]
Compiling architecture xilinx of entity xfft_v9_0_11.twiddle_gen [\twiddle_gen(c_xdevicefamily="ar...]
Compiling architecture xilinx of entity xfft_v9_0_11.r22_tw_gen [\r22_tw_gen(c_xdevicefamily="art...]
Compiling architecture xilinx of entity xfft_v9_0_11.shift_ram [\shift_ram(c_xdevicefamily="arti...]
Compiling architecture xilinx of entity xfft_v9_0_11.shift_ram [\shift_ram(c_xdevicefamily="arti...]
Compiling architecture xilinx of entity xfft_v9_0_11.r22_pe [\r22_pe(c_xdevicefamily="artix7"...]
Compiling architecture xilinx of entity xfft_v9_0_11.r22_cnt_ctrl [\r22_cnt_ctrl(c_xdevicefamily="a...]
Compiling architecture xilinx of entity xfft_v9_0_11.r22_cnt_ctrl [\r22_cnt_ctrl(c_xdevicefamily="a...]
Compiling architecture xilinx of entity xfft_v9_0_11.shift_ram [\shift_ram(c_xdevicefamily="arti...]
Compiling architecture xilinx of entity xfft_v9_0_11.shift_ram [\shift_ram(c_xdevicefamily="arti...]
Compiling architecture xilinx of entity xfft_v9_0_11.r22_delay_mux [\r22_delay_mux(c_xdevicefamily="...]
Compiling architecture xilinx of entity xfft_v9_0_11.r22_delay_mux [\r22_delay_mux(c_xdevicefamily="...]
Compiling architecture xilinx of entity xfft_v9_0_11.shift_ram [\shift_ram(c_xdevicefamily="arti...]
Compiling architecture xilinx of entity xfft_v9_0_11.shift_ram [\shift_ram(c_xdevicefamily="arti...]
Compiling architecture struct of entity c_shift_ram_v12_0_10.c_shift_ram_v12_0_10_legacy [\c_shift_ram_v12_0_10_legacy(c_x...]
Compiling architecture synth of entity c_shift_ram_v12_0_10.c_shift_ram_v12_0_10_viv [\c_shift_ram_v12_0_10_viv(c_xdev...]
Compiling architecture synth of entity xfft_v9_0_11.r22_srl_memory [\r22_srl_memory(c_xdevicefamily=...]
Compiling architecture xilinx of entity xfft_v9_0_11.r22_memory [\r22_memory(c_xdevicefamily="art...]
Compiling architecture xilinx of entity xfft_v9_0_11.r22_bf [\r22_bf(c_xdevicefamily="artix7"...]
Compiling architecture xilinx of entity xfft_v9_0_11.r22_delay_mux [\r22_delay_mux(c_xdevicefamily="...]
Compiling architecture xilinx of entity xfft_v9_0_11.r22_delay_mux [\r22_delay_mux(c_xdevicefamily="...]
Compiling architecture xilinx of entity xfft_v9_0_11.shift_ram [\shift_ram(c_xdevicefamily="arti...]
Compiling architecture xilinx of entity xfft_v9_0_11.shift_ram [\shift_ram(c_xdevicefamily="arti...]
Compiling architecture struct of entity c_shift_ram_v12_0_10.c_shift_ram_v12_0_10_legacy [\c_shift_ram_v12_0_10_legacy(c_x...]
Compiling architecture synth of entity c_shift_ram_v12_0_10.c_shift_ram_v12_0_10_viv [\c_shift_ram_v12_0_10_viv(c_xdev...]
Compiling architecture synth of entity xfft_v9_0_11.r22_srl_memory [\r22_srl_memory(c_xdevicefamily=...]
Compiling architecture xilinx of entity xfft_v9_0_11.r22_memory [\r22_memory(c_xdevicefamily="art...]
Compiling architecture xilinx of entity xfft_v9_0_11.r22_bf [\r22_bf(c_xdevicefamily="artix7"...]
Compiling architecture structural of entity c_reg_fd_v12_0_3.c_reg_fd_v12_0_3_viv [\c_reg_fd_v12_0_3_viv(c_width=7,...]
Compiling architecture rtl of entity c_addsub_v12_0_10.c_addsub_v12_0_10_lut6_legacy [\c_addsub_v12_0_10_lut6_legacy(c...]
Compiling architecture synth of entity c_addsub_v12_0_10.c_addsub_v12_0_10_fabric_legacy [\c_addsub_v12_0_10_fabric_legacy...]
Compiling architecture synth of entity c_addsub_v12_0_10.c_addsub_v12_0_10_legacy [\c_addsub_v12_0_10_legacy(c_fami...]
Compiling architecture synth of entity c_addsub_v12_0_10.c_addsub_v12_0_10_viv [\c_addsub_v12_0_10_viv(c_xdevice...]
Compiling architecture xilinx of entity xfft_v9_0_11.adder [\adder(c_xdevicefamily="artix7",...]
Compiling architecture xilinx of entity xfft_v9_0_11.mux_bus4 [\mux_bus4(c_xdevicefamily="artix...]
Compiling architecture xilinx of entity xfft_v9_0_11.shift_ram [\shift_ram(c_xdevicefamily="arti...]
Compiling architecture xilinx of entity xfft_v9_0_11.twgen_distmem [\twgen_distmem(theta_width=6,twi...]
Compiling architecture xilinx of entity xfft_v9_0_11.twiddle_gen [\twiddle_gen(c_xdevicefamily="ar...]
Compiling architecture xilinx of entity xfft_v9_0_11.r22_tw_gen [\r22_tw_gen(c_xdevicefamily="art...]
Compiling architecture xilinx of entity xfft_v9_0_11.shift_ram [\shift_ram(c_xdevicefamily="arti...]
Compiling architecture xilinx of entity xfft_v9_0_11.shift_ram [\shift_ram(c_xdevicefamily="arti...]
Compiling architecture xilinx of entity xfft_v9_0_11.r22_pe [\r22_pe(c_xdevicefamily="artix7"...]
Compiling architecture xilinx of entity xfft_v9_0_11.r22_cnt_ctrl [\r22_cnt_ctrl(c_xdevicefamily="a...]
Compiling architecture xilinx of entity xfft_v9_0_11.r22_cnt_ctrl [\r22_cnt_ctrl(c_xdevicefamily="a...]
Compiling architecture struct of entity c_shift_ram_v12_0_10.c_shift_ram_v12_0_10_legacy [\c_shift_ram_v12_0_10_legacy(c_x...]
Compiling architecture synth of entity c_shift_ram_v12_0_10.c_shift_ram_v12_0_10_viv [\c_shift_ram_v12_0_10_viv(c_xdev...]
Compiling architecture xilinx of entity xfft_v9_0_11.shift_ram [\shift_ram(c_xdevicefamily="arti...]
Compiling architecture struct of entity c_shift_ram_v12_0_10.c_shift_ram_v12_0_10_legacy [\c_shift_ram_v12_0_10_legacy(c_x...]
Compiling architecture synth of entity c_shift_ram_v12_0_10.c_shift_ram_v12_0_10_viv [\c_shift_ram_v12_0_10_viv(c_xdev...]
Compiling architecture xilinx of entity xfft_v9_0_11.shift_ram [\shift_ram(c_xdevicefamily="arti...]
Compiling architecture struct of entity c_shift_ram_v12_0_10.c_shift_ram_v12_0_10_legacy [\c_shift_ram_v12_0_10_legacy(c_x...]
Compiling architecture synth of entity c_shift_ram_v12_0_10.c_shift_ram_v12_0_10_viv [\c_shift_ram_v12_0_10_viv(c_xdev...]
Compiling architecture xilinx of entity xfft_v9_0_11.shift_ram [\shift_ram(c_xdevicefamily="arti...]
Compiling architecture struct of entity c_shift_ram_v12_0_10.c_shift_ram_v12_0_10_legacy [\c_shift_ram_v12_0_10_legacy(c_x...]
Compiling architecture synth of entity c_shift_ram_v12_0_10.c_shift_ram_v12_0_10_viv [\c_shift_ram_v12_0_10_viv(c_xdev...]
Compiling architecture xilinx of entity xfft_v9_0_11.shift_ram [\shift_ram(c_xdevicefamily="arti...]
Compiling architecture struct of entity c_shift_ram_v12_0_10.c_shift_ram_v12_0_10_legacy [\c_shift_ram_v12_0_10_legacy(c_x...]
Compiling architecture synth of entity c_shift_ram_v12_0_10.c_shift_ram_v12_0_10_viv [\c_shift_ram_v12_0_10_viv(c_xdev...]
Compiling architecture xilinx of entity xfft_v9_0_11.shift_ram [\shift_ram(c_xdevicefamily="arti...]
Compiling architecture struct of entity c_shift_ram_v12_0_10.c_shift_ram_v12_0_10_legacy [\c_shift_ram_v12_0_10_legacy(c_x...]
Compiling architecture synth of entity c_shift_ram_v12_0_10.c_shift_ram_v12_0_10_viv [\c_shift_ram_v12_0_10_viv(c_xdev...]
Compiling architecture xilinx of entity xfft_v9_0_11.shift_ram [\shift_ram(c_xdevicefamily="arti...]
Compiling architecture struct of entity c_shift_ram_v12_0_10.c_shift_ram_v12_0_10_legacy [\c_shift_ram_v12_0_10_legacy(c_x...]
Compiling architecture synth of entity c_shift_ram_v12_0_10.c_shift_ram_v12_0_10_viv [\c_shift_ram_v12_0_10_viv(c_xdev...]
Compiling architecture xilinx of entity xfft_v9_0_11.shift_ram [\shift_ram(c_xdevicefamily="arti...]
Compiling architecture structural of entity c_reg_fd_v12_0_3.c_reg_fd_v12_0_3_viv [\c_reg_fd_v12_0_3_viv(c_width=15...]
Compiling architecture rtl of entity c_addsub_v12_0_10.c_addsub_v12_0_10_lut6_legacy [\c_addsub_v12_0_10_lut6_legacy(c...]
Compiling architecture synth of entity c_addsub_v12_0_10.c_addsub_v12_0_10_fabric_legacy [\c_addsub_v12_0_10_fabric_legacy...]
Compiling architecture synth of entity c_addsub_v12_0_10.c_addsub_v12_0_10_legacy [\c_addsub_v12_0_10_legacy(c_fami...]
Compiling architecture synth of entity c_addsub_v12_0_10.c_addsub_v12_0_10_viv [\c_addsub_v12_0_10_viv(c_xdevice...]
Compiling architecture xilinx of entity xfft_v9_0_11.adder [\adder(c_xdevicefamily="artix7",...]
Compiling architecture xilinx of entity xfft_v9_0_11.shift_ram [\shift_ram(c_xdevicefamily="arti...]
Compiling architecture xilinx of entity xfft_v9_0_11.mux_bus2 [\mux_bus2(c_xdevicefamily="artix...]
Compiling architecture xilinx of entity xfft_v9_0_11.shift_ram [\shift_ram(c_xdevicefamily="arti...]
Compiling architecture xilinx of entity xfft_v9_0_11.r22_bf_sp [\r22_bf_sp(c_xdevicefamily="arti...]
Compiling architecture rtl of entity c_addsub_v12_0_10.c_addsub_v12_0_10_lut6_legacy [\c_addsub_v12_0_10_lut6_legacy(c...]
Compiling architecture synth of entity c_addsub_v12_0_10.c_addsub_v12_0_10_fabric_legacy [\c_addsub_v12_0_10_fabric_legacy...]
Compiling architecture synth of entity c_addsub_v12_0_10.c_addsub_v12_0_10_legacy [\c_addsub_v12_0_10_legacy(c_fami...]
Compiling architecture synth of entity c_addsub_v12_0_10.c_addsub_v12_0_10_viv [\c_addsub_v12_0_10_viv(c_xdevice...]
Compiling architecture xilinx of entity xfft_v9_0_11.adder [\adder(c_xdevicefamily="artix7",...]
Compiling architecture struct of entity c_shift_ram_v12_0_10.c_shift_ram_v12_0_10_legacy [\c_shift_ram_v12_0_10_legacy(c_x...]
Compiling architecture synth of entity c_shift_ram_v12_0_10.c_shift_ram_v12_0_10_viv [\c_shift_ram_v12_0_10_viv(c_xdev...]
Compiling architecture xilinx of entity xfft_v9_0_11.shift_ram [\shift_ram(c_xdevicefamily="arti...]
Compiling architecture xilinx of entity xfft_v9_0_11.shift_ram [\shift_ram(c_xdevicefamily="arti...]
Compiling architecture xilinx of entity xfft_v9_0_11.r22_bf_sp [\r22_bf_sp(c_xdevicefamily="arti...]
Compiling architecture struct of entity c_shift_ram_v12_0_10.c_shift_ram_v12_0_10_legacy [\c_shift_ram_v12_0_10_legacy(c_x...]
Compiling architecture synth of entity c_shift_ram_v12_0_10.c_shift_ram_v12_0_10_viv [\c_shift_ram_v12_0_10_viv(c_xdev...]
Compiling architecture xilinx of entity xfft_v9_0_11.shift_ram [\shift_ram(c_xdevicefamily="arti...]
Compiling architecture struct of entity c_shift_ram_v12_0_10.c_shift_ram_v12_0_10_legacy [\c_shift_ram_v12_0_10_legacy(c_x...]
Compiling architecture synth of entity c_shift_ram_v12_0_10.c_shift_ram_v12_0_10_viv [\c_shift_ram_v12_0_10_viv(c_xdev...]
Compiling architecture xilinx of entity xfft_v9_0_11.shift_ram [\shift_ram(c_xdevicefamily="arti...]
Compiling architecture structural of entity c_reg_fd_v12_0_3.c_reg_fd_v12_0_3_viv [\c_reg_fd_v12_0_3_viv(c_width=5,...]
Compiling architecture rtl of entity c_addsub_v12_0_10.c_addsub_v12_0_10_lut6_legacy [\c_addsub_v12_0_10_lut6_legacy(c...]
Compiling architecture synth of entity c_addsub_v12_0_10.c_addsub_v12_0_10_fabric_legacy [\c_addsub_v12_0_10_fabric_legacy...]
Compiling architecture synth of entity c_addsub_v12_0_10.c_addsub_v12_0_10_legacy [\c_addsub_v12_0_10_legacy(c_fami...]
Compiling architecture synth of entity c_addsub_v12_0_10.c_addsub_v12_0_10_viv [\c_addsub_v12_0_10_viv(c_xdevice...]
Compiling architecture xilinx of entity xfft_v9_0_11.adder [\adder(c_xdevicefamily="artix7",...]
Compiling architecture xilinx of entity xfft_v9_0_11.mux_bus4 [\mux_bus4(c_xdevicefamily="artix...]
Compiling architecture xilinx of entity xfft_v9_0_11.twgen_distmem [\twgen_distmem(theta_width=4,twi...]
Compiling architecture xilinx of entity xfft_v9_0_11.twiddle_gen [\twiddle_gen(c_xdevicefamily="ar...]
Compiling architecture xilinx of entity xfft_v9_0_11.r22_tw_gen [\r22_tw_gen(c_xdevicefamily="art...]
Compiling architecture struct of entity c_shift_ram_v12_0_10.c_shift_ram_v12_0_10_legacy [\c_shift_ram_v12_0_10_legacy(c_x...]
Compiling architecture synth of entity c_shift_ram_v12_0_10.c_shift_ram_v12_0_10_viv [\c_shift_ram_v12_0_10_viv(c_xdev...]
Compiling architecture xilinx of entity xfft_v9_0_11.shift_ram [\shift_ram(c_xdevicefamily="arti...]
Compiling architecture xilinx of entity xfft_v9_0_11.shift_ram [\shift_ram(c_xdevicefamily="arti...]
Compiling architecture xilinx of entity xfft_v9_0_11.r22_pe [\r22_pe(c_xdevicefamily="artix7"...]
Compiling architecture xilinx of entity xfft_v9_0_11.r22_cnt_ctrl [\r22_cnt_ctrl(c_xdevicefamily="a...]
Compiling architecture xilinx of entity xfft_v9_0_11.r22_cnt_ctrl [\r22_cnt_ctrl(c_xdevicefamily="a...]
Compiling architecture struct of entity c_shift_ram_v12_0_10.c_shift_ram_v12_0_10_legacy [\c_shift_ram_v12_0_10_legacy(c_x...]
Compiling architecture synth of entity c_shift_ram_v12_0_10.c_shift_ram_v12_0_10_viv [\c_shift_ram_v12_0_10_viv(c_xdev...]
Compiling architecture xilinx of entity xfft_v9_0_11.shift_ram [\shift_ram(c_xdevicefamily="arti...]
Compiling architecture struct of entity c_shift_ram_v12_0_10.c_shift_ram_v12_0_10_legacy [\c_shift_ram_v12_0_10_legacy(c_x...]
Compiling architecture synth of entity c_shift_ram_v12_0_10.c_shift_ram_v12_0_10_viv [\c_shift_ram_v12_0_10_viv(c_xdev...]
Compiling architecture xilinx of entity xfft_v9_0_11.shift_ram [\shift_ram(c_xdevicefamily="arti...]
Compiling architecture struct of entity c_shift_ram_v12_0_10.c_shift_ram_v12_0_10_legacy [\c_shift_ram_v12_0_10_legacy(c_x...]
Compiling architecture synth of entity c_shift_ram_v12_0_10.c_shift_ram_v12_0_10_viv [\c_shift_ram_v12_0_10_viv(c_xdev...]
Compiling architecture xilinx of entity xfft_v9_0_11.shift_ram [\shift_ram(c_xdevicefamily="arti...]
Compiling architecture struct of entity c_shift_ram_v12_0_10.c_shift_ram_v12_0_10_legacy [\c_shift_ram_v12_0_10_legacy(c_x...]
Compiling architecture synth of entity c_shift_ram_v12_0_10.c_shift_ram_v12_0_10_viv [\c_shift_ram_v12_0_10_viv(c_xdev...]
Compiling architecture xilinx of entity xfft_v9_0_11.shift_ram [\shift_ram(c_xdevicefamily="arti...]
Compiling architecture struct of entity c_shift_ram_v12_0_10.c_shift_ram_v12_0_10_legacy [\c_shift_ram_v12_0_10_legacy(c_x...]
Compiling architecture synth of entity c_shift_ram_v12_0_10.c_shift_ram_v12_0_10_viv [\c_shift_ram_v12_0_10_viv(c_xdev...]
Compiling architecture xilinx of entity xfft_v9_0_11.shift_ram [\shift_ram(c_xdevicefamily="arti...]
Compiling architecture struct of entity c_shift_ram_v12_0_10.c_shift_ram_v12_0_10_legacy [\c_shift_ram_v12_0_10_legacy(c_x...]
Compiling architecture synth of entity c_shift_ram_v12_0_10.c_shift_ram_v12_0_10_viv [\c_shift_ram_v12_0_10_viv(c_xdev...]
Compiling architecture xilinx of entity xfft_v9_0_11.shift_ram [\shift_ram(c_xdevicefamily="arti...]
Compiling architecture struct of entity c_shift_ram_v12_0_10.c_shift_ram_v12_0_10_legacy [\c_shift_ram_v12_0_10_legacy(c_x...]
Compiling architecture synth of entity c_shift_ram_v12_0_10.c_shift_ram_v12_0_10_viv [\c_shift_ram_v12_0_10_viv(c_xdev...]
Compiling architecture xilinx of entity xfft_v9_0_11.shift_ram [\shift_ram(c_xdevicefamily="arti...]
Compiling architecture xilinx of entity xfft_v9_0_11.shift_ram [\shift_ram(c_xdevicefamily="arti...]
Compiling architecture xilinx of entity xfft_v9_0_11.r22_bf_sp [\r22_bf_sp(c_xdevicefamily="arti...]
Compiling architecture xilinx of entity xfft_v9_0_11.shift_ram [\shift_ram(c_xdevicefamily="arti...]
Compiling architecture xilinx of entity xfft_v9_0_11.r22_bf_sp [\r22_bf_sp(c_xdevicefamily="arti...]
Compiling architecture xilinx of entity xfft_v9_0_11.shift_ram [\shift_ram(c_xdevicefamily="arti...]
Compiling architecture struct of entity c_shift_ram_v12_0_10.c_shift_ram_v12_0_10_legacy [\c_shift_ram_v12_0_10_legacy(c_x...]
Compiling architecture synth of entity c_shift_ram_v12_0_10.c_shift_ram_v12_0_10_viv [\c_shift_ram_v12_0_10_viv(c_xdev...]
Compiling architecture xilinx of entity xfft_v9_0_11.shift_ram [\shift_ram(c_xdevicefamily="arti...]
Compiling architecture structural of entity c_reg_fd_v12_0_3.c_reg_fd_v12_0_3_viv [\c_reg_fd_v12_0_3_viv(c_width=3,...]
Compiling architecture rtl of entity c_addsub_v12_0_10.c_addsub_v12_0_10_lut6_legacy [\c_addsub_v12_0_10_lut6_legacy(c...]
Compiling architecture synth of entity c_addsub_v12_0_10.c_addsub_v12_0_10_fabric_legacy [\c_addsub_v12_0_10_fabric_legacy...]
Compiling architecture synth of entity c_addsub_v12_0_10.c_addsub_v12_0_10_legacy [\c_addsub_v12_0_10_legacy(c_fami...]
Compiling architecture synth of entity c_addsub_v12_0_10.c_addsub_v12_0_10_viv [\c_addsub_v12_0_10_viv(c_xdevice...]
Compiling architecture xilinx of entity xfft_v9_0_11.adder [\adder(c_xdevicefamily="artix7",...]
Compiling architecture xilinx of entity xfft_v9_0_11.mux_bus4 [\mux_bus4(c_xdevicefamily="artix...]
Compiling architecture xilinx of entity xfft_v9_0_11.twgen_distmem [\twgen_distmem(theta_width=2,twi...]
Compiling architecture xilinx of entity xfft_v9_0_11.twiddle_gen [\twiddle_gen(c_xdevicefamily="ar...]
Compiling architecture xilinx of entity xfft_v9_0_11.r22_tw_gen [\r22_tw_gen(c_xdevicefamily="art...]
Compiling architecture xilinx of entity xfft_v9_0_11.shift_ram [\shift_ram(c_xdevicefamily="arti...]
Compiling architecture xilinx of entity xfft_v9_0_11.shift_ram [\shift_ram(c_xdevicefamily="arti...]
Compiling architecture xilinx of entity xfft_v9_0_11.r22_pe [\r22_pe(c_xdevicefamily="artix7"...]
Compiling architecture xilinx of entity xfft_v9_0_11.shift_ram [\shift_ram(c_xdevicefamily="arti...]
Compiling architecture xilinx of entity xfft_v9_0_11.shift_ram [\shift_ram(c_xdevicefamily="arti...]
Compiling architecture xilinx of entity xfft_v9_0_11.shift_ram [\shift_ram(c_xdevicefamily="arti...]
Compiling architecture xilinx of entity xfft_v9_0_11.shift_ram [\shift_ram(c_xdevicefamily="arti...]
Compiling architecture xilinx of entity xfft_v9_0_11.shift_ram [\shift_ram(c_xdevicefamily="arti...]
Compiling architecture xilinx of entity xfft_v9_0_11.r22_bf_sp [\r22_bf_sp(c_xdevicefamily="arti...]
Compiling architecture xilinx of entity xfft_v9_0_11.arith_shift1 [\arith_shift1(c_xdevicefamily="a...]
Compiling architecture xilinx of entity xfft_v9_0_11.r22_ovflo [\r22_ovflo(c_width=2,registered=...]
Compiling architecture xilinx of entity xfft_v9_0_11.shift_ram [\shift_ram(c_xdevicefamily="arti...]
Compiling architecture xilinx of entity xfft_v9_0_11.shift_ram [\shift_ram(c_xdevicefamily="arti...]
Compiling architecture xilinx of entity xfft_v9_0_11.shift_ram [\shift_ram(c_xdevicefamily="arti...]
Compiling architecture xilinx of entity xfft_v9_0_11.r22_pe [\r22_pe(c_xdevicefamily="artix7"...]
Compiling architecture xilinx of entity xfft_v9_0_11.shift_ram [\shift_ram(c_xdevicefamily="arti...]
Compiling architecture xilinx of entity xfft_v9_0_11.shift_ram [\shift_ram(c_xdevicefamily="arti...]
Compiling architecture xilinx of entity xfft_v9_0_11.shift_ram [\shift_ram(c_xdevicefamily="arti...]
Compiling architecture xilinx of entity xfft_v9_0_11.shift_ram [\shift_ram(c_xdevicefamily="arti...]
Compiling architecture rb18_internal_vhdl_v of entity unisim.RB18_INTERNAL_VHDL [\RB18_INTERNAL_VHDL(bram_size=18...]
Compiling architecture ramb18e1_v of entity unisim.RAMB18E1 [\RAMB18E1(dob_reg=1,read_width_b...]
Compiling architecture ramb18_v of entity unisim.RAMB18 [\RAMB18(dob_reg=1,read_width_b=9...]
Compiling architecture xilinx of entity xfft_v9_0_11.dpm [\dpm(c_xdevicefamily="artix7",wi...]
Compiling architecture xilinx of entity xfft_v9_0_11.r22_memory [\r22_memory(c_xdevicefamily="art...]
Compiling architecture xilinx of entity xfft_v9_0_11.shift_ram [\shift_ram(c_xdevicefamily="arti...]
Compiling architecture xilinx of entity xfft_v9_0_11.shift_ram [\shift_ram(c_xdevicefamily="arti...]
Compiling architecture xilinx of entity xfft_v9_0_11.r22_busy [\r22_busy(c_xdevicefamily="artix...]
Compiling architecture structural of entity c_reg_fd_v12_0_3.c_reg_fd_v12_0_3_viv [\c_reg_fd_v12_0_3_viv(c_width=11...]
Compiling architecture muxcy_v of entity unisim.MUXCY [muxcy_default]
Compiling architecture xorcy_v of entity unisim.XORCY [xorcy_default]
Compiling architecture rtl of entity c_addsub_v12_0_10.c_addsub_v12_0_10_lut6_legacy [\c_addsub_v12_0_10_lut6_legacy(c...]
Compiling architecture synth of entity c_addsub_v12_0_10.c_addsub_v12_0_10_fabric_legacy [\c_addsub_v12_0_10_fabric_legacy...]
Compiling architecture synth of entity c_addsub_v12_0_10.c_addsub_v12_0_10_legacy [\c_addsub_v12_0_10_legacy(c_fami...]
Compiling architecture synth of entity c_addsub_v12_0_10.c_addsub_v12_0_10_viv [\c_addsub_v12_0_10_viv(c_xdevice...]
Compiling architecture lut6_v of entity unisim.LUT6 [\LUT6(init="10010000000010010000...]
Compiling architecture xilinx of entity xfft_v9_0_11.equ_rtl [\equ_rtl(c_xdevicefamily="artix7...]
Compiling architecture fdre_v of entity unisim.FDRE [fdre_default]
Compiling architecture xilinx of entity xfft_v9_0_11.cnt_tc_rtl_a [\cnt_tc_rtl_a(c_xdevicefamily="a...]
Compiling architecture struct of entity c_shift_ram_v12_0_10.c_shift_ram_v12_0_10_legacy [\c_shift_ram_v12_0_10_legacy(c_x...]
Compiling architecture synth of entity c_shift_ram_v12_0_10.c_shift_ram_v12_0_10_viv [\c_shift_ram_v12_0_10_viv(c_xdev...]
Compiling architecture xilinx of entity xfft_v9_0_11.shift_ram [\shift_ram(c_xdevicefamily="arti...]
Compiling architecture xilinx of entity xfft_v9_0_11.r22_flow_ctrl [\r22_flow_ctrl(c_xdevicefamily="...]
Compiling architecture lut3_v of entity unisim.LUT3 [\LUT3(init="10101110")(0,7)\]
Compiling architecture xilinx of entity xfft_v9_0_11.r22_cnt_ctrl [\r22_cnt_ctrl(c_xdevicefamily="a...]
Compiling architecture srl16e_v of entity unisim.SRL16E [\SRL16E(0,15)\]
Compiling architecture xilinx of entity xfft_v9_0_11.shift_ram [\shift_ram(c_xdevicefamily="arti...]
Compiling architecture fdr_v of entity unisim.FDR [fdr_default]
Compiling architecture xilinx of entity xfft_v9_0_11.shift_ram [\shift_ram(c_xdevicefamily="arti...]
Compiling architecture xilinx of entity xfft_v9_0_11.shift_ram [\shift_ram(c_xdevicefamily="arti...]
Compiling architecture xilinx of entity xfft_v9_0_11.xfft_v9_0_11_d [\xfft_v9_0_11_d(c_xdevicefamily=...]
Compiling architecture synth of entity xfft_v9_0_11.xfft_v9_0_11_core [\xfft_v9_0_11_core(c_xdevicefami...]
Compiling architecture synth of entity xfft_v9_0_11.xfft_v9_0_11_viv [\xfft_v9_0_11_viv(c_xdevicefamil...]
Compiling architecture xilinx of entity xfft_v9_0_11.xfft_v9_0_11 [\xfft_v9_0_11(c_xdevicefamily="a...]
Compiling architecture fft_arch of entity xil_defaultlib.FFT [fft_default]
Compiling module xil_defaultlib.FFT_Control
Compiling module xil_defaultlib.TOP
Compiling module xil_defaultlib.tb_fft
Compiling module xil_defaultlib.glbl
Built simulation snapshot tb_fft_behav
run_program: Time (s): cpu = 00:00:06 ; elapsed = 00:02:58 . Memory (MB): peak = 830.387 ; gain = 0.000
INFO: [USF-XSim-69] 'elaborate' step finished in '177' seconds
INFO: [USF-XSim-4] XSim::Simulate design
INFO: [USF-XSim-61] Executing 'SIMULATE' step in 'E:/Workspace/Vivado_16.4/2017_11_5_FFT/FFT.sim/sim_1/behav'
INFO: [USF-XSim-98] *** Running xsim
   with args "tb_fft_behav -key {Behavioral:sim_1:Functional:tb_fft} -tclbatch {tb_fft.tcl} -log {simulate.log}"
INFO: [USF-XSim-8] Loading simulator feature
Vivado Simulator 2016.4
Time resolution is 1 ps
source tb_fft.tcl
# set curr_wave [current_wave_config]
# if { [string length $curr_wave] == 0 } {
#   if { [llength [get_objects]] > 0} {
#     add_wave /
#     set_property needs_save false [current_wave_config]
#   } else {
#      send_msg_id Add_Wave-1 WARNING "No top level signals found. Simulator will start without a wave window. If you want to open a wave window go to 'File->New Waveform Configuration' or type 'create_wave_config' in the TCL console."
#   }
# }
# run 1000ns
 Block Memory Generator module loading initial data...
 Block Memory Generator data initialization complete.
Block Memory Generator module tb_fft.TOP_inst0.test_wave_inst0.ROM_inst0.inst.native_mem_module.blk_mem_gen_v8_3_5_inst is using a behavioral model for simulation which will not precisely model memory collision behavior.
Warning: WARNING: SCLR is not implemented in this block to try and improve timing - may affect behaviour!
Time: 0 ps  Iteration: 0
Warning: WARNING: SCLR is not implemented in this block to try and improve timing - may affect behaviour!
Time: 0 ps  Iteration: 0
Warning: WARNING: SCLR is not implemented in this block to try and improve timing - may affect behaviour!
Time: 0 ps  Iteration: 0
Warning: WARNING: SCLR is not implemented in this block to try and improve timing - may affect behaviour!
Time: 0 ps  Iteration: 0
Warning: WARNING: SCLR is not implemented in this block to try and improve timing - may affect behaviour!
Time: 0 ps  Iteration: 0
Warning: WARNING: SCLR is not implemented in this block to try and improve timing - may affect behaviour!
Time: 0 ps  Iteration: 0
INFO: [USF-XSim-96] XSim completed. Design snapshot 'tb_fft_behav' loaded.
INFO: [USF-XSim-97] XSim simulation ran for 1000ns
launch_simulation: Time (s): cpu = 00:00:12 ; elapsed = 00:03:06 . Memory (MB): peak = 830.387 ; gain = 0.000
restart
INFO: [Simtcl 6-17] Simulation restarted
add_wave {{/tb_fft/TOP_inst0/FFT_Control_inst1/sclk}} {{/tb_fft/TOP_inst0/FFT_Control_inst1/data_in}} {{/tb_fft/TOP_inst0/FFT_Control_inst1/data_out_re}} {{/tb_fft/TOP_inst0/FFT_Control_inst1/data_out_im}} {{/tb_fft/TOP_inst0/FFT_Control_inst1/s_axis_config_tdata}} {{/tb_fft/TOP_inst0/FFT_Control_inst1/s_axis_data_tdata}} {{/tb_fft/TOP_inst0/FFT_Control_inst1/s_axis_config_tvalid}} {{/tb_fft/TOP_inst0/FFT_Control_inst1/s_axis_data_tvalid}} {{/tb_fft/TOP_inst0/FFT_Control_inst1/s_axis_data_tlast}} {{/tb_fft/TOP_inst0/FFT_Control_inst1/m_axis_data_tready}} {{/tb_fft/TOP_inst0/FFT_Control_inst1/m_axis_status_tready}} {{/tb_fft/TOP_inst0/FFT_Control_inst1/m_axis_data_tdata}} {{/tb_fft/TOP_inst0/FFT_Control_inst1/s_axis_config_tready}} {{/tb_fft/TOP_inst0/FFT_Control_inst1/s_axis_data_tready}} {{/tb_fft/TOP_inst0/FFT_Control_inst1/m_axis_data_tvalid}} {{/tb_fft/TOP_inst0/FFT_Control_inst1/m_axis_data_tlast}} {{/tb_fft/TOP_inst0/FFT_Control_inst1/event_frame_started}} {{/tb_fft/TOP_inst0/FFT_Control_inst1/event_tlast_unexpected}} {{/tb_fft/TOP_inst0/FFT_Control_inst1/event_tlast_missing}} {{/tb_fft/TOP_inst0/FFT_Control_inst1/event_status_channel_halt}} {{/tb_fft/TOP_inst0/FFT_Control_inst1/event_data_in_channel_halt}} {{/tb_fft/TOP_inst0/FFT_Control_inst1/event_data_out_channel_halt}} {{/tb_fft/TOP_inst0/FFT_Control_inst1/event_fft_overflow}} {{/tb_fft/TOP_inst0/FFT_Control_inst1/m_axis_data_tuser}} {{/tb_fft/TOP_inst0/FFT_Control_inst1/m_axis_status_tdata}} {{/tb_fft/TOP_inst0/FFT_Control_inst1/m_axis_status_tvalid}} 
run 1 us
 Block Memory Generator module loading initial data...
 Block Memory Generator data initialization complete.
Block Memory Generator module tb_fft.TOP_inst0.test_wave_inst0.ROM_inst0.inst.native_mem_module.blk_mem_gen_v8_3_5_inst is using a behavioral model for simulation which will not precisely model memory collision behavior.
Warning: WARNING: SCLR is not implemented in this block to try and improve timing - may affect behaviour!
Time: 0 ps  Iteration: 0
Warning: WARNING: SCLR is not implemented in this block to try and improve timing - may affect behaviour!
Time: 0 ps  Iteration: 0
Warning: WARNING: SCLR is not implemented in this block to try and improve timing - may affect behaviour!
Time: 0 ps  Iteration: 0
Warning: WARNING: SCLR is not implemented in this block to try and improve timing - may affect behaviour!
Time: 0 ps  Iteration: 0
Warning: WARNING: SCLR is not implemented in this block to try and improve timing - may affect behaviour!
Time: 0 ps  Iteration: 0
Warning: WARNING: SCLR is not implemented in this block to try and improve timing - may affect behaviour!
Time: 0 ps  Iteration: 0
close_sim
INFO: [Simtcl 6-16] Simulation closed
launch_simulation
INFO: [Vivado 12-4795] Using compiled simulation libraries for IPs
INFO: [SIM-utils-51] Simulation object is 'sim_1'
INFO: [USF-XSim-7] Finding pre-compiled libraries...
INFO: [USF-XSim-11] File 'E:/Softwares/Vivado/Vivado/2016.4/data/xsim/ip/xsim_ip.ini' copied to run dir:'E:/Workspace/Vivado_16.4/2017_11_5_FFT/FFT.sim/sim_1/behav'
INFO: [USF-XSim-37] Inspecting design source files for 'tb_fft' in fileset 'sim_1'...
INFO: [SIM-utils-43] Exported 'E:/Workspace/Vivado_16.4/2017_11_5_FFT/FFT.sim/sim_1/behav/ROM.mif'
INFO: [SIM-utils-43] Exported 'E:/Workspace/Vivado_16.4/2017_11_5_FFT/FFT.sim/sim_1/behav/cos_14_1024_signed.coe'
INFO: [USF-XSim-97] Finding global include files...
INFO: [USF-XSim-98] Fetching design files from 'sim_1'...
INFO: [USF-XSim-2] XSim::Compile design
INFO: [USF-XSim-61] Executing 'COMPILE and ANALYZE' step in 'E:/Workspace/Vivado_16.4/2017_11_5_FFT/FFT.sim/sim_1/behav'
"xvlog -m64 --relax -prj tb_fft_vlog.prj"
INFO: [VRFC 10-2263] Analyzing Verilog file "E:/Workspace/Vivado_16.4/2017_11_5_FFT/TestBeach/tb_fft.v" into library xil_defaultlib
INFO: [VRFC 10-311] analyzing module tb_fft
ERROR: [VRFC 10-1280] procedural assignment to a non-register data_out is not permitted, left-hand side should be reg/integer/time/genvar [E:/Workspace/Vivado_16.4/2017_11_5_FFT/TestBeach/tb_fft.v:15]
ERROR: [VRFC 10-1280] procedural assignment to a non-register data_out is not permitted, left-hand side should be reg/integer/time/genvar [E:/Workspace/Vivado_16.4/2017_11_5_FFT/TestBeach/tb_fft.v:15]
ERROR: [VRFC 10-1040] module tb_fft ignored due to previous errors [E:/Workspace/Vivado_16.4/2017_11_5_FFT/TestBeach/tb_fft.v:3]
INFO: [USF-XSim-69] 'compile' step finished in '1' seconds
INFO: [USF-XSim-99] Step results log file:'E:/Workspace/Vivado_16.4/2017_11_5_FFT/FFT.sim/sim_1/behav/xvlog.log'
ERROR: [USF-XSim-62] 'compile' step failed with error(s). Please check the Tcl console output or 'E:/Workspace/Vivado_16.4/2017_11_5_FFT/FFT.sim/sim_1/behav/xvlog.log' file for more information.
ERROR: [Vivado 12-4473] Detected error while running simulation. Please correct the issue and retry this operation.
ERROR: [Common 17-39] 'launch_simulation' failed due to earlier errors.
reset_run synth_1
launch_runs synth_1 -jobs 4
INFO: [HDL 9-1061] Parsing VHDL file "e:/Workspace/Vivado_16.4/2017_11_5_FFT/Design/IP_Core/ADD/ADD/synth/ADD.vhd" into library xil_defaultlib [e:/Workspace/Vivado_16.4/2017_11_5_FFT/Design/IP_Core/ADD/ADD/synth/ADD.vhd:1]
[Tue Nov 07 23:56:58 2017] Launched synth_1...
Run output will be captured here: E:/Workspace/Vivado_16.4/2017_11_5_FFT/FFT.runs/synth_1/runme.log
launch_simulation
INFO: [Vivado 12-4795] Using compiled simulation libraries for IPs
INFO: [SIM-utils-51] Simulation object is 'sim_1'
INFO: [USF-XSim-7] Finding pre-compiled libraries...
INFO: [USF-XSim-11] File 'E:/Softwares/Vivado/Vivado/2016.4/data/xsim/ip/xsim_ip.ini' copied to run dir:'E:/Workspace/Vivado_16.4/2017_11_5_FFT/FFT.sim/sim_1/behav'
INFO: [USF-XSim-37] Inspecting design source files for 'tb_fft' in fileset 'sim_1'...
INFO: [SIM-utils-43] Exported 'E:/Workspace/Vivado_16.4/2017_11_5_FFT/FFT.sim/sim_1/behav/ROM.mif'
INFO: [SIM-utils-43] Exported 'E:/Workspace/Vivado_16.4/2017_11_5_FFT/FFT.sim/sim_1/behav/cos_14_1024_signed.coe'
INFO: [USF-XSim-97] Finding global include files...
INFO: [USF-XSim-98] Fetching design files from 'sim_1'...
INFO: [USF-XSim-2] XSim::Compile design
INFO: [USF-XSim-61] Executing 'COMPILE and ANALYZE' step in 'E:/Workspace/Vivado_16.4/2017_11_5_FFT/FFT.sim/sim_1/behav'
"xvlog -m64 --relax -prj tb_fft_vlog.prj"
INFO: [VRFC 10-2263] Analyzing Verilog file "E:/Workspace/Vivado_16.4/2017_11_5_FFT/TestBeach/tb_fft.v" into library xil_defaultlib
INFO: [VRFC 10-311] analyzing module tb_fft
ERROR: [VRFC 10-1280] procedural assignment to a non-register data_out is not permitted, left-hand side should be reg/integer/time/genvar [E:/Workspace/Vivado_16.4/2017_11_5_FFT/TestBeach/tb_fft.v:15]
ERROR: [VRFC 10-1280] procedural assignment to a non-register data_out is not permitted, left-hand side should be reg/integer/time/genvar [E:/Workspace/Vivado_16.4/2017_11_5_FFT/TestBeach/tb_fft.v:15]
ERROR: [VRFC 10-1040] module tb_fft ignored due to previous errors [E:/Workspace/Vivado_16.4/2017_11_5_FFT/TestBeach/tb_fft.v:3]
INFO: [USF-XSim-69] 'compile' step finished in '1' seconds
INFO: [USF-XSim-99] Step results log file:'E:/Workspace/Vivado_16.4/2017_11_5_FFT/FFT.sim/sim_1/behav/xvlog.log'
ERROR: [USF-XSim-62] 'compile' step failed with error(s). Please check the Tcl console output or 'E:/Workspace/Vivado_16.4/2017_11_5_FFT/FFT.sim/sim_1/behav/xvlog.log' file for more information.
ERROR: [Vivado 12-4473] Detected error while running simulation. Please correct the issue and retry this operation.
ERROR: [Common 17-39] 'launch_simulation' failed due to earlier errors.
reset_run synth_1
launch_runs synth_1 -jobs 4
INFO: [HDL 9-1061] Parsing VHDL file "e:/Workspace/Vivado_16.4/2017_11_5_FFT/Design/IP_Core/ADD/ADD/synth/ADD.vhd" into library xil_defaultlib [e:/Workspace/Vivado_16.4/2017_11_5_FFT/Design/IP_Core/ADD/ADD/synth/ADD.vhd:1]
[Wed Nov 08 00:03:49 2017] Launched synth_1...
Run output will be captured here: E:/Workspace/Vivado_16.4/2017_11_5_FFT/FFT.runs/synth_1/runme.log
reset_run synth_1
launch_runs synth_1 -jobs 4
INFO: [HDL 9-1061] Parsing VHDL file "e:/Workspace/Vivado_16.4/2017_11_5_FFT/Design/IP_Core/ADD/ADD/synth/ADD.vhd" into library xil_defaultlib [e:/Workspace/Vivado_16.4/2017_11_5_FFT/Design/IP_Core/ADD/ADD/synth/ADD.vhd:1]
[Wed Nov 08 00:10:09 2017] Launched synth_1...
Run output will be captured here: E:/Workspace/Vivado_16.4/2017_11_5_FFT/FFT.runs/synth_1/runme.log
reset_run synth_1
launch_runs synth_1 -jobs 4
INFO: [HDL 9-1061] Parsing VHDL file "e:/Workspace/Vivado_16.4/2017_11_5_FFT/Design/IP_Core/ADD/ADD/synth/ADD.vhd" into library xil_defaultlib [e:/Workspace/Vivado_16.4/2017_11_5_FFT/Design/IP_Core/ADD/ADD/synth/ADD.vhd:1]
[Wed Nov 08 00:22:56 2017] Launched synth_1...
Run output will be captured here: E:/Workspace/Vivado_16.4/2017_11_5_FFT/FFT.runs/synth_1/runme.log
launch_simulation
INFO: [Vivado 12-4795] Using compiled simulation libraries for IPs
INFO: [SIM-utils-51] Simulation object is 'sim_1'
INFO: [USF-XSim-7] Finding pre-compiled libraries...
INFO: [USF-XSim-11] File 'E:/Softwares/Vivado/Vivado/2016.4/data/xsim/ip/xsim_ip.ini' copied to run dir:'E:/Workspace/Vivado_16.4/2017_11_5_FFT/FFT.sim/sim_1/behav'
INFO: [USF-XSim-37] Inspecting design source files for 'tb_fft' in fileset 'sim_1'...
INFO: [SIM-utils-43] Exported 'E:/Workspace/Vivado_16.4/2017_11_5_FFT/FFT.sim/sim_1/behav/ROM.mif'
INFO: [SIM-utils-43] Exported 'E:/Workspace/Vivado_16.4/2017_11_5_FFT/FFT.sim/sim_1/behav/cos_14_1024_signed.coe'
INFO: [USF-XSim-97] Finding global include files...
INFO: [USF-XSim-98] Fetching design files from 'sim_1'...
INFO: [USF-XSim-2] XSim::Compile design
INFO: [USF-XSim-61] Executing 'COMPILE and ANALYZE' step in 'E:/Workspace/Vivado_16.4/2017_11_5_FFT/FFT.sim/sim_1/behav'
"xvlog -m64 --relax -prj tb_fft_vlog.prj"
INFO: [VRFC 10-2263] Analyzing Verilog file "E:/Workspace/Vivado_16.4/2017_11_5_FFT/TestBeach/tb_fft.v" into library xil_defaultlib
INFO: [VRFC 10-311] analyzing module tb_fft
ERROR: [VRFC 10-1280] procedural assignment to a non-register data_out is not permitted, left-hand side should be reg/integer/time/genvar [E:/Workspace/Vivado_16.4/2017_11_5_FFT/TestBeach/tb_fft.v:31]
ERROR: [VRFC 10-1280] procedural assignment to a non-register data_out is not permitted, left-hand side should be reg/integer/time/genvar [E:/Workspace/Vivado_16.4/2017_11_5_FFT/TestBeach/tb_fft.v:31]
ERROR: [VRFC 10-1040] module tb_fft ignored due to previous errors [E:/Workspace/Vivado_16.4/2017_11_5_FFT/TestBeach/tb_fft.v:3]
INFO: [USF-XSim-69] 'compile' step finished in '1' seconds
INFO: [USF-XSim-99] Step results log file:'E:/Workspace/Vivado_16.4/2017_11_5_FFT/FFT.sim/sim_1/behav/xvlog.log'
ERROR: [USF-XSim-62] 'compile' step failed with error(s). Please check the Tcl console output or 'E:/Workspace/Vivado_16.4/2017_11_5_FFT/FFT.sim/sim_1/behav/xvlog.log' file for more information.
ERROR: [Vivado 12-4473] Detected error while running simulation. Please correct the issue and retry this operation.
ERROR: [Common 17-39] 'launch_simulation' failed due to earlier errors.
launch_simulation
INFO: [Vivado 12-4795] Using compiled simulation libraries for IPs
INFO: [SIM-utils-51] Simulation object is 'sim_1'
INFO: [USF-XSim-7] Finding pre-compiled libraries...
INFO: [USF-XSim-11] File 'E:/Softwares/Vivado/Vivado/2016.4/data/xsim/ip/xsim_ip.ini' copied to run dir:'E:/Workspace/Vivado_16.4/2017_11_5_FFT/FFT.sim/sim_1/behav'
INFO: [USF-XSim-37] Inspecting design source files for 'tb_fft' in fileset 'sim_1'...
INFO: [SIM-utils-43] Exported 'E:/Workspace/Vivado_16.4/2017_11_5_FFT/FFT.sim/sim_1/behav/ROM.mif'
INFO: [SIM-utils-43] Exported 'E:/Workspace/Vivado_16.4/2017_11_5_FFT/FFT.sim/sim_1/behav/cos_14_1024_signed.coe'
INFO: [USF-XSim-97] Finding global include files...
INFO: [USF-XSim-98] Fetching design files from 'sim_1'...
INFO: [USF-XSim-2] XSim::Compile design
INFO: [USF-XSim-61] Executing 'COMPILE and ANALYZE' step in 'E:/Workspace/Vivado_16.4/2017_11_5_FFT/FFT.sim/sim_1/behav'
"xvlog -m64 --relax -prj tb_fft_vlog.prj"
INFO: [VRFC 10-2263] Analyzing Verilog file "E:/Workspace/Vivado_16.4/2017_11_5_FFT/TestBeach/tb_fft.v" into library xil_defaultlib
INFO: [VRFC 10-311] analyzing module tb_fft
INFO: [VRFC 10-2263] Analyzing Verilog file "E:/Workspace/Vivado_16.4/2017_11_5_FFT/FFT.sim/sim_1/behav/glbl.v" into library xil_defaultlib
INFO: [VRFC 10-311] analyzing module glbl
INFO: [USF-XSim-69] 'compile' step finished in '1' seconds
INFO: [USF-XSim-3] XSim::Elaborate design
INFO: [USF-XSim-61] Executing 'ELABORATE' step in 'E:/Workspace/Vivado_16.4/2017_11_5_FFT/FFT.sim/sim_1/behav'
Vivado Simulator 2016.4
Copyright 1986-1999, 2001-2016 Xilinx, Inc. All Rights Reserved.
Running: E:/Softwares/Vivado/Vivado/2016.4/bin/unwrapped/win64.o/xelab.exe -wto 63a46008f5d845f7b87a208ca3c1b077 --debug typical --relax --mt 2 -L xil_defaultlib -L unisims_ver -L unimacro_ver -L secureip -L xpm --snapshot tb_fft_behav xil_defaultlib.tb_fft xil_defaultlib.glbl -log elaborate.log 
Using 2 slave threads.
Starting static elaboration
Completed static elaboration
ERROR: [XSIM 43-4287] "E:/Workspace/Vivado_16.4/2017_11_5_FFT/TestBeach/tb_fft.v" Line 27. Undefined system task '$readmenb'
INFO: [USF-XSim-69] 'elaborate' step finished in '1' seconds
INFO: [USF-XSim-99] Step results log file:'E:/Workspace/Vivado_16.4/2017_11_5_FFT/FFT.sim/sim_1/behav/elaborate.log'
ERROR: [USF-XSim-62] 'elaborate' step failed with error(s). Please check the Tcl console output or 'E:/Workspace/Vivado_16.4/2017_11_5_FFT/FFT.sim/sim_1/behav/elaborate.log' file for more information.
ERROR: [Vivado 12-4473] Detected error while running simulation. Please correct the issue and retry this operation.
ERROR: [Common 17-39] 'launch_simulation' failed due to earlier errors.
open_run synth_1 -name synth_1
Design is defaulting to impl run constrset: constrs_1
Design is defaulting to synth run part: xc7a35tftg256-1
INFO: [Project 1-454] Reading design checkpoint 'e:/Workspace/Vivado_16.4/2017_11_5_FFT/Design/IP_Core/FFT/FFT/FFT.dcp' for cell 'FFT_Control_inst1/FFT_inst0'
INFO: [Project 1-454] Reading design checkpoint 'e:/Workspace/Vivado_16.4/2017_11_5_FFT/Design/IP_Core/ROM/ROM/ROM.dcp' for cell 'test_wave_inst0/ROM_inst0'
INFO: [Netlist 29-17] Analyzing 400 Unisim elements for replacement
INFO: [Netlist 29-28] Unisim Transformation completed in 0 CPU seconds
INFO: [Project 1-479] Netlist was created with Vivado 2016.4
INFO: [Device 21-403] Loading part xc7a35tftg256-1
INFO: [Project 1-570] Preparing netlist for logic optimization
INFO: [Project 1-538] Using original IP XDC constraints instead of the XDC constraints in dcp 'e:/Workspace/Vivado_16.4/2017_11_5_FFT/Design/IP_Core/ROM/ROM/ROM.dcp'
INFO: [Project 1-538] Using original IP XDC constraints instead of the XDC constraints in dcp 'e:/Workspace/Vivado_16.4/2017_11_5_FFT/Design/IP_Core/FFT/FFT/FFT.dcp'
INFO: [Opt 31-138] Pushed 0 inverter(s) to 0 load pin(s).
INFO: [Project 1-111] Unisim Transformation Summary:
No Unisim elements were transformed.

open_run: Time (s): cpu = 00:00:25 ; elapsed = 00:00:18 . Memory (MB): peak = 1196.621 ; gain = 237.461
close_design
launch_simulation
INFO: [Vivado 12-4795] Using compiled simulation libraries for IPs
INFO: [SIM-utils-51] Simulation object is 'sim_1'
INFO: [USF-XSim-7] Finding pre-compiled libraries...
INFO: [USF-XSim-11] File 'E:/Softwares/Vivado/Vivado/2016.4/data/xsim/ip/xsim_ip.ini' copied to run dir:'E:/Workspace/Vivado_16.4/2017_11_5_FFT/FFT.sim/sim_1/behav'
INFO: [USF-XSim-37] Inspecting design source files for 'tb_fft' in fileset 'sim_1'...
INFO: [SIM-utils-43] Exported 'E:/Workspace/Vivado_16.4/2017_11_5_FFT/FFT.sim/sim_1/behav/ROM.mif'
INFO: [SIM-utils-43] Exported 'E:/Workspace/Vivado_16.4/2017_11_5_FFT/FFT.sim/sim_1/behav/cos_14_1024_signed.coe'
INFO: [USF-XSim-97] Finding global include files...
INFO: [USF-XSim-98] Fetching design files from 'sim_1'...
INFO: [USF-XSim-2] XSim::Compile design
INFO: [USF-XSim-61] Executing 'COMPILE and ANALYZE' step in 'E:/Workspace/Vivado_16.4/2017_11_5_FFT/FFT.sim/sim_1/behav'
"xvlog -m64 --relax -prj tb_fft_vlog.prj"
INFO: [VRFC 10-2263] Analyzing Verilog file "E:/Workspace/Vivado_16.4/2017_11_5_FFT/TestBeach/tb_fft.v" into library xil_defaultlib
INFO: [VRFC 10-311] analyzing module tb_fft
INFO: [VRFC 10-2263] Analyzing Verilog file "E:/Workspace/Vivado_16.4/2017_11_5_FFT/FFT.sim/sim_1/behav/glbl.v" into library xil_defaultlib
INFO: [VRFC 10-311] analyzing module glbl
INFO: [USF-XSim-69] 'compile' step finished in '1' seconds
INFO: [USF-XSim-3] XSim::Elaborate design
INFO: [USF-XSim-61] Executing 'ELABORATE' step in 'E:/Workspace/Vivado_16.4/2017_11_5_FFT/FFT.sim/sim_1/behav'
Vivado Simulator 2016.4
Copyright 1986-1999, 2001-2016 Xilinx, Inc. All Rights Reserved.
Running: E:/Softwares/Vivado/Vivado/2016.4/bin/unwrapped/win64.o/xelab.exe -wto 63a46008f5d845f7b87a208ca3c1b077 --debug typical --relax --mt 2 -L xil_defaultlib -L unisims_ver -L unimacro_ver -L secureip -L xpm --snapshot tb_fft_behav xil_defaultlib.tb_fft xil_defaultlib.glbl -log elaborate.log 
Using 2 slave threads.
Starting static elaboration
Completed static elaboration
ERROR: [XSIM 43-4287] "E:/Workspace/Vivado_16.4/2017_11_5_FFT/TestBeach/tb_fft.v" Line 27. Undefined system task '$readmenh'
INFO: [USF-XSim-69] 'elaborate' step finished in '1' seconds
INFO: [USF-XSim-99] Step results log file:'E:/Workspace/Vivado_16.4/2017_11_5_FFT/FFT.sim/sim_1/behav/elaborate.log'
ERROR: [USF-XSim-62] 'elaborate' step failed with error(s). Please check the Tcl console output or 'E:/Workspace/Vivado_16.4/2017_11_5_FFT/FFT.sim/sim_1/behav/elaborate.log' file for more information.
ERROR: [Vivado 12-4473] Detected error while running simulation. Please correct the issue and retry this operation.
ERROR: [Common 17-39] 'launch_simulation' failed due to earlier errors.
launch_simulation
INFO: [Vivado 12-4795] Using compiled simulation libraries for IPs
INFO: [SIM-utils-51] Simulation object is 'sim_1'
INFO: [USF-XSim-7] Finding pre-compiled libraries...
INFO: [USF-XSim-11] File 'E:/Softwares/Vivado/Vivado/2016.4/data/xsim/ip/xsim_ip.ini' copied to run dir:'E:/Workspace/Vivado_16.4/2017_11_5_FFT/FFT.sim/sim_1/behav'
INFO: [USF-XSim-37] Inspecting design source files for 'tb_fft' in fileset 'sim_1'...
INFO: [SIM-utils-43] Exported 'E:/Workspace/Vivado_16.4/2017_11_5_FFT/FFT.sim/sim_1/behav/ROM.mif'
INFO: [SIM-utils-43] Exported 'E:/Workspace/Vivado_16.4/2017_11_5_FFT/FFT.sim/sim_1/behav/cos_14_1024_signed.coe'
INFO: [USF-XSim-97] Finding global include files...
INFO: [USF-XSim-98] Fetching design files from 'sim_1'...
INFO: [USF-XSim-2] XSim::Compile design
INFO: [USF-XSim-61] Executing 'COMPILE and ANALYZE' step in 'E:/Workspace/Vivado_16.4/2017_11_5_FFT/FFT.sim/sim_1/behav'
"xvlog -m64 --relax -prj tb_fft_vlog.prj"
INFO: [VRFC 10-2263] Analyzing Verilog file "E:/Workspace/Vivado_16.4/2017_11_5_FFT/TestBeach/tb_fft.v" into library xil_defaultlib
INFO: [VRFC 10-311] analyzing module tb_fft
INFO: [VRFC 10-2263] Analyzing Verilog file "E:/Workspace/Vivado_16.4/2017_11_5_FFT/FFT.sim/sim_1/behav/glbl.v" into library xil_defaultlib
INFO: [VRFC 10-311] analyzing module glbl
INFO: [USF-XSim-69] 'compile' step finished in '1' seconds
INFO: [USF-XSim-3] XSim::Elaborate design
INFO: [USF-XSim-61] Executing 'ELABORATE' step in 'E:/Workspace/Vivado_16.4/2017_11_5_FFT/FFT.sim/sim_1/behav'
Vivado Simulator 2016.4
Copyright 1986-1999, 2001-2016 Xilinx, Inc. All Rights Reserved.
Running: E:/Softwares/Vivado/Vivado/2016.4/bin/unwrapped/win64.o/xelab.exe -wto 63a46008f5d845f7b87a208ca3c1b077 --debug typical --relax --mt 2 -L xil_defaultlib -L unisims_ver -L unimacro_ver -L secureip -L xpm --snapshot tb_fft_behav xil_defaultlib.tb_fft xil_defaultlib.glbl -log elaborate.log 
Using 2 slave threads.
Starting static elaboration
Completed static elaboration
Starting simulation data flow analysis
Completed simulation data flow analysis
Time Resolution for simulation is 1ps
Compiling module xil_defaultlib.tb_fft
Compiling module xil_defaultlib.glbl
Built simulation snapshot tb_fft_behav
INFO: [USF-XSim-69] 'elaborate' step finished in '2' seconds
INFO: [USF-XSim-4] XSim::Simulate design
INFO: [USF-XSim-61] Executing 'SIMULATE' step in 'E:/Workspace/Vivado_16.4/2017_11_5_FFT/FFT.sim/sim_1/behav'
INFO: [USF-XSim-98] *** Running xsim
   with args "tb_fft_behav -key {Behavioral:sim_1:Functional:tb_fft} -tclbatch {tb_fft.tcl} -log {simulate.log}"
INFO: [USF-XSim-8] Loading simulator feature
Vivado Simulator 2016.4
Time resolution is 1 ps
source tb_fft.tcl
# set curr_wave [current_wave_config]
# if { [string length $curr_wave] == 0 } {
#   if { [llength [get_objects]] > 0} {
#     add_wave /
#     set_property needs_save false [current_wave_config]
#   } else {
#      send_msg_id Add_Wave-1 WARNING "No top level signals found. Simulator will start without a wave window. If you want to open a wave window go to 'File->New Waveform Configuration' or type 'create_wave_config' in the TCL console."
#   }
# }
# run 1000ns
WARNING: File sin_data.txt referenced on E:/Workspace/Vivado_16.4/2017_11_5_FFT/TestBeach/tb_fft.v at line 27 cannot be opened for reading. Please ensure that this file is available in the current working directory.
INFO: [USF-XSim-96] XSim completed. Design snapshot 'tb_fft_behav' loaded.
INFO: [USF-XSim-97] XSim simulation ran for 1000ns
launch_simulation: Time (s): cpu = 00:00:03 ; elapsed = 00:00:06 . Memory (MB): peak = 1196.621 ; gain = 0.000
relaunch_sim
INFO: [Vivado 12-4795] Using compiled simulation libraries for IPs
INFO: [SIM-utils-51] Simulation object is 'sim_1'
INFO: [USF-XSim-7] Finding pre-compiled libraries...
INFO: [USF-XSim-11] File 'E:/Softwares/Vivado/Vivado/2016.4/data/xsim/ip/xsim_ip.ini' copied to run dir:'E:/Workspace/Vivado_16.4/2017_11_5_FFT/FFT.sim/sim_1/behav'
INFO: [USF-XSim-37] Inspecting design source files for 'tb_fft' in fileset 'sim_1'...
INFO: [SIM-utils-43] Exported 'E:/Workspace/Vivado_16.4/2017_11_5_FFT/FFT.sim/sim_1/behav/ROM.mif'
INFO: [SIM-utils-43] Exported 'E:/Workspace/Vivado_16.4/2017_11_5_FFT/FFT.sim/sim_1/behav/cos_14_1024_signed.coe'
INFO: [USF-XSim-97] Finding global include files...
INFO: [USF-XSim-98] Fetching design files from 'sim_1'...
INFO: [USF-XSim-2] XSim::Compile design
INFO: [USF-XSim-61] Executing 'COMPILE and ANALYZE' step in 'E:/Workspace/Vivado_16.4/2017_11_5_FFT/FFT.sim/sim_1/behav'
"xvlog -m64 --relax -prj tb_fft_vlog.prj"
INFO: [VRFC 10-2263] Analyzing Verilog file "E:/Workspace/Vivado_16.4/2017_11_5_FFT/TestBeach/tb_fft.v" into library xil_defaultlib
INFO: [VRFC 10-311] analyzing module tb_fft
INFO: [VRFC 10-2263] Analyzing Verilog file "E:/Workspace/Vivado_16.4/2017_11_5_FFT/FFT.sim/sim_1/behav/glbl.v" into library xil_defaultlib
INFO: [VRFC 10-311] analyzing module glbl
INFO: [USF-XSim-69] 'compile' step finished in '1' seconds
INFO: [Vivado 12-4795] Using compiled simulation libraries for IPs
INFO: [USF-XSim-3] XSim::Elaborate design
INFO: [USF-XSim-61] Executing 'ELABORATE' step in 'E:/Workspace/Vivado_16.4/2017_11_5_FFT/FFT.sim/sim_1/behav'
Vivado Simulator 2016.4
Copyright 1986-1999, 2001-2016 Xilinx, Inc. All Rights Reserved.
Running: E:/Softwares/Vivado/Vivado/2016.4/bin/unwrapped/win64.o/xelab.exe -wto 63a46008f5d845f7b87a208ca3c1b077 --debug typical --relax --mt 2 -L xil_defaultlib -L unisims_ver -L unimacro_ver -L secureip -L xpm --snapshot tb_fft_behav xil_defaultlib.tb_fft xil_defaultlib.glbl -log elaborate.log 
Using 2 slave threads.
Starting static elaboration
Completed static elaboration
Starting simulation data flow analysis
Completed simulation data flow analysis
Time Resolution for simulation is 1ps
Compiling module xil_defaultlib.tb_fft
Compiling module xil_defaultlib.glbl
Built simulation snapshot tb_fft_behav
INFO: [USF-XSim-69] 'elaborate' step finished in '1' seconds
Vivado Simulator 2016.4
Time resolution is 1 ps
WARNING: File sin_data.txt referenced on E:/Workspace/Vivado_16.4/2017_11_5_FFT/TestBeach/tb_fft.v at line 27 cannot be opened for reading. Please ensure that this file is available in the current working directory.
relaunch_sim: Time (s): cpu = 00:00:01 ; elapsed = 00:00:05 . Memory (MB): peak = 1196.621 ; gain = 0.000
run 1 us
run 1 us
run 1 us
run 1 us
run 1 us
run 1 us
run 10 us
relaunch_sim
INFO: [Vivado 12-4795] Using compiled simulation libraries for IPs
INFO: [SIM-utils-51] Simulation object is 'sim_1'
INFO: [USF-XSim-7] Finding pre-compiled libraries...
INFO: [USF-XSim-11] File 'E:/Softwares/Vivado/Vivado/2016.4/data/xsim/ip/xsim_ip.ini' copied to run dir:'E:/Workspace/Vivado_16.4/2017_11_5_FFT/FFT.sim/sim_1/behav'
INFO: [USF-XSim-37] Inspecting design source files for 'tb_fft' in fileset 'sim_1'...
INFO: [SIM-utils-43] Exported 'E:/Workspace/Vivado_16.4/2017_11_5_FFT/FFT.sim/sim_1/behav/ROM.mif'
INFO: [SIM-utils-43] Exported 'E:/Workspace/Vivado_16.4/2017_11_5_FFT/FFT.sim/sim_1/behav/cos_14_1024_signed.coe'
INFO: [USF-XSim-97] Finding global include files...
INFO: [USF-XSim-98] Fetching design files from 'sim_1'...
INFO: [USF-XSim-2] XSim::Compile design
INFO: [USF-XSim-61] Executing 'COMPILE and ANALYZE' step in 'E:/Workspace/Vivado_16.4/2017_11_5_FFT/FFT.sim/sim_1/behav'
"xvlog -m64 --relax -prj tb_fft_vlog.prj"
INFO: [VRFC 10-2263] Analyzing Verilog file "E:/Workspace/Vivado_16.4/2017_11_5_FFT/TestBeach/tb_fft.v" into library xil_defaultlib
INFO: [VRFC 10-311] analyzing module tb_fft
INFO: [VRFC 10-2263] Analyzing Verilog file "E:/Workspace/Vivado_16.4/2017_11_5_FFT/FFT.sim/sim_1/behav/glbl.v" into library xil_defaultlib
INFO: [VRFC 10-311] analyzing module glbl
INFO: [USF-XSim-69] 'compile' step finished in '1' seconds
INFO: [Vivado 12-4795] Using compiled simulation libraries for IPs
INFO: [USF-XSim-3] XSim::Elaborate design
INFO: [USF-XSim-61] Executing 'ELABORATE' step in 'E:/Workspace/Vivado_16.4/2017_11_5_FFT/FFT.sim/sim_1/behav'
Vivado Simulator 2016.4
Copyright 1986-1999, 2001-2016 Xilinx, Inc. All Rights Reserved.
Running: E:/Softwares/Vivado/Vivado/2016.4/bin/unwrapped/win64.o/xelab.exe -wto 63a46008f5d845f7b87a208ca3c1b077 --debug typical --relax --mt 2 -L xil_defaultlib -L unisims_ver -L unimacro_ver -L secureip -L xpm --snapshot tb_fft_behav xil_defaultlib.tb_fft xil_defaultlib.glbl -log elaborate.log 
Using 2 slave threads.
Starting static elaboration
Completed static elaboration
Starting simulation data flow analysis
Completed simulation data flow analysis
Time Resolution for simulation is 1ps
Compiling module xil_defaultlib.tb_fft
Compiling module xil_defaultlib.glbl
Built simulation snapshot tb_fft_behav
INFO: [USF-XSim-69] 'elaborate' step finished in '2' seconds
Vivado Simulator 2016.4
Time resolution is 1 ps
WARNING: File sin_data.txt referenced on E:/Workspace/Vivado_16.4/2017_11_5_FFT/TestBeach/tb_fft.v at line 27 cannot be opened for reading. Please ensure that this file is available in the current working directory.
relaunch_sim: Time (s): cpu = 00:00:02 ; elapsed = 00:00:05 . Memory (MB): peak = 1196.621 ; gain = 0.000
run 10 us
run 10 us
run 10 us
reset_run synth_1
WARNING: [Vivado 12-1017] Problems encountered:
1. Failed to delete one or more files in run directory E:/Workspace/Vivado_16.4/2017_11_5_FFT/FFT.runs/synth_1

launch_runs synth_1 -jobs 4
INFO: [HDL 9-1061] Parsing VHDL file "e:/Workspace/Vivado_16.4/2017_11_5_FFT/Design/IP_Core/ADD/ADD/synth/ADD.vhd" into library xil_defaultlib [e:/Workspace/Vivado_16.4/2017_11_5_FFT/Design/IP_Core/ADD/ADD/synth/ADD.vhd:1]
[Wed Nov 08 00:30:08 2017] Launched synth_1...
Run output will be captured here: E:/Workspace/Vivado_16.4/2017_11_5_FFT/FFT.runs/synth_1/runme.log
close_sim
INFO: [Simtcl 6-16] Simulation closed
launch_simulation
INFO: [Vivado 12-4795] Using compiled simulation libraries for IPs
INFO: [SIM-utils-51] Simulation object is 'sim_1'
INFO: [USF-XSim-7] Finding pre-compiled libraries...
INFO: [USF-XSim-11] File 'E:/Softwares/Vivado/Vivado/2016.4/data/xsim/ip/xsim_ip.ini' copied to run dir:'E:/Workspace/Vivado_16.4/2017_11_5_FFT/FFT.sim/sim_1/behav'
INFO: [USF-XSim-37] Inspecting design source files for 'tb_fft' in fileset 'sim_1'...
INFO: [SIM-utils-43] Exported 'E:/Workspace/Vivado_16.4/2017_11_5_FFT/FFT.sim/sim_1/behav/ROM.mif'
INFO: [SIM-utils-43] Exported 'E:/Workspace/Vivado_16.4/2017_11_5_FFT/FFT.sim/sim_1/behav/cos_14_1024_signed.coe'
INFO: [USF-XSim-97] Finding global include files...
INFO: [USF-XSim-98] Fetching design files from 'sim_1'...
INFO: [USF-XSim-2] XSim::Compile design
INFO: [USF-XSim-61] Executing 'COMPILE and ANALYZE' step in 'E:/Workspace/Vivado_16.4/2017_11_5_FFT/FFT.sim/sim_1/behav'
"xvlog -m64 --relax -prj tb_fft_vlog.prj"
INFO: [VRFC 10-2263] Analyzing Verilog file "E:/Workspace/Vivado_16.4/2017_11_5_FFT/TestBeach/tb_fft.v" into library xil_defaultlib
INFO: [VRFC 10-311] analyzing module tb_fft
INFO: [VRFC 10-2263] Analyzing Verilog file "E:/Workspace/Vivado_16.4/2017_11_5_FFT/FFT.sim/sim_1/behav/glbl.v" into library xil_defaultlib
INFO: [VRFC 10-311] analyzing module glbl
INFO: [USF-XSim-69] 'compile' step finished in '1' seconds
INFO: [USF-XSim-3] XSim::Elaborate design
INFO: [USF-XSim-61] Executing 'ELABORATE' step in 'E:/Workspace/Vivado_16.4/2017_11_5_FFT/FFT.sim/sim_1/behav'
Vivado Simulator 2016.4
Copyright 1986-1999, 2001-2016 Xilinx, Inc. All Rights Reserved.
Running: E:/Softwares/Vivado/Vivado/2016.4/bin/unwrapped/win64.o/xelab.exe -wto 63a46008f5d845f7b87a208ca3c1b077 --debug typical --relax --mt 2 -L xil_defaultlib -L unisims_ver -L unimacro_ver -L secureip -L xpm --snapshot tb_fft_behav xil_defaultlib.tb_fft xil_defaultlib.glbl -log elaborate.log 
Using 2 slave threads.
Starting static elaboration
Completed static elaboration
Starting simulation data flow analysis
Completed simulation data flow analysis
Time Resolution for simulation is 1ps
Compiling module xil_defaultlib.tb_fft
Compiling module xil_defaultlib.glbl
Built simulation snapshot tb_fft_behav
INFO: [USF-XSim-69] 'elaborate' step finished in '2' seconds
INFO: [USF-XSim-4] XSim::Simulate design
INFO: [USF-XSim-61] Executing 'SIMULATE' step in 'E:/Workspace/Vivado_16.4/2017_11_5_FFT/FFT.sim/sim_1/behav'
INFO: [USF-XSim-98] *** Running xsim
   with args "tb_fft_behav -key {Behavioral:sim_1:Functional:tb_fft} -tclbatch {tb_fft.tcl} -log {simulate.log}"
INFO: [USF-XSim-8] Loading simulator feature
Vivado Simulator 2016.4
Time resolution is 1 ps
source tb_fft.tcl
# set curr_wave [current_wave_config]
# if { [string length $curr_wave] == 0 } {
#   if { [llength [get_objects]] > 0} {
#     add_wave /
#     set_property needs_save false [current_wave_config]
#   } else {
#      send_msg_id Add_Wave-1 WARNING "No top level signals found. Simulator will start without a wave window. If you want to open a wave window go to 'File->New Waveform Configuration' or type 'create_wave_config' in the TCL console."
#   }
# }
# run 1000ns
WARNING: File sin_data.txt referenced on E:/Workspace/Vivado_16.4/2017_11_5_FFT/TestBeach/tb_fft.v at line 27 cannot be opened for reading. Please ensure that this file is available in the current working directory.
INFO: [USF-XSim-96] XSim completed. Design snapshot 'tb_fft_behav' loaded.
INFO: [USF-XSim-97] XSim simulation ran for 1000ns
run 10 us
run 10 us
relaunch_sim
INFO: [Vivado 12-4795] Using compiled simulation libraries for IPs
INFO: [SIM-utils-51] Simulation object is 'sim_1'
INFO: [USF-XSim-7] Finding pre-compiled libraries...
INFO: [USF-XSim-11] File 'E:/Softwares/Vivado/Vivado/2016.4/data/xsim/ip/xsim_ip.ini' copied to run dir:'E:/Workspace/Vivado_16.4/2017_11_5_FFT/FFT.sim/sim_1/behav'
INFO: [USF-XSim-37] Inspecting design source files for 'tb_fft' in fileset 'sim_1'...
INFO: [SIM-utils-43] Exported 'E:/Workspace/Vivado_16.4/2017_11_5_FFT/FFT.sim/sim_1/behav/ROM.mif'
INFO: [SIM-utils-43] Exported 'E:/Workspace/Vivado_16.4/2017_11_5_FFT/FFT.sim/sim_1/behav/cos_14_1024_signed.coe'
INFO: [USF-XSim-97] Finding global include files...
INFO: [USF-XSim-98] Fetching design files from 'sim_1'...
INFO: [USF-XSim-2] XSim::Compile design
INFO: [USF-XSim-61] Executing 'COMPILE and ANALYZE' step in 'E:/Workspace/Vivado_16.4/2017_11_5_FFT/FFT.sim/sim_1/behav'
"xvlog -m64 --relax -prj tb_fft_vlog.prj"
INFO: [VRFC 10-2263] Analyzing Verilog file "E:/Workspace/Vivado_16.4/2017_11_5_FFT/TestBeach/tb_fft.v" into library xil_defaultlib
INFO: [VRFC 10-311] analyzing module tb_fft
INFO: [VRFC 10-2263] Analyzing Verilog file "E:/Workspace/Vivado_16.4/2017_11_5_FFT/FFT.sim/sim_1/behav/glbl.v" into library xil_defaultlib
INFO: [VRFC 10-311] analyzing module glbl
INFO: [USF-XSim-69] 'compile' step finished in '1' seconds
INFO: [Vivado 12-4795] Using compiled simulation libraries for IPs
INFO: [USF-XSim-3] XSim::Elaborate design
INFO: [USF-XSim-61] Executing 'ELABORATE' step in 'E:/Workspace/Vivado_16.4/2017_11_5_FFT/FFT.sim/sim_1/behav'
Vivado Simulator 2016.4
Copyright 1986-1999, 2001-2016 Xilinx, Inc. All Rights Reserved.
Running: E:/Softwares/Vivado/Vivado/2016.4/bin/unwrapped/win64.o/xelab.exe -wto 63a46008f5d845f7b87a208ca3c1b077 --debug typical --relax --mt 2 -L xil_defaultlib -L unisims_ver -L unimacro_ver -L secureip -L xpm --snapshot tb_fft_behav xil_defaultlib.tb_fft xil_defaultlib.glbl -log elaborate.log 
Using 2 slave threads.
Starting static elaboration
Completed static elaboration
Starting simulation data flow analysis
Completed simulation data flow analysis
Time Resolution for simulation is 1ps
Compiling module xil_defaultlib.tb_fft
Compiling module xil_defaultlib.glbl
Built simulation snapshot tb_fft_behav
INFO: [USF-XSim-69] 'elaborate' step finished in '1' seconds
Vivado Simulator 2016.4
Time resolution is 1 ps
WARNING: File sin_data.txt referenced on E:/Workspace/Vivado_16.4/2017_11_5_FFT/TestBeach/tb_fft.v at line 27 cannot be opened for reading. Please ensure that this file is available in the current working directory.
run 10 us
relaunch_sim
INFO: [Vivado 12-4795] Using compiled simulation libraries for IPs
INFO: [SIM-utils-51] Simulation object is 'sim_1'
INFO: [USF-XSim-7] Finding pre-compiled libraries...
INFO: [USF-XSim-11] File 'E:/Softwares/Vivado/Vivado/2016.4/data/xsim/ip/xsim_ip.ini' copied to run dir:'E:/Workspace/Vivado_16.4/2017_11_5_FFT/FFT.sim/sim_1/behav'
INFO: [USF-XSim-37] Inspecting design source files for 'tb_fft' in fileset 'sim_1'...
INFO: [SIM-utils-43] Exported 'E:/Workspace/Vivado_16.4/2017_11_5_FFT/FFT.sim/sim_1/behav/ROM.mif'
INFO: [SIM-utils-43] Exported 'E:/Workspace/Vivado_16.4/2017_11_5_FFT/FFT.sim/sim_1/behav/cos_14_1024_signed.coe'
INFO: [USF-XSim-97] Finding global include files...
INFO: [USF-XSim-98] Fetching design files from 'sim_1'...
INFO: [USF-XSim-2] XSim::Compile design
INFO: [USF-XSim-61] Executing 'COMPILE and ANALYZE' step in 'E:/Workspace/Vivado_16.4/2017_11_5_FFT/FFT.sim/sim_1/behav'
"xvlog -m64 --relax -prj tb_fft_vlog.prj"
INFO: [VRFC 10-2263] Analyzing Verilog file "E:/Workspace/Vivado_16.4/2017_11_5_FFT/TestBeach/tb_fft.v" into library xil_defaultlib
INFO: [VRFC 10-311] analyzing module tb_fft
INFO: [VRFC 10-2263] Analyzing Verilog file "E:/Workspace/Vivado_16.4/2017_11_5_FFT/FFT.sim/sim_1/behav/glbl.v" into library xil_defaultlib
INFO: [VRFC 10-311] analyzing module glbl
INFO: [USF-XSim-69] 'compile' step finished in '1' seconds
INFO: [Vivado 12-4795] Using compiled simulation libraries for IPs
INFO: [USF-XSim-3] XSim::Elaborate design
INFO: [USF-XSim-61] Executing 'ELABORATE' step in 'E:/Workspace/Vivado_16.4/2017_11_5_FFT/FFT.sim/sim_1/behav'
Vivado Simulator 2016.4
Copyright 1986-1999, 2001-2016 Xilinx, Inc. All Rights Reserved.
Running: E:/Softwares/Vivado/Vivado/2016.4/bin/unwrapped/win64.o/xelab.exe -wto 63a46008f5d845f7b87a208ca3c1b077 --debug typical --relax --mt 2 -L xil_defaultlib -L unisims_ver -L unimacro_ver -L secureip -L xpm --snapshot tb_fft_behav xil_defaultlib.tb_fft xil_defaultlib.glbl -log elaborate.log 
Using 2 slave threads.
Starting static elaboration
Completed static elaboration
Starting simulation data flow analysis
Completed simulation data flow analysis
Time Resolution for simulation is 1ps
Compiling module xil_defaultlib.tb_fft
Compiling module xil_defaultlib.glbl
Built simulation snapshot tb_fft_behav
INFO: [USF-XSim-69] 'elaborate' step finished in '1' seconds
Vivado Simulator 2016.4
Time resolution is 1 ps
WARNING: File E:WorkspaceVivado_16.47_11_5_FFTTestBeachsin_data.txt referenced on E:/Workspace/Vivado_16.4/2017_11_5_FFT/TestBeach/tb_fft.v at line 27 cannot be opened for reading. Please ensure that this file is available in the current working directory.
run 10 us
close_sim
INFO: [Simtcl 6-16] Simulation closed
exit
INFO: [Common 17-206] Exiting Vivado at Wed Nov 08 09:27:44 2017...
