#-----------------------------------------------------------
# Vivado v2016.4 (64-bit)
# SW Build 1733598 on Wed Dec 14 22:35:39 MST 2016
# IP Build 1731160 on Wed Dec 14 23:47:21 MST 2016
# Start of session at: Mon Oct 23 21:06:02 2017
# Process ID: 9088
# Current directory: E:/Workspace/Vivado_16.4/2017_10_21_FFT
# Command line: vivado.exe -gui_launcher_event rodinguilauncherevent10520 E:\Workspace\Vivado_16.4\2017_10_21_FFT\FFT.xpr
# Log file: E:/Workspace/Vivado_16.4/2017_10_21_FFT/vivado.log
# Journal file: E:/Workspace/Vivado_16.4/2017_10_21_FFT\vivado.jou
#-----------------------------------------------------------
start_gui
open_project E:/Workspace/Vivado_16.4/2017_10_21_FFT/FFT.xpr
INFO: [Project 1-313] Project file moved from 'E:/Workspace/Vivado_16.4/2017_10_17_FFT' since last save.
Scanning sources...
Finished scanning sources
INFO: [IP_Flow 19-234] Refreshing IP repositories
INFO: [IP_Flow 19-1704] No user IP repositories specified
INFO: [IP_Flow 19-2313] Loaded Vivado IP repository 'E:/Softwares/Vivado/Vivado/2016.4/data/ip'.
open_project: Time (s): cpu = 00:00:15 ; elapsed = 00:00:07 . Memory (MB): peak = 815.141 ; gain = 154.871
launch_simulation
INFO: [Vivado 12-4795] Using compiled simulation libraries for IPs
INFO: [SIM-utils-51] Simulation object is 'sim_1'
INFO: [USF-XSim-7] Finding pre-compiled libraries...
INFO: [USF-XSim-11] File 'E:/Softwares/Vivado/Vivado/2016.4/data/xsim/ip/xsim_ip.ini' copied to run dir:'E:/Workspace/Vivado_16.4/2017_10_21_FFT/FFT.sim/sim_1/behav'
INFO: [USF-XSim-37] Inspecting design source files for 'tb_FFT' in fileset 'sim_1'...
INFO: [SIM-utils-43] Exported 'E:/Workspace/Vivado_16.4/2017_10_21_FFT/FFT.sim/sim_1/behav/ROM.mif'
INFO: [SIM-utils-43] Exported 'E:/Workspace/Vivado_16.4/2017_10_21_FFT/FFT.sim/sim_1/behav/cos_14_1024_signed.coe'
INFO: [USF-XSim-97] Finding global include files...
INFO: [USF-XSim-98] Fetching design files from 'sim_1'...
INFO: [USF-XSim-2] XSim::Compile design
INFO: [USF-XSim-61] Executing 'COMPILE and ANALYZE' step in 'E:/Workspace/Vivado_16.4/2017_10_21_FFT/FFT.sim/sim_1/behav'
"xvhdl -m64 --relax -prj tb_FFT_vhdl.prj"
INFO: [VRFC 10-163] Analyzing VHDL file "E:/Workspace/Vivado_16.4/2017_10_21_FFT/Design/IP_Core/FFT/FFT/sim/FFT.vhd" into library xil_defaultlib
INFO: [VRFC 10-307] analyzing entity FFT
INFO: [VRFC 10-163] Analyzing VHDL file "E:/Workspace/Vivado_16.4/2017_10_21_FFT/Design/IP_Core/FFT/FFT/demo_tb/tb_FFT.vhd" into library xil_defaultlib
INFO: [VRFC 10-307] analyzing entity tb_FFT
INFO: [USF-XSim-69] 'compile' step finished in '1' seconds
INFO: [USF-XSim-3] XSim::Elaborate design
INFO: [USF-XSim-61] Executing 'ELABORATE' step in 'E:/Workspace/Vivado_16.4/2017_10_21_FFT/FFT.sim/sim_1/behav'
Vivado Simulator 2016.4
Copyright 1986-1999, 2001-2016 Xilinx, Inc. All Rights Reserved.
Running: E:/Softwares/Vivado/Vivado/2016.4/bin/unwrapped/win64.o/xelab.exe -wto 63a46008f5d845f7b87a208ca3c1b077 --debug typical --relax --mt 2 -L xbip_utils_v3_0_7 -L axi_utils_v2_0_3 -L c_reg_fd_v12_0_3 -L xbip_dsp48_wrapper_v3_0_4 -L xbip_pipe_v3_0_3 -L xbip_dsp48_addsub_v3_0_3 -L xbip_addsub_v3_0_3 -L c_addsub_v12_0_10 -L c_mux_bit_v12_0_3 -L c_shift_ram_v12_0_10 -L xbip_bram18k_v3_0_3 -L mult_gen_v12_0_12 -L cmpy_v6_0_12 -L floating_point_v7_0_13 -L xfft_v9_0_11 -L xil_defaultlib -L secureip -L xpm --snapshot tb_FFT_behav xil_defaultlib.tb_FFT -log elaborate.log 
Using 2 slave threads.
Starting static elaboration
Completed static elaboration
Starting simulation data flow analysis
Completed simulation data flow analysis
Time Resolution for simulation is 1ps
Compiling package std.standard
Compiling package std.textio
Compiling package ieee.std_logic_1164
Compiling package ieee.numeric_std
Compiling package ieee.math_real
Compiling package xbip_utils_v3_0_7.xbip_utils_v3_0_7_pkg
Compiling package xfft_v9_0_11.xfft_v9_0_11_viv_comp
Compiling package ieee.std_logic_arith
Compiling package ieee.std_logic_unsigned
Compiling package axi_utils_v2_0_3.axi_utils_v2_0_3_pkg
Compiling package mult_gen_v12_0_12.mult_gen_v12_0_12_pkg
Compiling package ieee.std_logic_signed
Compiling package cmpy_v6_0_12.cmpy_v6_0_12_pkg
Compiling package floating_point_v7_0_13.floating_point_v7_0_13_consts
Compiling package floating_point_v7_0_13.floating_point_v7_0_13_exp_table...
Compiling package floating_point_v7_0_13.floating_point_v7_0_13_pkg
Compiling package xfft_v9_0_11.pkg
Compiling package xfft_v9_0_11.xfft_v9_0_11_axi_pkg
Compiling package axi_utils_v2_0_3.global_util_pkg
Compiling package axi_utils_v2_0_3.axi_utils_comps
Compiling package unisim.vcomponents
Compiling package ieee.vital_timing
Compiling package ieee.vital_primitives
Compiling package unisim.vpkg
Compiling package xbip_pipe_v3_0_3.xbip_pipe_v3_0_3_viv_comp
Compiling package xbip_addsub_v3_0_3.xbip_addsub_v3_0_3_viv_comp
Compiling package c_addsub_v12_0_10.c_addsub_v12_0_10_pkg
Compiling package c_addsub_v12_0_10.c_addsub_v12_0_10_pkg_legacy
Compiling package c_reg_fd_v12_0_3.c_reg_fd_v12_0_3_viv_comp
Compiling package c_shift_ram_v12_0_10.c_shift_ram_v12_0_10_pkg
Compiling package c_mux_bit_v12_0_3.c_mux_bit_v12_0_3_viv_comp
Compiling package xfft_v9_0_11.half_sincos_tw_table
Compiling package ieee.std_logic_textio
Compiling package mult_gen_v12_0_12.dsp_pkg
Compiling architecture xilinx of entity axi_utils_v2_0_3.glb_srl_fifo [\glb_srl_fifo(width=11,has_uvpro...]
Compiling architecture xilinx of entity axi_utils_v2_0_3.glb_ifx_slave [\glb_ifx_slave(width=11,has_uvpr...]
Compiling architecture synth of entity xfft_v9_0_11.axi_wrapper_input_fifo [\axi_wrapper_input_fifo(c_fifo_w...]
Compiling architecture xilinx of entity axi_utils_v2_0_3.glb_srl_fifo [\glb_srl_fifo(width=29,has_uvpro...]
Compiling architecture xilinx of entity axi_utils_v2_0_3.glb_ifx_slave [\glb_ifx_slave(width=29,has_uvpr...]
Compiling architecture synth of entity xfft_v9_0_11.axi_wrapper_input_fifo [\axi_wrapper_input_fifo(c_fifo_w...]
Compiling architecture xilinx of entity axi_utils_v2_0_3.glb_srl_fifo [\glb_srl_fifo(width=29,has_uvpro...]
Compiling architecture xilinx of entity axi_utils_v2_0_3.glb_ifx_master [\glb_ifx_master(width=29,afull_t...]
Compiling architecture synth of entity xfft_v9_0_11.axi_wrapper_output_fifo [\axi_wrapper_output_fifo(c_fifo_...]
Compiling architecture synth of entity xfft_v9_0_11.axi_wrapper [\axi_wrapper(c_nfft_max=9,c_arch...]
Compiling architecture xilinx of entity xfft_v9_0_11.mux_bus2 [\mux_bus2(c_xdevicefamily="artix...]
Compiling architecture rb18_internal_vhdl_v of entity unisim.RB18_INTERNAL_VHDL [\RB18_INTERNAL_VHDL(bram_size=18...]
Compiling architecture ramb18e1_v of entity unisim.RAMB18E1 [\RAMB18E1(doa_reg=1,ram_mode="SD...]
Compiling architecture ramb18sdp_v of entity unisim.RAMB18SDP [\RAMB18SDP(do_reg=1,sim_collisio...]
Compiling architecture xilinx of entity xfft_v9_0_11.dpm [\dpm(c_xdevicefamily="artix7",wi...]
Compiling architecture xilinx of entity xfft_v9_0_11.mux_bus8 [\mux_bus8(c_xdevicefamily="artix...]
Compiling architecture xilinx of entity xfft_v9_0_11.shift_ram [\shift_ram(c_xdevicefamily="arti...]
Compiling architecture xilinx of entity xfft_v9_0_11.mux_bus4 [\mux_bus4(c_xdevicefamily="artix...]
Compiling architecture xilinx of entity xfft_v9_0_11.in_switch4 [\in_switch4(c_xdevicefamily="art...]
Compiling architecture structural of entity c_reg_fd_v12_0_3.c_reg_fd_v12_0_3_viv [\c_reg_fd_v12_0_3_viv(c_width=19...]
Compiling architecture rtl of entity c_addsub_v12_0_10.c_addsub_v12_0_10_lut6_legacy [\c_addsub_v12_0_10_lut6_legacy(c...]
Compiling architecture synth of entity c_addsub_v12_0_10.c_addsub_v12_0_10_fabric_legacy [\c_addsub_v12_0_10_fabric_legacy...]
Compiling architecture synth of entity c_addsub_v12_0_10.c_addsub_v12_0_10_legacy [\c_addsub_v12_0_10_legacy(c_fami...]
Compiling architecture synth of entity c_addsub_v12_0_10.c_addsub_v12_0_10_viv [\c_addsub_v12_0_10_viv(c_xdevice...]
Compiling architecture xilinx of entity xfft_v9_0_11.adder_bypass [\adder_bypass(c_xdevicefamily="a...]
Compiling architecture structural of entity c_reg_fd_v12_0_3.c_reg_fd_v12_0_3_viv [\c_reg_fd_v12_0_3_viv(c_width=19...]
Compiling architecture rtl of entity c_addsub_v12_0_10.c_addsub_v12_0_10_lut6_legacy [\c_addsub_v12_0_10_lut6_legacy(c...]
Compiling architecture synth of entity c_addsub_v12_0_10.c_addsub_v12_0_10_fabric_legacy [\c_addsub_v12_0_10_fabric_legacy...]
Compiling architecture synth of entity c_addsub_v12_0_10.c_addsub_v12_0_10_legacy [\c_addsub_v12_0_10_legacy(c_fami...]
Compiling architecture synth of entity c_addsub_v12_0_10.c_addsub_v12_0_10_viv [\c_addsub_v12_0_10_viv(c_xdevice...]
Compiling architecture xilinx of entity xfft_v9_0_11.sub_byp [\sub_byp(c_xdevicefamily="artix7...]
Compiling architecture xilinx of entity xfft_v9_0_11.bfly_byp [\bfly_byp(c_xdevicefamily="artix...]
Compiling architecture xilinx of entity xfft_v9_0_11.sub_byp_j [\sub_byp_j(c_xdevicefamily="arti...]
Compiling architecture xilinx of entity xfft_v9_0_11.bfly_byp_j [\bfly_byp_j(c_xdevicefamily="art...]
Compiling architecture structural of entity c_reg_fd_v12_0_3.c_reg_fd_v12_0_3_viv [\c_reg_fd_v12_0_3_viv(c_width=20...]
Compiling architecture rtl of entity c_addsub_v12_0_10.c_addsub_v12_0_10_lut6_legacy [\c_addsub_v12_0_10_lut6_legacy(c...]
Compiling architecture synth of entity c_addsub_v12_0_10.c_addsub_v12_0_10_fabric_legacy [\c_addsub_v12_0_10_fabric_legacy...]
Compiling architecture synth of entity c_addsub_v12_0_10.c_addsub_v12_0_10_legacy [\c_addsub_v12_0_10_legacy(c_fami...]
Compiling architecture synth of entity c_addsub_v12_0_10.c_addsub_v12_0_10_viv [\c_addsub_v12_0_10_viv(c_xdevice...]
Compiling architecture xilinx of entity xfft_v9_0_11.adder [\adder(c_xdevicefamily="artix7",...]
Compiling architecture rtl of entity c_addsub_v12_0_10.c_addsub_v12_0_10_lut6_legacy [\c_addsub_v12_0_10_lut6_legacy(c...]
Compiling architecture synth of entity c_addsub_v12_0_10.c_addsub_v12_0_10_fabric_legacy [\c_addsub_v12_0_10_fabric_legacy...]
Compiling architecture synth of entity c_addsub_v12_0_10.c_addsub_v12_0_10_legacy [\c_addsub_v12_0_10_legacy(c_fami...]
Compiling architecture synth of entity c_addsub_v12_0_10.c_addsub_v12_0_10_viv [\c_addsub_v12_0_10_viv(c_xdevice...]
Compiling architecture xilinx of entity xfft_v9_0_11.subtracter [\subtracter(c_xdevicefamily="art...]
Compiling architecture xilinx of entity xfft_v9_0_11.butterfly [\butterfly(c_xdevicefamily="arti...]
Compiling architecture xilinx of entity xfft_v9_0_11.dfly_byp [\dfly_byp(c_xdevicefamily="artix...]
Compiling architecture xilinx of entity xfft_v9_0_11.shift_ram [\shift_ram(c_xdevicefamily="arti...]
Compiling architecture xilinx of entity cmpy_v6_0_12.delay_line [\delay_line(c_xdevicefamily="art...]
Compiling architecture xilinx of entity cmpy_v6_0_12.delay_line [\delay_line(c_xdevicefamily="art...]
Compiling architecture xilinx of entity mult_gen_v12_0_12.delay_line [\delay_line(c_xdevicefamily="art...]
Compiling architecture xilinx of entity mult_gen_v12_0_12.delay_line [\delay_line(c_xdevicefamily="art...]
Compiling architecture dsp48e1_v of entity unisim.DSP48E1 [\DSP48E1(acascreg=2,alumodereg=0...]
Compiling architecture xilinx of entity mult_gen_v12_0_12.delay_line [\delay_line(c_xdevicefamily="art...]
Compiling architecture xilinx of entity mult_gen_v12_0_12.op_resize [\op_resize(ai_width=14,bi_width=...]
Compiling architecture xilinx of entity mult_gen_v12_0_12.dsp [\dsp(c_xdevicefamily="artix7",c_...]
Compiling architecture xilinx of entity cmpy_v6_0_12.cmpy_3_dsp48_mult [\cmpy_3_dsp48_mult(c_xdevicefami...]
Compiling architecture xilinx of entity mult_gen_v12_0_12.delay_line [\delay_line(c_xdevicefamily="art...]
Compiling architecture xilinx of entity mult_gen_v12_0_12.delay_line [\delay_line(c_xdevicefamily="art...]
Compiling architecture dsp48e1_v of entity unisim.DSP48E1 [\DSP48E1(alumodereg=0,bcascreg=2...]
Compiling architecture xilinx of entity mult_gen_v12_0_12.op_resize [\op_resize(ai_width=15,bi_width=...]
Compiling architecture xilinx of entity mult_gen_v12_0_12.dsp [\dsp(c_xdevicefamily="artix7",c_...]
Compiling architecture xilinx of entity cmpy_v6_0_12.cmpy_3_dsp48_mult [\cmpy_3_dsp48_mult(c_xdevicefami...]
Compiling architecture xilinx of entity mult_gen_v12_0_12.dsp [\dsp(c_xdevicefamily="artix7",c_...]
Compiling architecture xilinx of entity cmpy_v6_0_12.cmpy_3_dsp48_mult [\cmpy_3_dsp48_mult(c_xdevicefami...]
Compiling architecture xilinx of entity cmpy_v6_0_12.input_negation [\input_negation(c_xdevicefamily=...]
Compiling architecture xilinx of entity cmpy_v6_0_12.delay_line [\delay_line(c_xdevicefamily="art...]
Compiling architecture xilinx of entity cmpy_v6_0_12.delay_line [\delay_line(c_xdevicefamily="art...]
Compiling architecture xilinx of entity cmpy_v6_0_12.cmpy_3_dsp48 [\cmpy_3_dsp48(c_xdevicefamily="a...]
Compiling architecture xilinx of entity cmpy_v6_0_12.cmpy_v6_0_12_synth [\cmpy_v6_0_12_synth(c_xdevicefam...]
Compiling architecture xilinx of entity xfft_v9_0_11.cmpy [\cmpy(c_xdevicefamily="artix7",a...]
Compiling architecture xilinx of entity xfft_v9_0_11.mux_bus4 [\mux_bus4(c_xdevicefamily="artix...]
Compiling architecture xilinx of entity xfft_v9_0_11.arith_shift3 [\arith_shift3(c_xdevicefamily="a...]
Compiling architecture xilinx of entity xfft_v9_0_11.pe4 [\pe4(c_xdevicefamily="artix7",io...]
Compiling architecture xilinx of entity xfft_v9_0_11.out_switch4 [\out_switch4(c_xdevicefamily="ar...]
Compiling architecture xilinx of entity xfft_v9_0_11.r4_datapath [\r4_datapath(c_xdevicefamily="ar...]
Compiling architecture xilinx of entity xfft_v9_0_11.shift_ram [\shift_ram(c_xdevicefamily="arti...]
Compiling architecture xilinx of entity xfft_v9_0_11.shift_ram [\shift_ram(c_xdevicefamily="arti...]
Compiling architecture fdre_v of entity unisim.FDRE [fdre_default]
Compiling architecture fde_v of entity unisim.FDE [fde_default]
Compiling architecture struct of entity c_shift_ram_v12_0_10.c_shift_ram_v12_0_10_legacy [\c_shift_ram_v12_0_10_legacy(c_x...]
Compiling architecture synth of entity c_shift_ram_v12_0_10.c_shift_ram_v12_0_10_viv [\c_shift_ram_v12_0_10_viv(c_xdev...]
Compiling architecture xilinx of entity xfft_v9_0_11.shift_ram [\shift_ram(c_xdevicefamily="arti...]
Compiling architecture xilinx of entity xfft_v9_0_11.reg_rs_rtl [reg_rs_rtl_default]
Compiling architecture muxcy_v of entity unisim.MUXCY [muxcy_default]
Compiling architecture xorcy_v of entity unisim.XORCY [xorcy_default]
Compiling architecture rtl of entity c_addsub_v12_0_10.c_addsub_v12_0_10_lut6_legacy [\c_addsub_v12_0_10_lut6_legacy(c...]
Compiling architecture synth of entity c_addsub_v12_0_10.c_addsub_v12_0_10_fabric_legacy [\c_addsub_v12_0_10_fabric_legacy...]
Compiling architecture synth of entity c_addsub_v12_0_10.c_addsub_v12_0_10_legacy [\c_addsub_v12_0_10_legacy(c_fami...]
Compiling architecture synth of entity c_addsub_v12_0_10.c_addsub_v12_0_10_viv [\c_addsub_v12_0_10_viv(c_xdevice...]
Compiling architecture lut6_v of entity unisim.LUT6 [\LUT6(init="10010000000010010000...]
Compiling architecture xilinx of entity xfft_v9_0_11.equ_rtl [\equ_rtl(c_xdevicefamily="artix7...]
Compiling architecture xilinx of entity xfft_v9_0_11.cnt_tc_rtl [\cnt_tc_rtl(c_xdevicefamily="art...]
Compiling architecture rtl of entity c_addsub_v12_0_10.c_addsub_v12_0_10_lut6_legacy [\c_addsub_v12_0_10_lut6_legacy(c...]
Compiling architecture synth of entity c_addsub_v12_0_10.c_addsub_v12_0_10_fabric_legacy [\c_addsub_v12_0_10_fabric_legacy...]
Compiling architecture synth of entity c_addsub_v12_0_10.c_addsub_v12_0_10_legacy [\c_addsub_v12_0_10_legacy(c_fami...]
Compiling architecture synth of entity c_addsub_v12_0_10.c_addsub_v12_0_10_viv [\c_addsub_v12_0_10_viv(c_xdevice...]
Compiling architecture xilinx of entity xfft_v9_0_11.equ_rtl [\equ_rtl(c_xdevicefamily="artix7...]
Compiling architecture xilinx of entity xfft_v9_0_11.cnt_tc_rtl [\cnt_tc_rtl(c_xdevicefamily="art...]
Compiling architecture rtl of entity c_addsub_v12_0_10.c_addsub_v12_0_10_lut6_legacy [\c_addsub_v12_0_10_lut6_legacy(c...]
Compiling architecture synth of entity c_addsub_v12_0_10.c_addsub_v12_0_10_fabric_legacy [\c_addsub_v12_0_10_fabric_legacy...]
Compiling architecture synth of entity c_addsub_v12_0_10.c_addsub_v12_0_10_legacy [\c_addsub_v12_0_10_legacy(c_fami...]
Compiling architecture synth of entity c_addsub_v12_0_10.c_addsub_v12_0_10_viv [\c_addsub_v12_0_10_viv(c_xdevice...]
Compiling architecture xilinx of entity xfft_v9_0_11.equ_rtl [\equ_rtl(c_xdevicefamily="artix7...]
Compiling architecture xilinx of entity xfft_v9_0_11.cnt_tc_rtl [\cnt_tc_rtl(c_xdevicefamily="art...]
Compiling architecture rtl of entity c_addsub_v12_0_10.c_addsub_v12_0_10_lut6_legacy [\c_addsub_v12_0_10_lut6_legacy(c...]
Compiling architecture synth of entity c_addsub_v12_0_10.c_addsub_v12_0_10_fabric_legacy [\c_addsub_v12_0_10_fabric_legacy...]
Compiling architecture synth of entity c_addsub_v12_0_10.c_addsub_v12_0_10_legacy [\c_addsub_v12_0_10_legacy(c_fami...]
Compiling architecture synth of entity c_addsub_v12_0_10.c_addsub_v12_0_10_viv [\c_addsub_v12_0_10_viv(c_xdevice...]
Compiling architecture xilinx of entity xfft_v9_0_11.equ_rtl [\equ_rtl(c_xdevicefamily="artix7...]
Compiling architecture xilinx of entity xfft_v9_0_11.cnt_tc_rtl [\cnt_tc_rtl(c_xdevicefamily="art...]
Compiling architecture xilinx of entity xfft_v9_0_11.flow_control_b [\flow_control_b(c_xdevicefamily=...]
Compiling architecture struct of entity c_shift_ram_v12_0_10.c_shift_ram_v12_0_10_legacy [\c_shift_ram_v12_0_10_legacy(c_x...]
Compiling architecture synth of entity c_shift_ram_v12_0_10.c_shift_ram_v12_0_10_viv [\c_shift_ram_v12_0_10_viv(c_xdev...]
Compiling architecture xilinx of entity xfft_v9_0_11.shift_ram [\shift_ram(c_xdevicefamily="arti...]
Compiling architecture struct of entity c_shift_ram_v12_0_10.c_shift_ram_v12_0_10_legacy [\c_shift_ram_v12_0_10_legacy(c_x...]
Compiling architecture synth of entity c_shift_ram_v12_0_10.c_shift_ram_v12_0_10_viv [\c_shift_ram_v12_0_10_viv(c_xdev...]
Compiling architecture xilinx of entity xfft_v9_0_11.shift_ram [\shift_ram(c_xdevicefamily="arti...]
Compiling architecture struct of entity c_shift_ram_v12_0_10.c_shift_ram_v12_0_10_legacy [\c_shift_ram_v12_0_10_legacy(c_x...]
Compiling architecture synth of entity c_shift_ram_v12_0_10.c_shift_ram_v12_0_10_viv [\c_shift_ram_v12_0_10_viv(c_xdev...]
Compiling architecture xilinx of entity xfft_v9_0_11.shift_ram [\shift_ram(c_xdevicefamily="arti...]
Compiling architecture struct of entity c_shift_ram_v12_0_10.c_shift_ram_v12_0_10_legacy [\c_shift_ram_v12_0_10_legacy(c_x...]
Compiling architecture synth of entity c_shift_ram_v12_0_10.c_shift_ram_v12_0_10_viv [\c_shift_ram_v12_0_10_viv(c_xdev...]
Compiling architecture xilinx of entity xfft_v9_0_11.shift_ram [\shift_ram(c_xdevicefamily="arti...]
Compiling architecture srl16e_v of entity unisim.SRL16E [\SRL16E(0,15)\]
Compiling architecture xilinx of entity xfft_v9_0_11.shift_ram [\shift_ram(c_xdevicefamily="arti...]
Compiling architecture xilinx of entity xfft_v9_0_11.shift_ram [\shift_ram(c_xdevicefamily="arti...]
Compiling architecture xilinx of entity xfft_v9_0_11.shift_ram [\shift_ram(c_xdevicefamily="arti...]
Compiling architecture structural of entity c_reg_fd_v12_0_3.c_reg_fd_v12_0_3_viv [\c_reg_fd_v12_0_3_viv(c_sync_pri...]
Compiling architecture struct of entity c_shift_ram_v12_0_10.c_shift_ram_v12_0_10_legacy [\c_shift_ram_v12_0_10_legacy(c_x...]
Compiling architecture synth of entity c_shift_ram_v12_0_10.c_shift_ram_v12_0_10_viv [\c_shift_ram_v12_0_10_viv(c_xdev...]
Compiling architecture xilinx of entity xfft_v9_0_11.shift_ram [\shift_ram(c_xdevicefamily="arti...]
Compiling architecture struct of entity c_shift_ram_v12_0_10.c_shift_ram_v12_0_10_legacy [\c_shift_ram_v12_0_10_legacy(c_x...]
Compiling architecture synth of entity c_shift_ram_v12_0_10.c_shift_ram_v12_0_10_viv [\c_shift_ram_v12_0_10_viv(c_xdev...]
Compiling architecture xilinx of entity xfft_v9_0_11.shift_ram [\shift_ram(c_xdevicefamily="arti...]
Compiling architecture struct of entity c_shift_ram_v12_0_10.c_shift_ram_v12_0_10_legacy [\c_shift_ram_v12_0_10_legacy(c_x...]
Compiling architecture synth of entity c_shift_ram_v12_0_10.c_shift_ram_v12_0_10_viv [\c_shift_ram_v12_0_10_viv(c_xdev...]
Compiling architecture xilinx of entity xfft_v9_0_11.shift_ram [\shift_ram(c_xdevicefamily="arti...]
Compiling architecture struct of entity c_shift_ram_v12_0_10.c_shift_ram_v12_0_10_legacy [\c_shift_ram_v12_0_10_legacy(c_x...]
Compiling architecture synth of entity c_shift_ram_v12_0_10.c_shift_ram_v12_0_10_viv [\c_shift_ram_v12_0_10_viv(c_xdev...]
Compiling architecture xilinx of entity xfft_v9_0_11.shift_ram [\shift_ram(c_xdevicefamily="arti...]
Compiling architecture struct of entity c_shift_ram_v12_0_10.c_shift_ram_v12_0_10_legacy [\c_shift_ram_v12_0_10_legacy(c_x...]
Compiling architecture synth of entity c_shift_ram_v12_0_10.c_shift_ram_v12_0_10_viv [\c_shift_ram_v12_0_10_viv(c_xdev...]
Compiling architecture xilinx of entity xfft_v9_0_11.shift_ram [\shift_ram(c_xdevicefamily="arti...]
Compiling architecture xilinx of entity xfft_v9_0_11.shift_ram [\shift_ram(c_xdevicefamily="arti...]
Compiling architecture xilinx of entity xfft_v9_0_11.shift_ram [\shift_ram(c_xdevicefamily="arti...]
Compiling architecture lut4_v of entity unisim.LUT4 [\LUT4(init="0000000011001010")(0...]
Compiling architecture xilinx of entity xfft_v9_0_11.mux_bus4 [\mux_bus4(c_xdevicefamily="artix...]
Compiling architecture lut6_v of entity unisim.LUT6 [\LUT6(init="11111111000000001111...]
Compiling architecture xilinx of entity xfft_v9_0_11.mux_bus4 [\mux_bus4(c_xdevicefamily="artix...]
Compiling architecture lut3_v of entity unisim.LUT3 [\LUT3(init="11001010")(0,7)\]
Compiling architecture xilinx of entity xfft_v9_0_11.mux_bus2 [\mux_bus2(c_xdevicefamily="artix...]
Compiling architecture xilinx of entity xfft_v9_0_11.shift_ram [\shift_ram(c_xdevicefamily="arti...]
Compiling architecture xilinx of entity xfft_v9_0_11.shift_ram [\shift_ram(c_xdevicefamily="arti...]
Compiling architecture xilinx of entity xfft_v9_0_11.xor_bit_gate [\xor_bit_gate(c_inputs=4)\]
Compiling architecture xilinx of entity xfft_v9_0_11.xor_bit_gate [\xor_bit_gate(c_inputs=13)\]
Compiling architecture xilinx of entity xfft_v9_0_11.shift_ram [\shift_ram(c_xdevicefamily="arti...]
Compiling architecture structural of entity c_reg_fd_v12_0_3.c_reg_fd_v12_0_3_viv [\c_reg_fd_v12_0_3_viv(c_width=8,...]
Compiling architecture rtl of entity c_addsub_v12_0_10.c_addsub_v12_0_10_lut6_legacy [\c_addsub_v12_0_10_lut6_legacy(c...]
Compiling architecture synth of entity c_addsub_v12_0_10.c_addsub_v12_0_10_fabric_legacy [\c_addsub_v12_0_10_fabric_legacy...]
Compiling architecture synth of entity c_addsub_v12_0_10.c_addsub_v12_0_10_legacy [\c_addsub_v12_0_10_legacy(c_fami...]
Compiling architecture synth of entity c_addsub_v12_0_10.c_addsub_v12_0_10_viv [\c_addsub_v12_0_10_viv(c_xdevice...]
Compiling architecture xilinx of entity xfft_v9_0_11.subtracter [\subtracter(c_xdevicefamily="art...]
Compiling architecture xilinx of entity xfft_v9_0_11.xor_bit_gate [\xor_bit_gate(c_inputs=14)\]
Compiling architecture xilinx of entity xfft_v9_0_11.mux_bus2 [\mux_bus2(c_xdevicefamily="artix...]
Compiling architecture xilinx of entity xfft_v9_0_11.mux_bus2 [\mux_bus2(c_xdevicefamily="artix...]
Compiling architecture xilinx of entity xfft_v9_0_11.rw_addr_gen_b [\rw_addr_gen_b(c_xdevicefamily="...]
Compiling architecture xilinx of entity xfft_v9_0_11.mux_bus2 [\mux_bus2(c_xdevicefamily="artix...]
Compiling architecture xilinx of entity xfft_v9_0_11.out_addr_gen_b [\out_addr_gen_b(c_xdevicefamily=...]
Compiling architecture muxf7_v of entity unisim.MUXF7 [muxf7_default]
Compiling architecture xilinx of entity xfft_v9_0_11.mux_bus8 [\mux_bus8(c_xdevicefamily="artix...]
Compiling architecture lut6_v of entity unisim.LUT6 [\LUT6(init="00000000000000000000...]
Compiling architecture xilinx of entity xfft_v9_0_11.mux_bus4 [\mux_bus4(c_xdevicefamily="artix...]
Compiling architecture xilinx of entity xfft_v9_0_11.mux_bus8 [\mux_bus8(c_xdevicefamily="artix...]
Compiling architecture structural of entity c_reg_fd_v12_0_3.c_reg_fd_v12_0_3_viv [\c_reg_fd_v12_0_3_viv(c_width=9,...]
Compiling architecture rtl of entity c_addsub_v12_0_10.c_addsub_v12_0_10_lut6_legacy [\c_addsub_v12_0_10_lut6_legacy(c...]
Compiling architecture synth of entity c_addsub_v12_0_10.c_addsub_v12_0_10_fabric_legacy [\c_addsub_v12_0_10_fabric_legacy...]
Compiling architecture synth of entity c_addsub_v12_0_10.c_addsub_v12_0_10_legacy [\c_addsub_v12_0_10_legacy(c_fami...]
Compiling architecture synth of entity c_addsub_v12_0_10.c_addsub_v12_0_10_viv [\c_addsub_v12_0_10_viv(c_xdevice...]
Compiling architecture xilinx of entity xfft_v9_0_11.tw_gen_p2 [\tw_gen_p2(c_xdevicefamily="arti...]
Compiling architecture xilinx of entity xfft_v9_0_11.tw_addr_gen [\tw_addr_gen(c_xdevicefamily="ar...]
Compiling architecture vcc_v of entity unisim.VCC [vcc_default]
Compiling architecture xilinx of entity xfft_v9_0_11.twgen_half_sincos [\twgen_half_sincos(c_xdevicefami...]
Compiling architecture xilinx of entity xfft_v9_0_11.twiddle_gen [\twiddle_gen(c_xdevicefamily="ar...]
Compiling architecture xilinx of entity xfft_v9_0_11.r4_control [\r4_control(c_xdevicefamily="art...]
Compiling architecture xilinx of entity xfft_v9_0_11.xfft_v9_0_11_b [\xfft_v9_0_11_b(c_xdevicefamily=...]
Compiling architecture synth of entity xfft_v9_0_11.xfft_v9_0_11_core [\xfft_v9_0_11_core(c_xdevicefami...]
Compiling architecture synth of entity xfft_v9_0_11.xfft_v9_0_11_viv [\xfft_v9_0_11_viv(c_xdevicefamil...]
Compiling architecture xilinx of entity xfft_v9_0_11.xfft_v9_0_11 [\xfft_v9_0_11(c_xdevicefamily="a...]
Compiling architecture fft_arch of entity xil_defaultlib.FFT [fft_default]
Compiling architecture tb of entity xil_defaultlib.tb_fft
Built simulation snapshot tb_FFT_behav
run_program: Time (s): cpu = 00:00:03 ; elapsed = 00:01:37 . Memory (MB): peak = 815.141 ; gain = 0.000
INFO: [USF-XSim-69] 'elaborate' step finished in '97' seconds
INFO: [USF-XSim-4] XSim::Simulate design
INFO: [USF-XSim-61] Executing 'SIMULATE' step in 'E:/Workspace/Vivado_16.4/2017_10_21_FFT/FFT.sim/sim_1/behav'
INFO: [USF-XSim-98] *** Running xsim
   with args "tb_FFT_behav -key {Behavioral:sim_1:Functional:tb_FFT} -tclbatch {tb_FFT.tcl} -log {simulate.log}"
INFO: [USF-XSim-8] Loading simulator feature
Vivado Simulator 2016.4
Time resolution is 1 ps
source tb_FFT.tcl
# set curr_wave [current_wave_config]
# if { [string length $curr_wave] == 0 } {
#   if { [llength [get_objects]] > 0} {
#     add_wave /
#     set_property needs_save false [current_wave_config]
#   } else {
#      send_msg_id Add_Wave-1 WARNING "No top level signals found. Simulator will start without a wave window. If you want to open a wave window go to 'File->New Waveform Configuration' or type 'create_wave_config' in the TCL console."
#   }
# }
WARNING: Simulation object /tb_FFT/do_config was not traceable in the design for the following reason:
Vivado Simulator does not yet support tracing of VHDL variables.
# run 1000ns
INFO: [USF-XSim-96] XSim completed. Design snapshot 'tb_FFT_behav' loaded.
INFO: [USF-XSim-97] XSim simulation ran for 1000ns
launch_simulation: Time (s): cpu = 00:00:10 ; elapsed = 00:01:44 . Memory (MB): peak = 815.141 ; gain = 0.000
run 100 us
restart
INFO: [Simtcl 6-17] Simulation restarted
add_wave {{/tb_FFT/dut/aclk}} {{/tb_FFT/dut/s_axis_config_tdata}} {{/tb_FFT/dut/s_axis_config_tvalid}} {{/tb_FFT/dut/s_axis_config_tready}} {{/tb_FFT/dut/s_axis_data_tdata}} {{/tb_FFT/dut/s_axis_data_tvalid}} {{/tb_FFT/dut/s_axis_data_tready}} {{/tb_FFT/dut/s_axis_data_tlast}} {{/tb_FFT/dut/m_axis_data_tdata}} {{/tb_FFT/dut/m_axis_data_tvalid}} {{/tb_FFT/dut/m_axis_data_tready}} {{/tb_FFT/dut/m_axis_data_tlast}} {{/tb_FFT/dut/event_frame_started}} {{/tb_FFT/dut/event_tlast_unexpected}} {{/tb_FFT/dut/event_tlast_missing}} {{/tb_FFT/dut/event_status_channel_halt}} {{/tb_FFT/dut/event_data_in_channel_halt}} {{/tb_FFT/dut/event_data_out_channel_halt}} 
run 100 us
run 100 us
run 100 us
run 100 us
restart
INFO: [Simtcl 6-17] Simulation restarted
run 100 us
run 100 us
remove_files  -fileset sim_1 E:/Workspace/Vivado_16.4/2017_10_21_FFT/Design/IP_Core/FFT/FFT/demo_tb/tb_FFT.vhd
set_property top TOP [get_filesets sim_1]
set_property SOURCE_SET sources_1 [get_filesets sim_1]
add_files -fileset sim_1 -norecurse E:/Workspace/Vivado_16.4/2017_10_17_FFT/TestBeach/tb_fft.v
set_property top tb_fft [get_filesets sim_1]
set_property top_lib xil_defaultlib [get_filesets sim_1]
reset_run synth_1
WARNING: [Vivado 12-1017] Problems encountered:
1. Failed to delete one or more files in run directory E:/Workspace/Vivado_16.4/2017_10_21_FFT/FFT.runs/synth_1

launch_runs synth_1 -jobs 4
INFO: [HDL 9-1061] Parsing VHDL file "e:/Workspace/Vivado_16.4/2017_10_21_FFT/Design/IP_Core/ADD/ADD/synth/ADD.vhd" into library xil_defaultlib [e:/Workspace/Vivado_16.4/2017_10_21_FFT/Design/IP_Core/ADD/ADD/synth/ADD.vhd:1]
[Mon Oct 23 23:55:23 2017] Launched synth_1...
Run output will be captured here: E:/Workspace/Vivado_16.4/2017_10_21_FFT/FFT.runs/synth_1/runme.log
launch_simulation
WARNING: [Vivado 12-3661] Failed to remove file:E:/Workspace/Vivado_16.4/2017_10_21_FFT/FFT.sim/sim_1/behav/simulate.log
WARNING: [Vivado 12-3661] Failed to remove file:E:/Workspace/Vivado_16.4/2017_10_21_FFT/FFT.sim/sim_1/behav/tb_FFT_behav.wdb
WARNING: [Vivado 12-3661] Failed to remove file:E:/Workspace/Vivado_16.4/2017_10_21_FFT/FFT.sim/sim_1/behav/xelab.pb
INFO: [Vivado 12-4795] Using compiled simulation libraries for IPs
INFO: [SIM-utils-51] Simulation object is 'sim_1'
INFO: [USF-XSim-7] Finding pre-compiled libraries...
INFO: [USF-XSim-11] File 'E:/Softwares/Vivado/Vivado/2016.4/data/xsim/ip/xsim_ip.ini' copied to run dir:'E:/Workspace/Vivado_16.4/2017_10_21_FFT/FFT.sim/sim_1/behav'
INFO: [USF-XSim-37] Inspecting design source files for 'tb_fft' in fileset 'sim_1'...
INFO: [SIM-utils-43] Exported 'E:/Workspace/Vivado_16.4/2017_10_21_FFT/FFT.sim/sim_1/behav/ROM.mif'
INFO: [SIM-utils-43] Exported 'E:/Workspace/Vivado_16.4/2017_10_21_FFT/FFT.sim/sim_1/behav/cos_14_1024_signed.coe'
INFO: [USF-XSim-97] Finding global include files...
INFO: [USF-XSim-98] Fetching design files from 'sim_1'...
INFO: [USF-XSim-2] XSim::Compile design
INFO: [USF-XSim-61] Executing 'COMPILE and ANALYZE' step in 'E:/Workspace/Vivado_16.4/2017_10_21_FFT/FFT.sim/sim_1/behav'
"xvlog -m64 --relax -prj tb_fft_vlog.prj"
INFO: [VRFC 10-2263] Analyzing Verilog file "E:/Workspace/Vivado_16.4/2017_10_21_FFT/Design/IP_Core/ROM/ROM/sim/ROM.v" into library xil_defaultlib
INFO: [VRFC 10-311] analyzing module ROM
INFO: [VRFC 10-2263] Analyzing Verilog file "E:/Workspace/Vivado_16.4/2017_10_21_FFT/Design/Code/FFT_Control.v" into library xil_defaultlib
INFO: [VRFC 10-311] analyzing module FFT_Control
INFO: [VRFC 10-2263] Analyzing Verilog file "E:/Workspace/Vivado_16.4/2017_10_21_FFT/Design/Code/test_wave.v" into library xil_defaultlib
INFO: [VRFC 10-311] analyzing module test_wave
INFO: [VRFC 10-2263] Analyzing Verilog file "E:/Workspace/Vivado_16.4/2017_10_17_FFT/TestBeach/tb_fft.v" into library xil_defaultlib
INFO: [VRFC 10-311] analyzing module tb_fft
INFO: [VRFC 10-2458] undeclared symbol sclk, assumed default net type wire [E:/Workspace/Vivado_16.4/2017_10_17_FFT/TestBeach/tb_fft.v:10]
INFO: [VRFC 10-2263] Analyzing Verilog file "E:/Workspace/Vivado_16.4/2017_10_21_FFT/FFT.sim/sim_1/behav/glbl.v" into library xil_defaultlib
INFO: [VRFC 10-311] analyzing module glbl
"xvhdl -m64 --relax -prj tb_fft_vhdl.prj"
INFO: [VRFC 10-163] Analyzing VHDL file "E:/Workspace/Vivado_16.4/2017_10_21_FFT/Design/IP_Core/FFT/FFT/sim/FFT.vhd" into library xil_defaultlib
INFO: [VRFC 10-307] analyzing entity FFT
INFO: [USF-XSim-69] 'compile' step finished in '2' seconds
INFO: [USF-XSim-3] XSim::Elaborate design
INFO: [USF-XSim-61] Executing 'ELABORATE' step in 'E:/Workspace/Vivado_16.4/2017_10_21_FFT/FFT.sim/sim_1/behav'
Vivado Simulator 2016.4
Copyright 1986-1999, 2001-2016 Xilinx, Inc. All Rights Reserved.
Running: E:/Softwares/Vivado/Vivado/2016.4/bin/unwrapped/win64.o/xelab.exe -wto 63a46008f5d845f7b87a208ca3c1b077 --debug typical --relax --mt 2 -L blk_mem_gen_v8_3_5 -L xil_defaultlib -L xbip_utils_v3_0_7 -L axi_utils_v2_0_3 -L c_reg_fd_v12_0_3 -L xbip_dsp48_wrapper_v3_0_4 -L xbip_pipe_v3_0_3 -L xbip_dsp48_addsub_v3_0_3 -L xbip_addsub_v3_0_3 -L c_addsub_v12_0_10 -L c_mux_bit_v12_0_3 -L c_shift_ram_v12_0_10 -L xbip_bram18k_v3_0_3 -L mult_gen_v12_0_12 -L cmpy_v6_0_12 -L floating_point_v7_0_13 -L xfft_v9_0_11 -L unisims_ver -L unimacro_ver -L secureip -L xpm --snapshot tb_fft_behav xil_defaultlib.tb_fft xil_defaultlib.glbl -log elaborate.log 
Using 2 slave threads.
Starting static elaboration
WARNING: [VRFC 10-426] cannot find port data_out on this module [E:/Workspace/Vivado_16.4/2017_10_17_FFT/TestBeach/tb_fft.v:14]
ERROR: [VRFC 10-426] cannot find port data_out on this module [E:/Workspace/Vivado_16.4/2017_10_17_FFT/TestBeach/tb_fft.v:17]
WARNING: [VRFC 10-1783] select index 30 into current_contents is out of bounds [/wrk/2016.4/nightly/2016_12_14_1733598/packages/customer/vivado/data/ip/xilinx/blk_mem_gen_v8_3/simulation/blk_mem_gen_v8_3.v:2419]
WARNING: [VRFC 10-1783] select index 62 into current_contents is out of bounds [/wrk/2016.4/nightly/2016_12_14_1733598/packages/customer/vivado/data/ip/xilinx/blk_mem_gen_v8_3/simulation/blk_mem_gen_v8_3.v:2420]
ERROR: [XSIM 43-3322] Static elaboration of top level Verilog design unit(s) in library work failed.
run_program: Time (s): cpu = 00:00:01 ; elapsed = 00:01:03 . Memory (MB): peak = 1273.676 ; gain = 0.000
INFO: [USF-XSim-69] 'elaborate' step finished in '63' seconds
INFO: [USF-XSim-99] Step results log file:'E:/Workspace/Vivado_16.4/2017_10_21_FFT/FFT.sim/sim_1/behav/elaborate.log'
ERROR: [USF-XSim-62] 'elaborate' step failed with error(s). Please check the Tcl console output or 'E:/Workspace/Vivado_16.4/2017_10_21_FFT/FFT.sim/sim_1/behav/elaborate.log' file for more information.
ERROR: [Vivado 12-4473] Detected error while running simulation. Please correct the issue and retry this operation.
launch_simulation: Time (s): cpu = 00:00:01 ; elapsed = 00:01:05 . Memory (MB): peak = 1273.676 ; gain = 0.000
ERROR: [Common 17-39] 'launch_simulation' failed due to earlier errors.
remove_files  E:/Workspace/Vivado_16.4/2017_10_21_FFT/Design/Code/TOP.v
update_compile_order -fileset sources_1
remove_files  -fileset sim_1 E:/Workspace/Vivado_16.4/2017_10_17_FFT/TestBeach/tb_fft.v
set_property SOURCE_SET sources_1 [get_filesets sim_1]
add_files -fileset sim_1 -norecurse E:/Workspace/Vivado_16.4/2017_10_21_FFT/TestBeach/tb_fft.v
reset_run synth_1
WARNING: [Vivado 12-1017] Problems encountered:
1. Failed to delete one or more files in run directory E:/Workspace/Vivado_16.4/2017_10_21_FFT/FFT.runs/synth_1

launch_runs synth_1 -jobs 4
[Tue Oct 24 00:01:55 2017] Launched synth_1...
Run output will be captured here: E:/Workspace/Vivado_16.4/2017_10_21_FFT/FFT.runs/synth_1/runme.log
launch_simulation
WARNING: [Vivado 12-3661] Failed to remove file:E:/Workspace/Vivado_16.4/2017_10_21_FFT/FFT.sim/sim_1/behav/simulate.log
WARNING: [Vivado 12-3661] Failed to remove file:E:/Workspace/Vivado_16.4/2017_10_21_FFT/FFT.sim/sim_1/behav/tb_FFT_behav.wdb
WARNING: [Vivado 12-3661] Failed to remove file:E:/Workspace/Vivado_16.4/2017_10_21_FFT/FFT.sim/sim_1/behav/xelab.pb
INFO: [Vivado 12-4795] Using compiled simulation libraries for IPs
INFO: [SIM-utils-51] Simulation object is 'sim_1'
INFO: [USF-XSim-7] Finding pre-compiled libraries...
INFO: [USF-XSim-11] File 'E:/Softwares/Vivado/Vivado/2016.4/data/xsim/ip/xsim_ip.ini' copied to run dir:'E:/Workspace/Vivado_16.4/2017_10_21_FFT/FFT.sim/sim_1/behav'
INFO: [USF-XSim-37] Inspecting design source files for 'tb_fft' in fileset 'sim_1'...
INFO: [SIM-utils-43] Exported 'E:/Workspace/Vivado_16.4/2017_10_21_FFT/FFT.sim/sim_1/behav/ROM.mif'
INFO: [SIM-utils-43] Exported 'E:/Workspace/Vivado_16.4/2017_10_21_FFT/FFT.sim/sim_1/behav/cos_14_1024_signed.coe'
INFO: [USF-XSim-97] Finding global include files...
INFO: [USF-XSim-98] Fetching design files from 'sim_1'...
INFO: [USF-XSim-2] XSim::Compile design
INFO: [USF-XSim-61] Executing 'COMPILE and ANALYZE' step in 'E:/Workspace/Vivado_16.4/2017_10_21_FFT/FFT.sim/sim_1/behav'
"xvlog -m64 --relax -prj tb_fft_vlog.prj"
INFO: [VRFC 10-2263] Analyzing Verilog file "E:/Workspace/Vivado_16.4/2017_10_21_FFT/TestBeach/tb_fft.v" into library xil_defaultlib
INFO: [VRFC 10-311] analyzing module tb_fft
INFO: [VRFC 10-2263] Analyzing Verilog file "E:/Workspace/Vivado_16.4/2017_10_21_FFT/FFT.sim/sim_1/behav/glbl.v" into library xil_defaultlib
INFO: [VRFC 10-311] analyzing module glbl
INFO: [USF-XSim-69] 'compile' step finished in '1' seconds
INFO: [USF-XSim-3] XSim::Elaborate design
INFO: [USF-XSim-61] Executing 'ELABORATE' step in 'E:/Workspace/Vivado_16.4/2017_10_21_FFT/FFT.sim/sim_1/behav'
Vivado Simulator 2016.4
Copyright 1986-1999, 2001-2016 Xilinx, Inc. All Rights Reserved.
Running: E:/Softwares/Vivado/Vivado/2016.4/bin/unwrapped/win64.o/xelab.exe -wto 63a46008f5d845f7b87a208ca3c1b077 --debug typical --relax --mt 2 -L xil_defaultlib -L unisims_ver -L unimacro_ver -L secureip -L xpm --snapshot tb_fft_behav xil_defaultlib.tb_fft xil_defaultlib.glbl -log elaborate.log 
Using 2 slave threads.
Starting static elaboration
ERROR: [VRFC 10-2063] Module <TOP> not found while processing module instance <TOP_inst0> [E:/Workspace/Vivado_16.4/2017_10_21_FFT/TestBeach/tb_fft.v:9]
ERROR: [XSIM 43-3322] Static elaboration of top level Verilog design unit(s) in library work failed.
INFO: [USF-XSim-69] 'elaborate' step finished in '1' seconds
INFO: [USF-XSim-99] Step results log file:'E:/Workspace/Vivado_16.4/2017_10_21_FFT/FFT.sim/sim_1/behav/elaborate.log'
ERROR: [USF-XSim-62] 'elaborate' step failed with error(s). Please check the Tcl console output or 'E:/Workspace/Vivado_16.4/2017_10_21_FFT/FFT.sim/sim_1/behav/elaborate.log' file for more information.
ERROR: [Vivado 12-4473] Detected error while running simulation. Please correct the issue and retry this operation.
ERROR: [Common 17-39] 'launch_simulation' failed due to earlier errors.
add_files -norecurse E:/Workspace/Vivado_16.4/2017_10_21_FFT/Design/Code/TOP.v
reset_run synth_1
WARNING: [Vivado 12-1017] Problems encountered:
1. Failed to delete one or more files in run directory E:/Workspace/Vivado_16.4/2017_10_21_FFT/FFT.runs/synth_1

launch_runs synth_1 -jobs 4
INFO: [HDL 9-2216] Analyzing Verilog file "E:/Workspace/Vivado_16.4/2017_10_21_FFT/Design/Code/TOP.v" into library work [E:/Workspace/Vivado_16.4/2017_10_21_FFT/Design/Code/TOP.v:1]
[Tue Oct 24 00:09:53 2017] Launched synth_1...
Run output will be captured here: E:/Workspace/Vivado_16.4/2017_10_21_FFT/FFT.runs/synth_1/runme.log
launch_simulation
WARNING: [Vivado 12-3661] Failed to remove file:E:/Workspace/Vivado_16.4/2017_10_21_FFT/FFT.sim/sim_1/behav/simulate.log
WARNING: [Vivado 12-3661] Failed to remove file:E:/Workspace/Vivado_16.4/2017_10_21_FFT/FFT.sim/sim_1/behav/tb_FFT_behav.wdb
WARNING: [Vivado 12-3661] Failed to remove file:E:/Workspace/Vivado_16.4/2017_10_21_FFT/FFT.sim/sim_1/behav/xelab.pb
INFO: [Vivado 12-4795] Using compiled simulation libraries for IPs
INFO: [SIM-utils-51] Simulation object is 'sim_1'
INFO: [USF-XSim-7] Finding pre-compiled libraries...
INFO: [USF-XSim-11] File 'E:/Softwares/Vivado/Vivado/2016.4/data/xsim/ip/xsim_ip.ini' copied to run dir:'E:/Workspace/Vivado_16.4/2017_10_21_FFT/FFT.sim/sim_1/behav'
INFO: [USF-XSim-37] Inspecting design source files for 'tb_fft' in fileset 'sim_1'...
INFO: [SIM-utils-43] Exported 'E:/Workspace/Vivado_16.4/2017_10_21_FFT/FFT.sim/sim_1/behav/ROM.mif'
INFO: [SIM-utils-43] Exported 'E:/Workspace/Vivado_16.4/2017_10_21_FFT/FFT.sim/sim_1/behav/cos_14_1024_signed.coe'
INFO: [USF-XSim-97] Finding global include files...
INFO: [USF-XSim-98] Fetching design files from 'sim_1'...
INFO: [USF-XSim-2] XSim::Compile design
INFO: [USF-XSim-61] Executing 'COMPILE and ANALYZE' step in 'E:/Workspace/Vivado_16.4/2017_10_21_FFT/FFT.sim/sim_1/behav'
"xvlog -m64 --relax -prj tb_fft_vlog.prj"
INFO: [VRFC 10-2263] Analyzing Verilog file "E:/Workspace/Vivado_16.4/2017_10_21_FFT/Design/IP_Core/ROM/ROM/sim/ROM.v" into library xil_defaultlib
INFO: [VRFC 10-311] analyzing module ROM
INFO: [VRFC 10-2263] Analyzing Verilog file "E:/Workspace/Vivado_16.4/2017_10_21_FFT/Design/Code/test_wave.v" into library xil_defaultlib
INFO: [VRFC 10-311] analyzing module test_wave
INFO: [VRFC 10-2263] Analyzing Verilog file "E:/Workspace/Vivado_16.4/2017_10_21_FFT/Design/Code/FFT_Control.v" into library xil_defaultlib
INFO: [VRFC 10-311] analyzing module FFT_Control
INFO: [VRFC 10-2263] Analyzing Verilog file "E:/Workspace/Vivado_16.4/2017_10_21_FFT/Design/Code/TOP.v" into library xil_defaultlib
INFO: [VRFC 10-311] analyzing module TOP
INFO: [VRFC 10-2263] Analyzing Verilog file "E:/Workspace/Vivado_16.4/2017_10_21_FFT/TestBeach/tb_fft.v" into library xil_defaultlib
INFO: [VRFC 10-311] analyzing module tb_fft
INFO: [VRFC 10-2263] Analyzing Verilog file "E:/Workspace/Vivado_16.4/2017_10_21_FFT/FFT.sim/sim_1/behav/glbl.v" into library xil_defaultlib
INFO: [VRFC 10-311] analyzing module glbl
"xvhdl -m64 --relax -prj tb_fft_vhdl.prj"
INFO: [VRFC 10-163] Analyzing VHDL file "E:/Workspace/Vivado_16.4/2017_10_21_FFT/Design/IP_Core/FFT/FFT/sim/FFT.vhd" into library xil_defaultlib
INFO: [VRFC 10-307] analyzing entity FFT
INFO: [USF-XSim-69] 'compile' step finished in '1' seconds
INFO: [USF-XSim-3] XSim::Elaborate design
INFO: [USF-XSim-61] Executing 'ELABORATE' step in 'E:/Workspace/Vivado_16.4/2017_10_21_FFT/FFT.sim/sim_1/behav'
Vivado Simulator 2016.4
Copyright 1986-1999, 2001-2016 Xilinx, Inc. All Rights Reserved.
Running: E:/Softwares/Vivado/Vivado/2016.4/bin/unwrapped/win64.o/xelab.exe -wto 63a46008f5d845f7b87a208ca3c1b077 --debug typical --relax --mt 2 -L blk_mem_gen_v8_3_5 -L xil_defaultlib -L xbip_utils_v3_0_7 -L axi_utils_v2_0_3 -L c_reg_fd_v12_0_3 -L xbip_dsp48_wrapper_v3_0_4 -L xbip_pipe_v3_0_3 -L xbip_dsp48_addsub_v3_0_3 -L xbip_addsub_v3_0_3 -L c_addsub_v12_0_10 -L c_mux_bit_v12_0_3 -L c_shift_ram_v12_0_10 -L xbip_bram18k_v3_0_3 -L mult_gen_v12_0_12 -L cmpy_v6_0_12 -L floating_point_v7_0_13 -L xfft_v9_0_11 -L unisims_ver -L unimacro_ver -L secureip -L xpm --snapshot tb_fft_behav xil_defaultlib.tb_fft xil_defaultlib.glbl -log elaborate.log 
Using 2 slave threads.
Starting static elaboration
WARNING: [VRFC 10-1783] select index 30 into current_contents is out of bounds [/wrk/2016.4/nightly/2016_12_14_1733598/packages/customer/vivado/data/ip/xilinx/blk_mem_gen_v8_3/simulation/blk_mem_gen_v8_3.v:2419]
WARNING: [VRFC 10-1783] select index 62 into current_contents is out of bounds [/wrk/2016.4/nightly/2016_12_14_1733598/packages/customer/vivado/data/ip/xilinx/blk_mem_gen_v8_3/simulation/blk_mem_gen_v8_3.v:2420]
Completed static elaboration
Starting simulation data flow analysis
WARNING: [XSIM 43-4099] "E:/Workspace/Vivado_16.4/2017_10_21_FFT/Design/Code/TOP.v" Line 1. Module TOP doesn't have a timescale but at least one module in design has a timescale.
WARNING: [XSIM 43-4099] "E:/Workspace/Vivado_16.4/2017_10_21_FFT/Design/Code/test_wave.v" Line 1. Module test_wave doesn't have a timescale but at least one module in design has a timescale.
WARNING: [XSIM 43-4099] "E:/Workspace/Vivado_16.4/2017_10_21_FFT/Design/Code/FFT_Control.v" Line 1. Module FFT_Control doesn't have a timescale but at least one module in design has a timescale.
WARNING: [XSIM 43-4099] "E:/Workspace/Vivado_16.4/2017_10_21_FFT/Design/Code/TOP.v" Line 1. Module TOP doesn't have a timescale but at least one module in design has a timescale.
WARNING: [XSIM 43-4099] "E:/Workspace/Vivado_16.4/2017_10_21_FFT/Design/Code/test_wave.v" Line 1. Module test_wave doesn't have a timescale but at least one module in design has a timescale.
WARNING: [XSIM 43-4099] "E:/Workspace/Vivado_16.4/2017_10_21_FFT/Design/Code/FFT_Control.v" Line 1. Module FFT_Control doesn't have a timescale but at least one module in design has a timescale.
Completed simulation data flow analysis
ERROR: [XSIM 43-3356]  Could not open file xsim.dir/tb_fft_behav/xsim.type for writing.
ERROR: [XSIM 43-3915] Encountered a fatal error. Cannot continue. Exiting... 
run_program: Time (s): cpu = 00:00:00 ; elapsed = 00:01:05 . Memory (MB): peak = 1273.676 ; gain = 0.000
INFO: [USF-XSim-69] 'elaborate' step finished in '65' seconds
INFO: [USF-XSim-99] Step results log file:'E:/Workspace/Vivado_16.4/2017_10_21_FFT/FFT.sim/sim_1/behav/elaborate.log'
ERROR: [USF-XSim-62] 'elaborate' step failed with error(s). Please check the Tcl console output or 'E:/Workspace/Vivado_16.4/2017_10_21_FFT/FFT.sim/sim_1/behav/elaborate.log' file for more information.
ERROR: [Vivado 12-4473] Detected error while running simulation. Please correct the issue and retry this operation.
launch_simulation: Time (s): cpu = 00:00:01 ; elapsed = 00:01:07 . Memory (MB): peak = 1273.676 ; gain = 0.000
ERROR: [Common 17-39] 'launch_simulation' failed due to earlier errors.
INFO: [Device 21-403] Loading part xc7a35tftg256-1
WARNING: [IP_Flow 19-4067] Ignoring invalid widget type specified checkbox.Providing a default widget
WARNING: [IP_Flow 19-4067] Ignoring invalid widget type specified checkbox.Providing a default widget
relaunch_sim
ERROR: unknown error occurred
INFO: [Common 17-17] undo 'relaunch_sim'
INFO: [Common 17-17] undo 'relaunch_sim'
ERROR: [Common 17-69] Command failed: ERROR: unknown error occurred
