
*** Running vivado
    with args -log FFT_Control.vds -m64 -product Vivado -mode batch -messageDb vivado.pb -notrace -source FFT_Control.tcl


****** Vivado v2016.4 (64-bit)
  **** SW Build 1733598 on Wed Dec 14 22:35:39 MST 2016
  **** IP Build 1731160 on Wed Dec 14 23:47:21 MST 2016
    ** Copyright 1986-2016 Xilinx, Inc. All Rights Reserved.

source FFT_Control.tcl -notrace
Command: synth_design -top FFT_Control -part xc7a35tftg256-1
Starting synth_design
Attempting to get a license for feature 'Synthesis' and/or device 'xc7a35t'
INFO: [Common 17-349] Got license for feature 'Synthesis' and/or device 'xc7a35t'
INFO: Launching helper process for spawning children vivado processes
INFO: Helper process launched with PID 16160 
---------------------------------------------------------------------------------
Starting RTL Elaboration : Time (s): cpu = 00:00:06 ; elapsed = 00:00:07 . Memory (MB): peak = 296.707 ; gain = 86.254
---------------------------------------------------------------------------------
INFO: [Synth 8-638] synthesizing module 'FFT_Control' [E:/Workspace/Vivado_16.4/2017_11_5_FFT/Design/Code/FFT_Control.v:1]
INFO: [Synth 8-638] synthesizing module 'FFT' [E:/Workspace/Vivado_16.4/2017_11_5_FFT/FFT.runs/synth_1/.Xil/Vivado-14840-DESKTOP-JC6NIF0/realtime/FFT_stub.v:6]
INFO: [Synth 8-256] done synthesizing module 'FFT' (1#1) [E:/Workspace/Vivado_16.4/2017_11_5_FFT/FFT.runs/synth_1/.Xil/Vivado-14840-DESKTOP-JC6NIF0/realtime/FFT_stub.v:6]
WARNING: [Synth 8-3848] Net data_out_im in module/entity FFT_Control does not have driver. [E:/Workspace/Vivado_16.4/2017_11_5_FFT/Design/Code/FFT_Control.v:5]
INFO: [Synth 8-256] done synthesizing module 'FFT_Control' (2#1) [E:/Workspace/Vivado_16.4/2017_11_5_FFT/Design/Code/FFT_Control.v:1]
WARNING: [Synth 8-3331] design FFT_Control has unconnected port data_out_im[13]
WARNING: [Synth 8-3331] design FFT_Control has unconnected port data_out_im[12]
WARNING: [Synth 8-3331] design FFT_Control has unconnected port data_out_im[11]
WARNING: [Synth 8-3331] design FFT_Control has unconnected port data_out_im[10]
WARNING: [Synth 8-3331] design FFT_Control has unconnected port data_out_im[9]
WARNING: [Synth 8-3331] design FFT_Control has unconnected port data_out_im[8]
WARNING: [Synth 8-3331] design FFT_Control has unconnected port data_out_im[7]
WARNING: [Synth 8-3331] design FFT_Control has unconnected port data_out_im[6]
WARNING: [Synth 8-3331] design FFT_Control has unconnected port data_out_im[5]
WARNING: [Synth 8-3331] design FFT_Control has unconnected port data_out_im[4]
WARNING: [Synth 8-3331] design FFT_Control has unconnected port data_out_im[3]
WARNING: [Synth 8-3331] design FFT_Control has unconnected port data_out_im[2]
WARNING: [Synth 8-3331] design FFT_Control has unconnected port data_out_im[1]
WARNING: [Synth 8-3331] design FFT_Control has unconnected port data_out_im[0]
---------------------------------------------------------------------------------
Finished RTL Elaboration : Time (s): cpu = 00:00:07 ; elapsed = 00:00:08 . Memory (MB): peak = 333.266 ; gain = 122.813
---------------------------------------------------------------------------------
CRITICAL WARNING: [Synth 8-3352] multi-driven net data_out_re[13] with 1st driver pin 'FFT_inst0/m_axis_data_tdata[13]' [E:/Workspace/Vivado_16.4/2017_11_5_FFT/Design/Code/FFT_Control.v:41]
CRITICAL WARNING: [Synth 8-3352] multi-driven net data_out_re[13] with 2nd driver pin 'FFT_inst0/m_axis_data_tdata[27]' [E:/Workspace/Vivado_16.4/2017_11_5_FFT/Design/Code/FFT_Control.v:41]
CRITICAL WARNING: [Synth 8-3352] multi-driven net data_out_re[12] with 1st driver pin 'FFT_inst0/m_axis_data_tdata[12]' [E:/Workspace/Vivado_16.4/2017_11_5_FFT/Design/Code/FFT_Control.v:41]
CRITICAL WARNING: [Synth 8-3352] multi-driven net data_out_re[12] with 2nd driver pin 'FFT_inst0/m_axis_data_tdata[26]' [E:/Workspace/Vivado_16.4/2017_11_5_FFT/Design/Code/FFT_Control.v:41]
CRITICAL WARNING: [Synth 8-3352] multi-driven net data_out_re[11] with 1st driver pin 'FFT_inst0/m_axis_data_tdata[11]' [E:/Workspace/Vivado_16.4/2017_11_5_FFT/Design/Code/FFT_Control.v:41]
CRITICAL WARNING: [Synth 8-3352] multi-driven net data_out_re[11] with 2nd driver pin 'FFT_inst0/m_axis_data_tdata[25]' [E:/Workspace/Vivado_16.4/2017_11_5_FFT/Design/Code/FFT_Control.v:41]
CRITICAL WARNING: [Synth 8-3352] multi-driven net data_out_re[10] with 1st driver pin 'FFT_inst0/m_axis_data_tdata[10]' [E:/Workspace/Vivado_16.4/2017_11_5_FFT/Design/Code/FFT_Control.v:41]
CRITICAL WARNING: [Synth 8-3352] multi-driven net data_out_re[10] with 2nd driver pin 'FFT_inst0/m_axis_data_tdata[24]' [E:/Workspace/Vivado_16.4/2017_11_5_FFT/Design/Code/FFT_Control.v:41]
CRITICAL WARNING: [Synth 8-3352] multi-driven net data_out_re[9] with 1st driver pin 'FFT_inst0/m_axis_data_tdata[9]' [E:/Workspace/Vivado_16.4/2017_11_5_FFT/Design/Code/FFT_Control.v:41]
CRITICAL WARNING: [Synth 8-3352] multi-driven net data_out_re[9] with 2nd driver pin 'FFT_inst0/m_axis_data_tdata[23]' [E:/Workspace/Vivado_16.4/2017_11_5_FFT/Design/Code/FFT_Control.v:41]
CRITICAL WARNING: [Synth 8-3352] multi-driven net data_out_re[8] with 1st driver pin 'FFT_inst0/m_axis_data_tdata[8]' [E:/Workspace/Vivado_16.4/2017_11_5_FFT/Design/Code/FFT_Control.v:41]
CRITICAL WARNING: [Synth 8-3352] multi-driven net data_out_re[8] with 2nd driver pin 'FFT_inst0/m_axis_data_tdata[22]' [E:/Workspace/Vivado_16.4/2017_11_5_FFT/Design/Code/FFT_Control.v:41]
CRITICAL WARNING: [Synth 8-3352] multi-driven net data_out_re[7] with 1st driver pin 'FFT_inst0/m_axis_data_tdata[7]' [E:/Workspace/Vivado_16.4/2017_11_5_FFT/Design/Code/FFT_Control.v:41]
CRITICAL WARNING: [Synth 8-3352] multi-driven net data_out_re[7] with 2nd driver pin 'FFT_inst0/m_axis_data_tdata[21]' [E:/Workspace/Vivado_16.4/2017_11_5_FFT/Design/Code/FFT_Control.v:41]
CRITICAL WARNING: [Synth 8-3352] multi-driven net data_out_re[6] with 1st driver pin 'FFT_inst0/m_axis_data_tdata[6]' [E:/Workspace/Vivado_16.4/2017_11_5_FFT/Design/Code/FFT_Control.v:41]
CRITICAL WARNING: [Synth 8-3352] multi-driven net data_out_re[6] with 2nd driver pin 'FFT_inst0/m_axis_data_tdata[20]' [E:/Workspace/Vivado_16.4/2017_11_5_FFT/Design/Code/FFT_Control.v:41]
CRITICAL WARNING: [Synth 8-3352] multi-driven net data_out_re[5] with 1st driver pin 'FFT_inst0/m_axis_data_tdata[5]' [E:/Workspace/Vivado_16.4/2017_11_5_FFT/Design/Code/FFT_Control.v:41]
CRITICAL WARNING: [Synth 8-3352] multi-driven net data_out_re[5] with 2nd driver pin 'FFT_inst0/m_axis_data_tdata[19]' [E:/Workspace/Vivado_16.4/2017_11_5_FFT/Design/Code/FFT_Control.v:41]
CRITICAL WARNING: [Synth 8-3352] multi-driven net data_out_re[4] with 1st driver pin 'FFT_inst0/m_axis_data_tdata[4]' [E:/Workspace/Vivado_16.4/2017_11_5_FFT/Design/Code/FFT_Control.v:41]
CRITICAL WARNING: [Synth 8-3352] multi-driven net data_out_re[4] with 2nd driver pin 'FFT_inst0/m_axis_data_tdata[18]' [E:/Workspace/Vivado_16.4/2017_11_5_FFT/Design/Code/FFT_Control.v:41]
CRITICAL WARNING: [Synth 8-3352] multi-driven net data_out_re[3] with 1st driver pin 'FFT_inst0/m_axis_data_tdata[3]' [E:/Workspace/Vivado_16.4/2017_11_5_FFT/Design/Code/FFT_Control.v:41]
CRITICAL WARNING: [Synth 8-3352] multi-driven net data_out_re[3] with 2nd driver pin 'FFT_inst0/m_axis_data_tdata[17]' [E:/Workspace/Vivado_16.4/2017_11_5_FFT/Design/Code/FFT_Control.v:41]
CRITICAL WARNING: [Synth 8-3352] multi-driven net data_out_re[2] with 1st driver pin 'FFT_inst0/m_axis_data_tdata[2]' [E:/Workspace/Vivado_16.4/2017_11_5_FFT/Design/Code/FFT_Control.v:41]
CRITICAL WARNING: [Synth 8-3352] multi-driven net data_out_re[2] with 2nd driver pin 'FFT_inst0/m_axis_data_tdata[16]' [E:/Workspace/Vivado_16.4/2017_11_5_FFT/Design/Code/FFT_Control.v:41]
CRITICAL WARNING: [Synth 8-3352] multi-driven net data_out_re[1] with 1st driver pin 'FFT_inst0/m_axis_data_tdata[1]' [E:/Workspace/Vivado_16.4/2017_11_5_FFT/Design/Code/FFT_Control.v:41]
CRITICAL WARNING: [Synth 8-3352] multi-driven net data_out_re[1] with 2nd driver pin 'FFT_inst0/m_axis_data_tdata[15]' [E:/Workspace/Vivado_16.4/2017_11_5_FFT/Design/Code/FFT_Control.v:41]
CRITICAL WARNING: [Synth 8-3352] multi-driven net data_out_re[0] with 1st driver pin 'FFT_inst0/m_axis_data_tdata[0]' [E:/Workspace/Vivado_16.4/2017_11_5_FFT/Design/Code/FFT_Control.v:41]
CRITICAL WARNING: [Synth 8-3352] multi-driven net data_out_re[0] with 2nd driver pin 'FFT_inst0/m_axis_data_tdata[14]' [E:/Workspace/Vivado_16.4/2017_11_5_FFT/Design/Code/FFT_Control.v:41]

Report Check Netlist: 
+------+------------------+-------+---------+-------+------------------+
|      |Item              |Errors |Warnings |Status |Description       |
+------+------------------+-------+---------+-------+------------------+
|1     |multi_driven_nets |      0|       14|Failed |Multi driven nets |
+------+------------------+-------+---------+-------+------------------+
---------------------------------------------------------------------------------
Finished RTL Optimization Phase 1 : Time (s): cpu = 00:00:07 ; elapsed = 00:00:08 . Memory (MB): peak = 333.266 ; gain = 122.813
---------------------------------------------------------------------------------
WARNING: [Project 1-486] Could not resolve non-primitive black box cell 'FFT' instantiated as 'FFT_inst0' [E:/Workspace/Vivado_16.4/2017_11_5_FFT/Design/Code/FFT_Control.v:41]
INFO: [Device 21-403] Loading part xc7a35tftg256-1
INFO: [Project 1-570] Preparing netlist for logic optimization

Processing XDC Constraints
Initializing timing engine
Parsing XDC File [E:/Workspace/Vivado_16.4/2017_11_5_FFT/FFT.runs/synth_1/.Xil/Vivado-14840-DESKTOP-JC6NIF0/dcp/FFT_in_context.xdc] for cell 'FFT_inst0'
Finished Parsing XDC File [E:/Workspace/Vivado_16.4/2017_11_5_FFT/FFT.runs/synth_1/.Xil/Vivado-14840-DESKTOP-JC6NIF0/dcp/FFT_in_context.xdc] for cell 'FFT_inst0'
Completed Processing XDC Constraints

INFO: [Project 1-111] Unisim Transformation Summary:
No Unisim elements were transformed.

Constraint Validation Runtime : Time (s): cpu = 00:00:00 ; elapsed = 00:00:00.003 . Memory (MB): peak = 602.129 ; gain = 0.000
---------------------------------------------------------------------------------
Finished Constraint Validation : Time (s): cpu = 00:00:18 ; elapsed = 00:00:21 . Memory (MB): peak = 602.129 ; gain = 391.676
---------------------------------------------------------------------------------
---------------------------------------------------------------------------------
Start Loading Part and Timing Information
---------------------------------------------------------------------------------
Loading part: xc7a35tftg256-1
---------------------------------------------------------------------------------
Finished Loading Part and Timing Information : Time (s): cpu = 00:00:18 ; elapsed = 00:00:21 . Memory (MB): peak = 602.129 ; gain = 391.676
---------------------------------------------------------------------------------
---------------------------------------------------------------------------------
Start Applying 'set_property' XDC Constraints
---------------------------------------------------------------------------------
---------------------------------------------------------------------------------
Finished applying 'set_property' XDC Constraints : Time (s): cpu = 00:00:18 ; elapsed = 00:00:21 . Memory (MB): peak = 602.129 ; gain = 391.676
---------------------------------------------------------------------------------
---------------------------------------------------------------------------------
Finished RTL Optimization Phase 2 : Time (s): cpu = 00:00:18 ; elapsed = 00:00:21 . Memory (MB): peak = 602.129 ; gain = 391.676
---------------------------------------------------------------------------------

Report RTL Partitions: 
+-+--------------+------------+----------+
| |RTL Partition |Replication |Instances |
+-+--------------+------------+----------+
+-+--------------+------------+----------+
---------------------------------------------------------------------------------
Start RTL Component Statistics 
---------------------------------------------------------------------------------
Detailed RTL Component Info : 
+---Registers : 
	               14 Bit    Registers := 1     
---------------------------------------------------------------------------------
Finished RTL Component Statistics 
---------------------------------------------------------------------------------
---------------------------------------------------------------------------------
Start RTL Hierarchical Component Statistics 
---------------------------------------------------------------------------------
Hierarchical RTL Component report 
Module FFT_Control 
Detailed RTL Component Info : 
+---Registers : 
	               14 Bit    Registers := 1     
---------------------------------------------------------------------------------
Finished RTL Hierarchical Component Statistics
---------------------------------------------------------------------------------
---------------------------------------------------------------------------------
Start Part Resource Summary
---------------------------------------------------------------------------------
Part Resources:
DSPs: 90 (col length:60)
BRAMs: 100 (col length: RAMB18 60 RAMB36 30)
---------------------------------------------------------------------------------
Finished Part Resource Summary
---------------------------------------------------------------------------------
---------------------------------------------------------------------------------
Start Cross Boundary and Area Optimization
---------------------------------------------------------------------------------
WARNING: [Synth 8-3331] design FFT_Control has unconnected port data_out_im[13]
WARNING: [Synth 8-3331] design FFT_Control has unconnected port data_out_im[12]
WARNING: [Synth 8-3331] design FFT_Control has unconnected port data_out_im[11]
WARNING: [Synth 8-3331] design FFT_Control has unconnected port data_out_im[10]
WARNING: [Synth 8-3331] design FFT_Control has unconnected port data_out_im[9]
WARNING: [Synth 8-3331] design FFT_Control has unconnected port data_out_im[8]
WARNING: [Synth 8-3331] design FFT_Control has unconnected port data_out_im[7]
WARNING: [Synth 8-3331] design FFT_Control has unconnected port data_out_im[6]
WARNING: [Synth 8-3331] design FFT_Control has unconnected port data_out_im[5]
WARNING: [Synth 8-3331] design FFT_Control has unconnected port data_out_im[4]
WARNING: [Synth 8-3331] design FFT_Control has unconnected port data_out_im[3]
WARNING: [Synth 8-3331] design FFT_Control has unconnected port data_out_im[2]
WARNING: [Synth 8-3331] design FFT_Control has unconnected port data_out_im[1]
WARNING: [Synth 8-3331] design FFT_Control has unconnected port data_out_im[0]
---------------------------------------------------------------------------------
Finished Cross Boundary and Area Optimization : Time (s): cpu = 00:00:18 ; elapsed = 00:00:21 . Memory (MB): peak = 602.129 ; gain = 391.676
---------------------------------------------------------------------------------

Report RTL Partitions: 
+-+--------------+------------+----------+
| |RTL Partition |Replication |Instances |
+-+--------------+------------+----------+
+-+--------------+------------+----------+
---------------------------------------------------------------------------------
Start Timing Optimization
---------------------------------------------------------------------------------
---------------------------------------------------------------------------------
Start Applying XDC Timing Constraints
---------------------------------------------------------------------------------
---------------------------------------------------------------------------------
Finished Applying XDC Timing Constraints : Time (s): cpu = 00:00:30 ; elapsed = 00:00:33 . Memory (MB): peak = 602.129 ; gain = 391.676
---------------------------------------------------------------------------------
---------------------------------------------------------------------------------
Finished Timing Optimization : Time (s): cpu = 00:00:30 ; elapsed = 00:00:33 . Memory (MB): peak = 602.129 ; gain = 391.676
---------------------------------------------------------------------------------

Report RTL Partitions: 
+-+--------------+------------+----------+
| |RTL Partition |Replication |Instances |
+-+--------------+------------+----------+
+-+--------------+------------+----------+
---------------------------------------------------------------------------------
Start Technology Mapping
---------------------------------------------------------------------------------
---------------------------------------------------------------------------------
Finished Technology Mapping : Time (s): cpu = 00:00:30 ; elapsed = 00:00:33 . Memory (MB): peak = 602.129 ; gain = 391.676
---------------------------------------------------------------------------------

Report RTL Partitions: 
+-+--------------+------------+----------+
| |RTL Partition |Replication |Instances |
+-+--------------+------------+----------+
+-+--------------+------------+----------+
---------------------------------------------------------------------------------
Start IO Insertion
---------------------------------------------------------------------------------
---------------------------------------------------------------------------------
Start Flattening Before IO Insertion
---------------------------------------------------------------------------------
---------------------------------------------------------------------------------
Finished Flattening Before IO Insertion
---------------------------------------------------------------------------------
---------------------------------------------------------------------------------
Start Final Netlist Cleanup
---------------------------------------------------------------------------------
---------------------------------------------------------------------------------
Finished Final Netlist Cleanup
---------------------------------------------------------------------------------
---------------------------------------------------------------------------------
Finished IO Insertion : Time (s): cpu = 00:00:31 ; elapsed = 00:00:34 . Memory (MB): peak = 602.129 ; gain = 391.676
---------------------------------------------------------------------------------
CRITICAL WARNING: [Synth 8-3352] multi-driven net data_out_re_OBUF[13] with 1st driver pin 'FFT_inst0/m_axis_data_tdata[13]' [E:/Workspace/Vivado_16.4/2017_11_5_FFT/Design/Code/FFT_Control.v:41]
CRITICAL WARNING: [Synth 8-3352] multi-driven net data_out_re_OBUF[13] with 2nd driver pin 'FFT_inst0/m_axis_data_tdata[27]' [E:/Workspace/Vivado_16.4/2017_11_5_FFT/Design/Code/FFT_Control.v:41]
CRITICAL WARNING: [Synth 8-3352] multi-driven net data_out_re_OBUF[12] with 1st driver pin 'FFT_inst0/m_axis_data_tdata[12]' [E:/Workspace/Vivado_16.4/2017_11_5_FFT/Design/Code/FFT_Control.v:41]
CRITICAL WARNING: [Synth 8-3352] multi-driven net data_out_re_OBUF[12] with 2nd driver pin 'FFT_inst0/m_axis_data_tdata[26]' [E:/Workspace/Vivado_16.4/2017_11_5_FFT/Design/Code/FFT_Control.v:41]
CRITICAL WARNING: [Synth 8-3352] multi-driven net data_out_re_OBUF[11] with 1st driver pin 'FFT_inst0/m_axis_data_tdata[11]' [E:/Workspace/Vivado_16.4/2017_11_5_FFT/Design/Code/FFT_Control.v:41]
CRITICAL WARNING: [Synth 8-3352] multi-driven net data_out_re_OBUF[11] with 2nd driver pin 'FFT_inst0/m_axis_data_tdata[25]' [E:/Workspace/Vivado_16.4/2017_11_5_FFT/Design/Code/FFT_Control.v:41]
CRITICAL WARNING: [Synth 8-3352] multi-driven net data_out_re_OBUF[10] with 1st driver pin 'FFT_inst0/m_axis_data_tdata[10]' [E:/Workspace/Vivado_16.4/2017_11_5_FFT/Design/Code/FFT_Control.v:41]
CRITICAL WARNING: [Synth 8-3352] multi-driven net data_out_re_OBUF[10] with 2nd driver pin 'FFT_inst0/m_axis_data_tdata[24]' [E:/Workspace/Vivado_16.4/2017_11_5_FFT/Design/Code/FFT_Control.v:41]
CRITICAL WARNING: [Synth 8-3352] multi-driven net data_out_re_OBUF[9] with 1st driver pin 'FFT_inst0/m_axis_data_tdata[9]' [E:/Workspace/Vivado_16.4/2017_11_5_FFT/Design/Code/FFT_Control.v:41]
CRITICAL WARNING: [Synth 8-3352] multi-driven net data_out_re_OBUF[9] with 2nd driver pin 'FFT_inst0/m_axis_data_tdata[23]' [E:/Workspace/Vivado_16.4/2017_11_5_FFT/Design/Code/FFT_Control.v:41]
CRITICAL WARNING: [Synth 8-3352] multi-driven net data_out_re_OBUF[8] with 1st driver pin 'FFT_inst0/m_axis_data_tdata[8]' [E:/Workspace/Vivado_16.4/2017_11_5_FFT/Design/Code/FFT_Control.v:41]
CRITICAL WARNING: [Synth 8-3352] multi-driven net data_out_re_OBUF[8] with 2nd driver pin 'FFT_inst0/m_axis_data_tdata[22]' [E:/Workspace/Vivado_16.4/2017_11_5_FFT/Design/Code/FFT_Control.v:41]
CRITICAL WARNING: [Synth 8-3352] multi-driven net data_out_re_OBUF[7] with 1st driver pin 'FFT_inst0/m_axis_data_tdata[7]' [E:/Workspace/Vivado_16.4/2017_11_5_FFT/Design/Code/FFT_Control.v:41]
CRITICAL WARNING: [Synth 8-3352] multi-driven net data_out_re_OBUF[7] with 2nd driver pin 'FFT_inst0/m_axis_data_tdata[21]' [E:/Workspace/Vivado_16.4/2017_11_5_FFT/Design/Code/FFT_Control.v:41]
CRITICAL WARNING: [Synth 8-3352] multi-driven net data_out_re_OBUF[6] with 1st driver pin 'FFT_inst0/m_axis_data_tdata[6]' [E:/Workspace/Vivado_16.4/2017_11_5_FFT/Design/Code/FFT_Control.v:41]
CRITICAL WARNING: [Synth 8-3352] multi-driven net data_out_re_OBUF[6] with 2nd driver pin 'FFT_inst0/m_axis_data_tdata[20]' [E:/Workspace/Vivado_16.4/2017_11_5_FFT/Design/Code/FFT_Control.v:41]
CRITICAL WARNING: [Synth 8-3352] multi-driven net data_out_re_OBUF[5] with 1st driver pin 'FFT_inst0/m_axis_data_tdata[5]' [E:/Workspace/Vivado_16.4/2017_11_5_FFT/Design/Code/FFT_Control.v:41]
CRITICAL WARNING: [Synth 8-3352] multi-driven net data_out_re_OBUF[5] with 2nd driver pin 'FFT_inst0/m_axis_data_tdata[19]' [E:/Workspace/Vivado_16.4/2017_11_5_FFT/Design/Code/FFT_Control.v:41]
CRITICAL WARNING: [Synth 8-3352] multi-driven net data_out_re_OBUF[4] with 1st driver pin 'FFT_inst0/m_axis_data_tdata[4]' [E:/Workspace/Vivado_16.4/2017_11_5_FFT/Design/Code/FFT_Control.v:41]
CRITICAL WARNING: [Synth 8-3352] multi-driven net data_out_re_OBUF[4] with 2nd driver pin 'FFT_inst0/m_axis_data_tdata[18]' [E:/Workspace/Vivado_16.4/2017_11_5_FFT/Design/Code/FFT_Control.v:41]
CRITICAL WARNING: [Synth 8-3352] multi-driven net data_out_re_OBUF[3] with 1st driver pin 'FFT_inst0/m_axis_data_tdata[3]' [E:/Workspace/Vivado_16.4/2017_11_5_FFT/Design/Code/FFT_Control.v:41]
CRITICAL WARNING: [Synth 8-3352] multi-driven net data_out_re_OBUF[3] with 2nd driver pin 'FFT_inst0/m_axis_data_tdata[17]' [E:/Workspace/Vivado_16.4/2017_11_5_FFT/Design/Code/FFT_Control.v:41]
CRITICAL WARNING: [Synth 8-3352] multi-driven net data_out_re_OBUF[2] with 1st driver pin 'FFT_inst0/m_axis_data_tdata[2]' [E:/Workspace/Vivado_16.4/2017_11_5_FFT/Design/Code/FFT_Control.v:41]
CRITICAL WARNING: [Synth 8-3352] multi-driven net data_out_re_OBUF[2] with 2nd driver pin 'FFT_inst0/m_axis_data_tdata[16]' [E:/Workspace/Vivado_16.4/2017_11_5_FFT/Design/Code/FFT_Control.v:41]
CRITICAL WARNING: [Synth 8-3352] multi-driven net data_out_re_OBUF[1] with 1st driver pin 'FFT_inst0/m_axis_data_tdata[1]' [E:/Workspace/Vivado_16.4/2017_11_5_FFT/Design/Code/FFT_Control.v:41]
CRITICAL WARNING: [Synth 8-3352] multi-driven net data_out_re_OBUF[1] with 2nd driver pin 'FFT_inst0/m_axis_data_tdata[15]' [E:/Workspace/Vivado_16.4/2017_11_5_FFT/Design/Code/FFT_Control.v:41]
CRITICAL WARNING: [Synth 8-3352] multi-driven net data_out_re_OBUF[0] with 1st driver pin 'FFT_inst0/m_axis_data_tdata[0]' [E:/Workspace/Vivado_16.4/2017_11_5_FFT/Design/Code/FFT_Control.v:41]
CRITICAL WARNING: [Synth 8-3352] multi-driven net data_out_re_OBUF[0] with 2nd driver pin 'FFT_inst0/m_axis_data_tdata[14]' [E:/Workspace/Vivado_16.4/2017_11_5_FFT/Design/Code/FFT_Control.v:41]

Report Check Netlist: 
+------+------------------+-------+---------+-------+------------------+
|      |Item              |Errors |Warnings |Status |Description       |
+------+------------------+-------+---------+-------+------------------+
|1     |multi_driven_nets |      0|       14|Failed |Multi driven nets |
+------+------------------+-------+---------+-------+------------------+
---------------------------------------------------------------------------------
Start Renaming Generated Instances
---------------------------------------------------------------------------------
---------------------------------------------------------------------------------
Finished Renaming Generated Instances : Time (s): cpu = 00:00:31 ; elapsed = 00:00:34 . Memory (MB): peak = 602.129 ; gain = 391.676
---------------------------------------------------------------------------------

Report RTL Partitions: 
+-+--------------+------------+----------+
| |RTL Partition |Replication |Instances |
+-+--------------+------------+----------+
+-+--------------+------------+----------+
---------------------------------------------------------------------------------
Start Rebuilding User Hierarchy
---------------------------------------------------------------------------------
---------------------------------------------------------------------------------
Finished Rebuilding User Hierarchy : Time (s): cpu = 00:00:31 ; elapsed = 00:00:34 . Memory (MB): peak = 602.129 ; gain = 391.676
---------------------------------------------------------------------------------
---------------------------------------------------------------------------------
Start Renaming Generated Ports
---------------------------------------------------------------------------------
---------------------------------------------------------------------------------
Finished Renaming Generated Ports : Time (s): cpu = 00:00:31 ; elapsed = 00:00:34 . Memory (MB): peak = 602.129 ; gain = 391.676
---------------------------------------------------------------------------------
---------------------------------------------------------------------------------
Start Handling Custom Attributes
---------------------------------------------------------------------------------
---------------------------------------------------------------------------------
Finished Handling Custom Attributes : Time (s): cpu = 00:00:31 ; elapsed = 00:00:34 . Memory (MB): peak = 602.129 ; gain = 391.676
---------------------------------------------------------------------------------
---------------------------------------------------------------------------------
Start Renaming Generated Nets
---------------------------------------------------------------------------------
---------------------------------------------------------------------------------
Finished Renaming Generated Nets : Time (s): cpu = 00:00:31 ; elapsed = 00:00:34 . Memory (MB): peak = 602.129 ; gain = 391.676
---------------------------------------------------------------------------------
---------------------------------------------------------------------------------
Start Writing Synthesis Report
---------------------------------------------------------------------------------

Report BlackBoxes: 
+------+--------------+----------+
|      |BlackBox name |Instances |
+------+--------------+----------+
|1     |FFT           |         1|
+------+--------------+----------+

Report Cell Usage: 
+------+------+------+
|      |Cell  |Count |
+------+------+------+
|1     |FFT   |     1|
|2     |BUFG  |     1|
|3     |FDRE  |    14|
|4     |IBUF  |    15|
|5     |OBUF  |    14|
|6     |OBUFT |    14|
+------+------+------+

Report Instance Areas: 
+------+---------+-------+------+
|      |Instance |Module |Cells |
+------+---------+-------+------+
|1     |top      |       |   134|
+------+---------+-------+------+
---------------------------------------------------------------------------------
Finished Writing Synthesis Report : Time (s): cpu = 00:00:31 ; elapsed = 00:00:34 . Memory (MB): peak = 602.129 ; gain = 391.676
---------------------------------------------------------------------------------
Synthesis finished with 0 errors, 28 critical warnings and 14 warnings.
Synthesis Optimization Runtime : Time (s): cpu = 00:00:17 ; elapsed = 00:00:22 . Memory (MB): peak = 602.129 ; gain = 108.988
Synthesis Optimization Complete : Time (s): cpu = 00:00:31 ; elapsed = 00:00:34 . Memory (MB): peak = 602.129 ; gain = 391.676
INFO: [Project 1-571] Translating synthesized netlist
INFO: [Netlist 29-17] Analyzing 15 Unisim elements for replacement
INFO: [Netlist 29-28] Unisim Transformation completed in 0 CPU seconds
INFO: [Project 1-570] Preparing netlist for logic optimization
INFO: [Opt 31-138] Pushed 0 inverter(s) to 0 load pin(s).
INFO: [Project 1-111] Unisim Transformation Summary:
No Unisim elements were transformed.

INFO: [Common 17-83] Releasing license: Synthesis
16 Infos, 30 Warnings, 56 Critical Warnings and 0 Errors encountered.
synth_design completed successfully
synth_design: Time (s): cpu = 00:00:30 ; elapsed = 00:00:32 . Memory (MB): peak = 602.129 ; gain = 381.773
INFO: [Common 17-1381] The checkpoint 'E:/Workspace/Vivado_16.4/2017_11_5_FFT/FFT.runs/synth_1/FFT_Control.dcp' has been generated.
report_utilization: Time (s): cpu = 00:00:00 ; elapsed = 00:00:00.015 . Memory (MB): peak = 602.129 ; gain = 0.000
INFO: [Common 17-206] Exiting Vivado at Mon Nov 13 18:57:51 2017...
